#
# A fatal error has been detected by the Java Runtime Environment:
#
#  EXCEPTION_ACCESS_VIOLATION (0xc0000005) at pc=0x00007ffdb4f10570, pid=6912, tid=10296
#
# JRE version: Java(TM) SE Runtime Environment (14.0+36) (build 14+36-1461)
# Java VM: Java HotSpot(TM) 64-Bit Server VM (14+36-1461, mixed mode, sharing, tiered, compressed oops, g1 gc, windows-amd64)
# Problematic frame:
# V  [jvm.dll+0x6c0570]
#
# No core dump will be written. Minidumps are not enabled by default on client versions of Windows
#
# If you would like to submit a bug report, please visit:
#   https://bugreport.java.com/bugreport/crash.jsp
#

---------------  S U M M A R Y ------------

Command Line: --module-path=C:\Users\Windows\Desktop\JavaStuff\javafx-sdk-15\lib --add-modules=javafx.controls,javafx.fxml,javafx.web,javafx.media --add-exports=javafx.graphics/com.sun.javafx.sg.prism=ALL-UNNAMED --add-modules=javafx.base,javafx.graphics --add-reads=javafx.base=ALL-UNNAMED --add-reads=javafx.graphics=ALL-UNNAMED -javaagent:C:\Program Files\JetBrains\IntelliJ IDEA 2020.1.3\lib\idea_rt.jar=55504:C:\Program Files\JetBrains\IntelliJ IDEA 2020.1.3\bin -Dfile.encoding=UTF-8 sample.Main

Host: Intel(R) Core(TM) i7-6700 CPU @ 3.40GHz, 8 cores, 15G,  Windows 10 , 64 bit Build 18362 (10.0.18362.959)
Time: Sat Jul 18 22:06:46 2020 Pacific Daylight Time elapsed time: 0 seconds (0d 0h 0m 0s)

---------------  T H R E A D  ---------------

Current thread (0x0000021c4f69f800):  JavaThread "JavaFX Application Thread" [_thread_in_vm, id=10296, stack(0x000000b002100000,0x000000b002200000)]

Stack: [0x000000b002100000,0x000000b002200000],  sp=0x000000b0021f8000,  free space=992k
Native frames: (J=compiled Java code, j=interpreted, Vv=VM code, C=native code)
V  [jvm.dll+0x6c0570]
V  [jvm.dll+0x6c238c]
V  [jvm.dll+0x6c22f3]
V  [jvm.dll+0x1b824a]
V  [jvm.dll+0x1b6aea]
V  [jvm.dll+0x1bc0c5]
V  [jvm.dll+0x1b0c2e]
V  [jvm.dll+0x4d3632]
V  [jvm.dll+0x6cc799]
V  [jvm.dll+0x3b49c0]
V  [jvm.dll+0x3b97ad]
C  [java.dll+0x1970]

Java frames: (J=compiled Java code, j=interpreted, Vv=VM code)
j  java.lang.ClassLoader.defineClass1(Ljava/lang/ClassLoader;Ljava/lang/String;[BIILjava/security/ProtectionDomain;Ljava/lang/String;)Ljava/lang/Class;+0 java.base@14
j  java.lang.ClassLoader.defineClass(Ljava/lang/String;[BIILjava/security/ProtectionDomain;)Ljava/lang/Class;+27 java.base@14
j  java.security.SecureClassLoader.defineClass(Ljava/lang/String;[BIILjava/security/CodeSource;)Ljava/lang/Class;+12 java.base@14
j  jdk.internal.loader.BuiltinClassLoader.defineClass(Ljava/lang/String;Ljdk/internal/loader/Resource;)Ljava/lang/Class;+117 java.base@14
j  jdk.internal.loader.BuiltinClassLoader.findClassOnClassPathOrNull(Ljava/lang/String;)Ljava/lang/Class;+37 java.base@14
J 697 c1 jdk.internal.loader.BuiltinClassLoader.loadClassOrNull(Ljava/lang/String;Z)Ljava/lang/Class; java.base@14 (143 bytes) @ 0x0000021c32ab5cd4 [0x0000021c32ab47c0+0x0000000000001514]
j  jdk.internal.loader.BuiltinClassLoader.loadClass(Ljava/lang/String;Z)Ljava/lang/Class;+3 java.base@14
j  jdk.internal.loader.ClassLoaders$AppClassLoader.loadClass(Ljava/lang/String;Z)Ljava/lang/Class;+36 java.base@14
J 700 c1 java.lang.ClassLoader.loadClass(Ljava/lang/String;)Ljava/lang/Class; java.base@14 (7 bytes) @ 0x0000021c32ab76ec [0x0000021c32ab75c0+0x000000000000012c]
v  ~StubRoutines::call_stub
j  java.lang.Class.forName0(Ljava/lang/String;ZLjava/lang/ClassLoader;Ljava/lang/Class;)Ljava/lang/Class;+0 java.base@14
j  java.lang.Class.forName(Ljava/lang/String;ZLjava/lang/ClassLoader;)Ljava/lang/Class;+43 java.base@14
j  com.sun.javafx.application.LauncherImpl.loadClass(Lcom/sun/javafx/application/ModuleAccess;Ljava/lang/String;)Ljava/lang/Class;+25 javafx.graphics
j  com.sun.javafx.application.LauncherImpl.lambda$launchApplicationWithArgs$3(Lcom/sun/javafx/application/ModuleAccess;Ljava/lang/String;Ljava/util/concurrent/atomic/AtomicReference;Ljava/lang/String;Ljava/util/concurrent/atomic/AtomicReference;)V+2 javafx.graphics
j  com.sun.javafx.application.LauncherImpl$$Lambda$99.run()V+20 javafx.graphics
j  com.sun.javafx.application.PlatformImpl.lambda$runAndWait$12(Ljava/lang/Runnable;Ljava/util/concurrent/CountDownLatch;)V+1 javafx.graphics
j  com.sun.javafx.application.PlatformImpl$$Lambda$101.run()V+8 javafx.graphics
j  com.sun.javafx.application.PlatformImpl.lambda$runLater$10(Ljava/lang/Runnable;)Ljava/lang/Void;+1 javafx.graphics
j  com.sun.javafx.application.PlatformImpl$$Lambda$103.run()Ljava/lang/Object;+4 javafx.graphics
j  java.security.AccessController.executePrivileged(Ljava/security/PrivilegedAction;Ljava/security/AccessControlContext;Ljava/lang/Class;)Ljava/lang/Object;+29 java.base@14
j  java.security.AccessController.doPrivileged(Ljava/security/PrivilegedAction;Ljava/security/AccessControlContext;)Ljava/lang/Object;+13 java.base@14
j  com.sun.javafx.application.PlatformImpl.lambda$runLater$11(Ljava/lang/Runnable;Ljava/security/AccessControlContext;)V+7 javafx.graphics
j  com.sun.javafx.application.PlatformImpl$$Lambda$102.run()V+8 javafx.graphics
j  com.sun.glass.ui.InvokeLaterDispatcher$Future.run()V+4 javafx.graphics
v  ~StubRoutines::call_stub
j  com.sun.glass.ui.win.WinApplication._runLoop(Ljava/lang/Runnable;)V+0 javafx.graphics
j  com.sun.glass.ui.win.WinApplication.lambda$runLoop$3(ILjava/lang/Runnable;)V+8 javafx.graphics
j  com.sun.glass.ui.win.WinApplication$$Lambda$91.run()V+12 javafx.graphics
j  java.lang.Thread.run()V+11 java.base@14
v  ~StubRoutines::call_stub

siginfo: EXCEPTION_ACCESS_VIOLATION (0xc0000005), reading address 0x0000008000000008


Register to memory mapping:

RIP=0x00007ffdb4f10570 jvm.dll
RAX=0x0000000000000002 is an unknown value
RBX=0x0000008000000000 is an unknown value
RCX=0x00000000000015e2 is an unknown value
RDX=0x000000005d9315e2 is an unknown value
RSP=0x000000b0021f8000 is pointing into the stack for thread: 0x0000021c4f69f800
RBP=0x000000b0021f8090 is pointing into the stack for thread: 0x0000021c4f69f800
RSI=0x0000000000000001 is an unknown value
RDI=0x0 is NULL
R8 =0x0 is NULL
R9 =0x0000021c4f8fcc00 points into unknown readable memory: 02 00 0d 00 5a 6f 5f 72
R10=0x0000000000000008 is an unknown value
R11=0x000000b0021f80b8 is pointing into the stack for thread: 0x0000021c4f69f800
R12=0x0 is NULL
R13=0x0000000000000001 is an unknown value
R14=0x0000021c4d8e90f0 points into unknown readable memory: 00 00 00 00 00 00 00 00
R15=0x0000021c4f69f800 is a thread


Registers:
RAX=0x0000000000000002, RBX=0x0000008000000000, RCX=0x00000000000015e2, RDX=0x000000005d9315e2
RSP=0x000000b0021f8000, RBP=0x000000b0021f8090, RSI=0x0000000000000001, RDI=0x0000000000000000
R8 =0x0000000000000000, R9 =0x0000021c4f8fcc00, R10=0x0000000000000008, R11=0x000000b0021f80b8
R12=0x0000000000000000, R13=0x0000000000000001, R14=0x0000021c4d8e90f0, R15=0x0000021c4f69f800
RIP=0x00007ffdb4f10570, EFLAGS=0x0000000000010206

Top of Stack: (sp=0x000000b0021f8000)
0x000000b0021f8000:   000000b0021f80a8 000000b0021f80a0
0x000000b0021f8010:   0000021c4f2a5830 00007ffdb4eca415
0x000000b0021f8020:   0000021c4e0565e0 0000000000000178
0x000000b0021f8030:   000000b0021f85c0 0000000000000178
0x000000b0021f8040:   000000000000000e 0000021c4f34d74a
0x000000b0021f8050:   000000b0021f81f0 00007ffdb4f1238c
0x000000b0021f8060:   0000000000000000 000000005d9315e2
0x000000b0021f8070:   000000b0021f8180 000000b0021f80c0
0x000000b0021f8080:   000000b0021f80c8 00007ffdb4f125fd
0x000000b0021f8090:   00000000d7abc7a9 000000005d9315e2
0x000000b0021f80a0:   0000021c0000000e 0000021c4f34d74a
0x000000b0021f80b0:   0000000000000015 00007ffdb4f122f3
0x000000b0021f80c0:   0000000000000000 0000021c4f34d700
0x000000b0021f80d0:   000000000000016d 0000021c4e0565e0
0x000000b0021f80e0:   0000021c4f69f800 00007ffdb4a0824a
0x000000b0021f80f0:   000000000000000e 0000021c4f34d74a 

Instructions: (pc=0x00007ffdb4f10570)
0x00007ffdb4f10470:   8b 6c 24 20 45 33 f6 48 8b 7c 24 48 48 8b 74 24
0x00007ffdb4f10480:   50 4c 3b ff 0f 82 76 fd ff ff 4c 8b b4 24 b8 08
0x00007ffdb4f10490:   00 00 49 89 9d 08 01 00 00 48 8b 8c 24 60 08 00
0x00007ffdb4f104a0:   00 48 33 cc e8 97 32 0d 00 48 81 c4 70 08 00 00
0x00007ffdb4f104b0:   41 5f 41 5d 41 5c 5f 5e 5d 5b c3 cc cc cc cc cc
0x00007ffdb4f104c0:   48 89 5c 24 10 4c 89 4c 24 20 55 56 57 41 54 41
0x00007ffdb4f104d0:   55 41 56 41 57 48 83 ec 20 4c 8b a2 08 01 00 00
0x00007ffdb4f104e0:   4d 8b e9 49 8b e8 4c 8b fa 4c 8b f1 49 8b c4 41
0x00007ffdb4f104f0:   f6 c4 01 75 0b 48 8b 05 44 0b 38 00 48 83 c8 01
0x00007ffdb4f10500:   48 89 82 08 01 00 00 e8 74 9b f2 ff 49 8b 46 48
0x00007ffdb4f10510:   45 33 c0 48 85 c0 74 0c 4d 89 46 48 e8 5f 9b f2
0x00007ffdb4f10520:   ff 45 33 c0 49 8b 46 08 40 32 ff 48 8b 55 08 48
0x00007ffdb4f10530:   8b 48 18 48 8b 00 48 23 ca 48 8d 1c c8 48 8b 04
0x00007ffdb4f10540:   c8 d0 e8 a8 01 74 12 49 8b 46 10 48 8b 48 18 48
0x00007ffdb4f10550:   8b 00 48 23 ca 48 8d 1c c8 48 8b 1b 49 8b f0 48
0x00007ffdb4f10560:   83 e3 fc 74 7b 41 bd 01 00 00 00 0f 1f 44 00 00
0x00007ffdb4f10570:   4c 8b 4b 08 48 ff c6 41 8b 01 c1 e8 10 3b 45 10
0x00007ffdb4f10580:   75 36 85 c0 74 24 4c 8b 45 18 49 8b c9 49 03 c0
0x00007ffdb4f10590:   49 2b c8 0f b6 54 01 05 48 ff c8 38 10 75 19 48
0x00007ffdb4f105a0:   8b d0 49 2b d0 48 85 d2 7f e9 49 8b c9 e8 0e f8
0x00007ffdb4f105b0:   ff ff 84 c0 75 22 eb 0a 41 8b 01 0f b7 c0 85 c0
0x00007ffdb4f105c0:   75 0e 40 84 ff 40 0f b6 c7 41 0f 44 c5 0f b6 f8
0x00007ffdb4f105d0:   48 8b 1b 48 85 db 75 98 4c 8b 6c 24 78 45 33 c0
0x00007ffdb4f105e0:   48 8b 94 24 80 00 00 00 48 8d 4b 08 48 85 db 48
0x00007ffdb4f105f0:   89 74 24 60 49 0f 44 c8 48 85 d2 74 09 49 3b 76
0x00007ffdb4f10600:   28 0f 97 c0 88 02 48 85 c9 74 0b 48 8b 01 49 89
0x00007ffdb4f10610:   45 00 b0 01 eb 02 32 c0 48 8b 5c 24 68 4d 89 a7
0x00007ffdb4f10620:   08 01 00 00 48 83 c4 20 41 5f 41 5e 41 5d 41 5c
0x00007ffdb4f10630:   5f 5e 5d c3 cc cc cc cc cc cc cc cc cc cc cc cc
0x00007ffdb4f10640:   4c 89 44 24 18 48 89 54 24 10 48 89 4c 24 08 53
0x00007ffdb4f10650:   55 56 57 41 54 41 55 41 56 41 57 48 83 ec 48 49
0x00007ffdb4f10660:   8b 68 08 4c 8b f9 33 c9 48 c7 44 24 30 00 00 00 


Stack slot to memory mapping:
stack at sp + 0 slots: 0x000000b0021f80a8 is pointing into the stack for thread: 0x0000021c4f69f800
stack at sp + 1 slots: 0x000000b0021f80a0 is pointing into the stack for thread: 0x0000021c4f69f800
stack at sp + 2 slots: 0x0000021c4f2a5830 points into unknown readable memory: 01 00 17 00 b3 a8 49 6d
stack at sp + 3 slots: 0x00007ffdb4eca415 jvm.dll
stack at sp + 4 slots: 0x0000021c4e0565e0 is pointing into metadata
stack at sp + 5 slots: 0x0000000000000178 is an unknown value
stack at sp + 6 slots: 0x000000b0021f85c0 is pointing into the stack for thread: 0x0000021c4f69f800
stack at sp + 7 slots: 0x0000000000000178 is an unknown value


---------------  P R O C E S S  ---------------

Threads class SMR info:
_java_thread_list=0x0000021c4f2a5890, length=17, elements={
0x0000021c29c7f800, 0x0000021c4da20000, 0x0000021c4da21000, 0x0000021c4e2bb000,
0x0000021c4e2bf800, 0x0000021c4e2c0800, 0x0000021c4e2cb800, 0x0000021c4e2db800,
0x0000021c4e2ef000, 0x0000021c4e40d000, 0x0000021c4e428800, 0x0000021c4ef2e000,
0x0000021c4e8b1000, 0x0000021c4e926000, 0x0000021c4f3dc800, 0x0000021c4f69f800,
0x0000021c4f9c4000
}

Java Threads: ( => current thread )
  0x0000021c29c7f800 JavaThread "main" [_thread_blocked, id=1944, stack(0x000000b000900000,0x000000b000a00000)]
  0x0000021c4da20000 JavaThread "Reference Handler" daemon [_thread_blocked, id=10624, stack(0x000000b001000000,0x000000b001100000)]
  0x0000021c4da21000 JavaThread "Finalizer" daemon [_thread_blocked, id=6620, stack(0x000000b001100000,0x000000b001200000)]
  0x0000021c4e2bb000 JavaThread "Signal Dispatcher" daemon [_thread_blocked, id=10600, stack(0x000000b001200000,0x000000b001300000)]
  0x0000021c4e2bf800 JavaThread "Attach Listener" daemon [_thread_blocked, id=3436, stack(0x000000b001300000,0x000000b001400000)]
  0x0000021c4e2c0800 JavaThread "Service Thread" daemon [_thread_blocked, id=944, stack(0x000000b001400000,0x000000b001500000)]
  0x0000021c4e2cb800 JavaThread "C2 CompilerThread0" daemon [_thread_blocked, id=9896, stack(0x000000b001500000,0x000000b001600000)]
  0x0000021c4e2db800 JavaThread "C1 CompilerThread0" daemon [_thread_blocked, id=5332, stack(0x000000b001600000,0x000000b001700000)]
  0x0000021c4e2ef000 JavaThread "Sweeper thread" daemon [_thread_blocked, id=5012, stack(0x000000b001700000,0x000000b001800000)]
  0x0000021c4e40d000 JavaThread "Common-Cleaner" daemon [_thread_blocked, id=3080, stack(0x000000b001800000,0x000000b001900000)]
  0x0000021c4e428800 JavaThread "C2 CompilerThread1" daemon [_thread_blocked, id=3132, stack(0x000000b001900000,0x000000b001a00000)]
  0x0000021c4ef2e000 JavaThread "Monitor Ctrl-Break" daemon [_thread_in_native, id=6172, stack(0x000000b001b00000,0x000000b001c00000)]
  0x0000021c4e8b1000 JavaThread "Notification Thread" daemon [_thread_blocked, id=9472, stack(0x000000b001c00000,0x000000b001d00000)]
  0x0000021c4e926000 JavaThread "QuantumRenderer-0" daemon [_thread_blocked, id=6668, stack(0x000000b001e00000,0x000000b001f00000)]
  0x0000021c4f3dc800 JavaThread "InvokeLaterDispatcher" daemon [_thread_blocked, id=11548, stack(0x000000b002000000,0x000000b002100000)]
=>0x0000021c4f69f800 JavaThread "JavaFX Application Thread" [_thread_in_vm, id=10296, stack(0x000000b002100000,0x000000b002200000)]
  0x0000021c4f9c4000 JavaThread "Thread-1" daemon [_thread_in_native, id=3000, stack(0x000000b001a00000,0x000000b001b00000)]

Other Threads:
  0x0000021c4da18000 VMThread "VM Thread" [stack: 0x000000b000f00000,0x000000b001000000] [id=7856]
  0x0000021c4e4f0000 WatcherThread [stack: 0x000000b001d00000,0x000000b001e00000] [id=4736]
  0x0000021c29ce8000 GCTaskThread "GC Thread#0" [stack: 0x000000b000a00000,0x000000b000b00000] [id=396]
  0x0000021c29d0a000 ConcurrentGCThread "G1 Main Marker" [stack: 0x000000b000b00000,0x000000b000c00000] [id=2672]
  0x0000021c29d0b000 ConcurrentGCThread "G1 Conc#0" [stack: 0x000000b000c00000,0x000000b000d00000] [id=8800]
  0x0000021c4d90b000 ConcurrentGCThread "G1 Refine#0" [stack: 0x000000b000d00000,0x000000b000e00000] [id=9176]
  0x0000021c4d90c000 ConcurrentGCThread "G1 Young RemSet Sampling" [stack: 0x000000b000e00000,0x000000b000f00000] [id=1264]

Threads with active compile tasks:

VM state:not at safepoint (normal execution)

VM Mutex/Monitor currently owned by a thread: None

Heap address: 0x0000000701a00000, size: 4070 MB, Compressed Oops mode: Zero based, Oop shift amount: 3
Narrow klass base: 0x0000000800000000, Narrow klass shift: 3
Compressed class space size: 1073741824 Address: 0x0000000800b30000

Heap:
 garbage-first heap   total 262144K, used 15360K [0x0000000701a00000, 0x0000000800000000)
  region size 1024K, 17 young (17408K), 0 survivors (0K)
 Metaspace       used 4300K, capacity 7041K, committed 7168K, reserved 1056768K
  class space    used 471K, capacity 759K, committed 768K, reserved 1048576K
Heap Regions: E=young(eden), S=young(survivor), O=old, HS=humongous(starts), HC=humongous(continues), CS=collection set, F=free, OA=open archive, CA=closed archive, TAMS=top-at-mark-start (previous, next)
|   0|0x0000000701a00000, 0x0000000701a00000, 0x0000000701b00000|  0%| F|  |TAMS 0x0000000701a00000, 0x0000000701a00000| Untracked 
|   1|0x0000000701b00000, 0x0000000701b00000, 0x0000000701c00000|  0%| F|  |TAMS 0x0000000701b00000, 0x0000000701b00000| Untracked 
|   2|0x0000000701c00000, 0x0000000701c00000, 0x0000000701d00000|  0%| F|  |TAMS 0x0000000701c00000, 0x0000000701c00000| Untracked 
|   3|0x0000000701d00000, 0x0000000701d00000, 0x0000000701e00000|  0%| F|  |TAMS 0x0000000701d00000, 0x0000000701d00000| Untracked 
|   4|0x0000000701e00000, 0x0000000701e00000, 0x0000000701f00000|  0%| F|  |TAMS 0x0000000701e00000, 0x0000000701e00000| Untracked 
|   5|0x0000000701f00000, 0x0000000701f00000, 0x0000000702000000|  0%| F|  |TAMS 0x0000000701f00000, 0x0000000701f00000| Untracked 
|   6|0x0000000702000000, 0x0000000702000000, 0x0000000702100000|  0%| F|  |TAMS 0x0000000702000000, 0x0000000702000000| Untracked 
|   7|0x0000000702100000, 0x0000000702100000, 0x0000000702200000|  0%| F|  |TAMS 0x0000000702100000, 0x0000000702100000| Untracked 
|   8|0x0000000702200000, 0x0000000702200000, 0x0000000702300000|  0%| F|  |TAMS 0x0000000702200000, 0x0000000702200000| Untracked 
|   9|0x0000000702300000, 0x0000000702300000, 0x0000000702400000|  0%| F|  |TAMS 0x0000000702300000, 0x0000000702300000| Untracked 
|  10|0x0000000702400000, 0x0000000702400000, 0x0000000702500000|  0%| F|  |TAMS 0x0000000702400000, 0x0000000702400000| Untracked 
|  11|0x0000000702500000, 0x0000000702500000, 0x0000000702600000|  0%| F|  |TAMS 0x0000000702500000, 0x0000000702500000| Untracked 
|  12|0x0000000702600000, 0x0000000702600000, 0x0000000702700000|  0%| F|  |TAMS 0x0000000702600000, 0x0000000702600000| Untracked 
|  13|0x0000000702700000, 0x0000000702700000, 0x0000000702800000|  0%| F|  |TAMS 0x0000000702700000, 0x0000000702700000| Untracked 
|  14|0x0000000702800000, 0x0000000702800000, 0x0000000702900000|  0%| F|  |TAMS 0x0000000702800000, 0x0000000702800000| Untracked 
|  15|0x0000000702900000, 0x0000000702900000, 0x0000000702a00000|  0%| F|  |TAMS 0x0000000702900000, 0x0000000702900000| Untracked 
|  16|0x0000000702a00000, 0x0000000702a00000, 0x0000000702b00000|  0%| F|  |TAMS 0x0000000702a00000, 0x0000000702a00000| Untracked 
|  17|0x0000000702b00000, 0x0000000702b00000, 0x0000000702c00000|  0%| F|  |TAMS 0x0000000702b00000, 0x0000000702b00000| Untracked 
|  18|0x0000000702c00000, 0x0000000702c00000, 0x0000000702d00000|  0%| F|  |TAMS 0x0000000702c00000, 0x0000000702c00000| Untracked 
|  19|0x0000000702d00000, 0x0000000702d00000, 0x0000000702e00000|  0%| F|  |TAMS 0x0000000702d00000, 0x0000000702d00000| Untracked 
|  20|0x0000000702e00000, 0x0000000702e00000, 0x0000000702f00000|  0%| F|  |TAMS 0x0000000702e00000, 0x0000000702e00000| Untracked 
|  21|0x0000000702f00000, 0x0000000702f00000, 0x0000000703000000|  0%| F|  |TAMS 0x0000000702f00000, 0x0000000702f00000| Untracked 
|  22|0x0000000703000000, 0x0000000703000000, 0x0000000703100000|  0%| F|  |TAMS 0x0000000703000000, 0x0000000703000000| Untracked 
|  23|0x0000000703100000, 0x0000000703100000, 0x0000000703200000|  0%| F|  |TAMS 0x0000000703100000, 0x0000000703100000| Untracked 
|  24|0x0000000703200000, 0x0000000703200000, 0x0000000703300000|  0%| F|  |TAMS 0x0000000703200000, 0x0000000703200000| Untracked 
|  25|0x0000000703300000, 0x0000000703300000, 0x0000000703400000|  0%| F|  |TAMS 0x0000000703300000, 0x0000000703300000| Untracked 
|  26|0x0000000703400000, 0x0000000703400000, 0x0000000703500000|  0%| F|  |TAMS 0x0000000703400000, 0x0000000703400000| Untracked 
|  27|0x0000000703500000, 0x0000000703500000, 0x0000000703600000|  0%| F|  |TAMS 0x0000000703500000, 0x0000000703500000| Untracked 
|  28|0x0000000703600000, 0x0000000703600000, 0x0000000703700000|  0%| F|  |TAMS 0x0000000703600000, 0x0000000703600000| Untracked 
|  29|0x0000000703700000, 0x0000000703700000, 0x0000000703800000|  0%| F|  |TAMS 0x0000000703700000, 0x0000000703700000| Untracked 
|  30|0x0000000703800000, 0x0000000703800000, 0x0000000703900000|  0%| F|  |TAMS 0x0000000703800000, 0x0000000703800000| Untracked 
|  31|0x0000000703900000, 0x0000000703900000, 0x0000000703a00000|  0%| F|  |TAMS 0x0000000703900000, 0x0000000703900000| Untracked 
|  32|0x0000000703a00000, 0x0000000703a00000, 0x0000000703b00000|  0%| F|  |TAMS 0x0000000703a00000, 0x0000000703a00000| Untracked 
|  33|0x0000000703b00000, 0x0000000703b00000, 0x0000000703c00000|  0%| F|  |TAMS 0x0000000703b00000, 0x0000000703b00000| Untracked 
|  34|0x0000000703c00000, 0x0000000703c00000, 0x0000000703d00000|  0%| F|  |TAMS 0x0000000703c00000, 0x0000000703c00000| Untracked 
|  35|0x0000000703d00000, 0x0000000703d00000, 0x0000000703e00000|  0%| F|  |TAMS 0x0000000703d00000, 0x0000000703d00000| Untracked 
|  36|0x0000000703e00000, 0x0000000703e00000, 0x0000000703f00000|  0%| F|  |TAMS 0x0000000703e00000, 0x0000000703e00000| Untracked 
|  37|0x0000000703f00000, 0x0000000703f00000, 0x0000000704000000|  0%| F|  |TAMS 0x0000000703f00000, 0x0000000703f00000| Untracked 
|  38|0x0000000704000000, 0x0000000704000000, 0x0000000704100000|  0%| F|  |TAMS 0x0000000704000000, 0x0000000704000000| Untracked 
|  39|0x0000000704100000, 0x0000000704100000, 0x0000000704200000|  0%| F|  |TAMS 0x0000000704100000, 0x0000000704100000| Untracked 
|  40|0x0000000704200000, 0x0000000704200000, 0x0000000704300000|  0%| F|  |TAMS 0x0000000704200000, 0x0000000704200000| Untracked 
|  41|0x0000000704300000, 0x0000000704300000, 0x0000000704400000|  0%| F|  |TAMS 0x0000000704300000, 0x0000000704300000| Untracked 
|  42|0x0000000704400000, 0x0000000704400000, 0x0000000704500000|  0%| F|  |TAMS 0x0000000704400000, 0x0000000704400000| Untracked 
|  43|0x0000000704500000, 0x0000000704500000, 0x0000000704600000|  0%| F|  |TAMS 0x0000000704500000, 0x0000000704500000| Untracked 
|  44|0x0000000704600000, 0x0000000704600000, 0x0000000704700000|  0%| F|  |TAMS 0x0000000704600000, 0x0000000704600000| Untracked 
|  45|0x0000000704700000, 0x0000000704700000, 0x0000000704800000|  0%| F|  |TAMS 0x0000000704700000, 0x0000000704700000| Untracked 
|  46|0x0000000704800000, 0x0000000704800000, 0x0000000704900000|  0%| F|  |TAMS 0x0000000704800000, 0x0000000704800000| Untracked 
|  47|0x0000000704900000, 0x0000000704900000, 0x0000000704a00000|  0%| F|  |TAMS 0x0000000704900000, 0x0000000704900000| Untracked 
|  48|0x0000000704a00000, 0x0000000704a00000, 0x0000000704b00000|  0%| F|  |TAMS 0x0000000704a00000, 0x0000000704a00000| Untracked 
|  49|0x0000000704b00000, 0x0000000704b00000, 0x0000000704c00000|  0%| F|  |TAMS 0x0000000704b00000, 0x0000000704b00000| Untracked 
|  50|0x0000000704c00000, 0x0000000704c00000, 0x0000000704d00000|  0%| F|  |TAMS 0x0000000704c00000, 0x0000000704c00000| Untracked 
|  51|0x0000000704d00000, 0x0000000704d00000, 0x0000000704e00000|  0%| F|  |TAMS 0x0000000704d00000, 0x0000000704d00000| Untracked 
|  52|0x0000000704e00000, 0x0000000704e00000, 0x0000000704f00000|  0%| F|  |TAMS 0x0000000704e00000, 0x0000000704e00000| Untracked 
|  53|0x0000000704f00000, 0x0000000704f00000, 0x0000000705000000|  0%| F|  |TAMS 0x0000000704f00000, 0x0000000704f00000| Untracked 
|  54|0x0000000705000000, 0x0000000705000000, 0x0000000705100000|  0%| F|  |TAMS 0x0000000705000000, 0x0000000705000000| Untracked 
|  55|0x0000000705100000, 0x0000000705100000, 0x0000000705200000|  0%| F|  |TAMS 0x0000000705100000, 0x0000000705100000| Untracked 
|  56|0x0000000705200000, 0x0000000705200000, 0x0000000705300000|  0%| F|  |TAMS 0x0000000705200000, 0x0000000705200000| Untracked 
|  57|0x0000000705300000, 0x0000000705300000, 0x0000000705400000|  0%| F|  |TAMS 0x0000000705300000, 0x0000000705300000| Untracked 
|  58|0x0000000705400000, 0x0000000705400000, 0x0000000705500000|  0%| F|  |TAMS 0x0000000705400000, 0x0000000705400000| Untracked 
|  59|0x0000000705500000, 0x0000000705500000, 0x0000000705600000|  0%| F|  |TAMS 0x0000000705500000, 0x0000000705500000| Untracked 
|  60|0x0000000705600000, 0x0000000705600000, 0x0000000705700000|  0%| F|  |TAMS 0x0000000705600000, 0x0000000705600000| Untracked 
|  61|0x0000000705700000, 0x0000000705700000, 0x0000000705800000|  0%| F|  |TAMS 0x0000000705700000, 0x0000000705700000| Untracked 
|  62|0x0000000705800000, 0x0000000705800000, 0x0000000705900000|  0%| F|  |TAMS 0x0000000705800000, 0x0000000705800000| Untracked 
|  63|0x0000000705900000, 0x0000000705900000, 0x0000000705a00000|  0%| F|  |TAMS 0x0000000705900000, 0x0000000705900000| Untracked 
|  64|0x0000000705a00000, 0x0000000705a00000, 0x0000000705b00000|  0%| F|  |TAMS 0x0000000705a00000, 0x0000000705a00000| Untracked 
|  65|0x0000000705b00000, 0x0000000705b00000, 0x0000000705c00000|  0%| F|  |TAMS 0x0000000705b00000, 0x0000000705b00000| Untracked 
|  66|0x0000000705c00000, 0x0000000705c00000, 0x0000000705d00000|  0%| F|  |TAMS 0x0000000705c00000, 0x0000000705c00000| Untracked 
|  67|0x0000000705d00000, 0x0000000705d00000, 0x0000000705e00000|  0%| F|  |TAMS 0x0000000705d00000, 0x0000000705d00000| Untracked 
|  68|0x0000000705e00000, 0x0000000705e00000, 0x0000000705f00000|  0%| F|  |TAMS 0x0000000705e00000, 0x0000000705e00000| Untracked 
|  69|0x0000000705f00000, 0x0000000705f00000, 0x0000000706000000|  0%| F|  |TAMS 0x0000000705f00000, 0x0000000705f00000| Untracked 
|  70|0x0000000706000000, 0x0000000706000000, 0x0000000706100000|  0%| F|  |TAMS 0x0000000706000000, 0x0000000706000000| Untracked 
|  71|0x0000000706100000, 0x0000000706100000, 0x0000000706200000|  0%| F|  |TAMS 0x0000000706100000, 0x0000000706100000| Untracked 
|  72|0x0000000706200000, 0x0000000706200000, 0x0000000706300000|  0%| F|  |TAMS 0x0000000706200000, 0x0000000706200000| Untracked 
|  73|0x0000000706300000, 0x0000000706300000, 0x0000000706400000|  0%| F|  |TAMS 0x0000000706300000, 0x0000000706300000| Untracked 
|  74|0x0000000706400000, 0x0000000706400000, 0x0000000706500000|  0%| F|  |TAMS 0x0000000706400000, 0x0000000706400000| Untracked 
|  75|0x0000000706500000, 0x0000000706500000, 0x0000000706600000|  0%| F|  |TAMS 0x0000000706500000, 0x0000000706500000| Untracked 
|  76|0x0000000706600000, 0x0000000706600000, 0x0000000706700000|  0%| F|  |TAMS 0x0000000706600000, 0x0000000706600000| Untracked 
|  77|0x0000000706700000, 0x0000000706700000, 0x0000000706800000|  0%| F|  |TAMS 0x0000000706700000, 0x0000000706700000| Untracked 
|  78|0x0000000706800000, 0x0000000706800000, 0x0000000706900000|  0%| F|  |TAMS 0x0000000706800000, 0x0000000706800000| Untracked 
|  79|0x0000000706900000, 0x0000000706900000, 0x0000000706a00000|  0%| F|  |TAMS 0x0000000706900000, 0x0000000706900000| Untracked 
|  80|0x0000000706a00000, 0x0000000706a00000, 0x0000000706b00000|  0%| F|  |TAMS 0x0000000706a00000, 0x0000000706a00000| Untracked 
|  81|0x0000000706b00000, 0x0000000706b00000, 0x0000000706c00000|  0%| F|  |TAMS 0x0000000706b00000, 0x0000000706b00000| Untracked 
|  82|0x0000000706c00000, 0x0000000706c00000, 0x0000000706d00000|  0%| F|  |TAMS 0x0000000706c00000, 0x0000000706c00000| Untracked 
|  83|0x0000000706d00000, 0x0000000706d00000, 0x0000000706e00000|  0%| F|  |TAMS 0x0000000706d00000, 0x0000000706d00000| Untracked 
|  84|0x0000000706e00000, 0x0000000706e00000, 0x0000000706f00000|  0%| F|  |TAMS 0x0000000706e00000, 0x0000000706e00000| Untracked 
|  85|0x0000000706f00000, 0x0000000706f00000, 0x0000000707000000|  0%| F|  |TAMS 0x0000000706f00000, 0x0000000706f00000| Untracked 
|  86|0x0000000707000000, 0x0000000707000000, 0x0000000707100000|  0%| F|  |TAMS 0x0000000707000000, 0x0000000707000000| Untracked 
|  87|0x0000000707100000, 0x0000000707100000, 0x0000000707200000|  0%| F|  |TAMS 0x0000000707100000, 0x0000000707100000| Untracked 
|  88|0x0000000707200000, 0x0000000707200000, 0x0000000707300000|  0%| F|  |TAMS 0x0000000707200000, 0x0000000707200000| Untracked 
|  89|0x0000000707300000, 0x0000000707300000, 0x0000000707400000|  0%| F|  |TAMS 0x0000000707300000, 0x0000000707300000| Untracked 
|  90|0x0000000707400000, 0x0000000707400000, 0x0000000707500000|  0%| F|  |TAMS 0x0000000707400000, 0x0000000707400000| Untracked 
|  91|0x0000000707500000, 0x0000000707500000, 0x0000000707600000|  0%| F|  |TAMS 0x0000000707500000, 0x0000000707500000| Untracked 
|  92|0x0000000707600000, 0x0000000707600000, 0x0000000707700000|  0%| F|  |TAMS 0x0000000707600000, 0x0000000707600000| Untracked 
|  93|0x0000000707700000, 0x0000000707700000, 0x0000000707800000|  0%| F|  |TAMS 0x0000000707700000, 0x0000000707700000| Untracked 
|  94|0x0000000707800000, 0x0000000707800000, 0x0000000707900000|  0%| F|  |TAMS 0x0000000707800000, 0x0000000707800000| Untracked 
|  95|0x0000000707900000, 0x0000000707900000, 0x0000000707a00000|  0%| F|  |TAMS 0x0000000707900000, 0x0000000707900000| Untracked 
|  96|0x0000000707a00000, 0x0000000707a00000, 0x0000000707b00000|  0%| F|  |TAMS 0x0000000707a00000, 0x0000000707a00000| Untracked 
|  97|0x0000000707b00000, 0x0000000707b00000, 0x0000000707c00000|  0%| F|  |TAMS 0x0000000707b00000, 0x0000000707b00000| Untracked 
|  98|0x0000000707c00000, 0x0000000707c00000, 0x0000000707d00000|  0%| F|  |TAMS 0x0000000707c00000, 0x0000000707c00000| Untracked 
|  99|0x0000000707d00000, 0x0000000707d00000, 0x0000000707e00000|  0%| F|  |TAMS 0x0000000707d00000, 0x0000000707d00000| Untracked 
| 100|0x0000000707e00000, 0x0000000707e00000, 0x0000000707f00000|  0%| F|  |TAMS 0x0000000707e00000, 0x0000000707e00000| Untracked 
| 101|0x0000000707f00000, 0x0000000707f00000, 0x0000000708000000|  0%| F|  |TAMS 0x0000000707f00000, 0x0000000707f00000| Untracked 
| 102|0x0000000708000000, 0x0000000708000000, 0x0000000708100000|  0%| F|  |TAMS 0x0000000708000000, 0x0000000708000000| Untracked 
| 103|0x0000000708100000, 0x0000000708100000, 0x0000000708200000|  0%| F|  |TAMS 0x0000000708100000, 0x0000000708100000| Untracked 
| 104|0x0000000708200000, 0x0000000708200000, 0x0000000708300000|  0%| F|  |TAMS 0x0000000708200000, 0x0000000708200000| Untracked 
| 105|0x0000000708300000, 0x0000000708300000, 0x0000000708400000|  0%| F|  |TAMS 0x0000000708300000, 0x0000000708300000| Untracked 
| 106|0x0000000708400000, 0x0000000708400000, 0x0000000708500000|  0%| F|  |TAMS 0x0000000708400000, 0x0000000708400000| Untracked 
| 107|0x0000000708500000, 0x0000000708500000, 0x0000000708600000|  0%| F|  |TAMS 0x0000000708500000, 0x0000000708500000| Untracked 
| 108|0x0000000708600000, 0x0000000708600000, 0x0000000708700000|  0%| F|  |TAMS 0x0000000708600000, 0x0000000708600000| Untracked 
| 109|0x0000000708700000, 0x0000000708700000, 0x0000000708800000|  0%| F|  |TAMS 0x0000000708700000, 0x0000000708700000| Untracked 
| 110|0x0000000708800000, 0x0000000708800000, 0x0000000708900000|  0%| F|  |TAMS 0x0000000708800000, 0x0000000708800000| Untracked 
| 111|0x0000000708900000, 0x0000000708900000, 0x0000000708a00000|  0%| F|  |TAMS 0x0000000708900000, 0x0000000708900000| Untracked 
| 112|0x0000000708a00000, 0x0000000708a00000, 0x0000000708b00000|  0%| F|  |TAMS 0x0000000708a00000, 0x0000000708a00000| Untracked 
| 113|0x0000000708b00000, 0x0000000708b00000, 0x0000000708c00000|  0%| F|  |TAMS 0x0000000708b00000, 0x0000000708b00000| Untracked 
| 114|0x0000000708c00000, 0x0000000708c00000, 0x0000000708d00000|  0%| F|  |TAMS 0x0000000708c00000, 0x0000000708c00000| Untracked 
| 115|0x0000000708d00000, 0x0000000708d00000, 0x0000000708e00000|  0%| F|  |TAMS 0x0000000708d00000, 0x0000000708d00000| Untracked 
| 116|0x0000000708e00000, 0x0000000708e00000, 0x0000000708f00000|  0%| F|  |TAMS 0x0000000708e00000, 0x0000000708e00000| Untracked 
| 117|0x0000000708f00000, 0x0000000708f00000, 0x0000000709000000|  0%| F|  |TAMS 0x0000000708f00000, 0x0000000708f00000| Untracked 
| 118|0x0000000709000000, 0x0000000709000000, 0x0000000709100000|  0%| F|  |TAMS 0x0000000709000000, 0x0000000709000000| Untracked 
| 119|0x0000000709100000, 0x0000000709100000, 0x0000000709200000|  0%| F|  |TAMS 0x0000000709100000, 0x0000000709100000| Untracked 
| 120|0x0000000709200000, 0x0000000709200000, 0x0000000709300000|  0%| F|  |TAMS 0x0000000709200000, 0x0000000709200000| Untracked 
| 121|0x0000000709300000, 0x0000000709300000, 0x0000000709400000|  0%| F|  |TAMS 0x0000000709300000, 0x0000000709300000| Untracked 
| 122|0x0000000709400000, 0x0000000709400000, 0x0000000709500000|  0%| F|  |TAMS 0x0000000709400000, 0x0000000709400000| Untracked 
| 123|0x0000000709500000, 0x0000000709500000, 0x0000000709600000|  0%| F|  |TAMS 0x0000000709500000, 0x0000000709500000| Untracked 
| 124|0x0000000709600000, 0x0000000709600000, 0x0000000709700000|  0%| F|  |TAMS 0x0000000709600000, 0x0000000709600000| Untracked 
| 125|0x0000000709700000, 0x0000000709700000, 0x0000000709800000|  0%| F|  |TAMS 0x0000000709700000, 0x0000000709700000| Untracked 
| 126|0x0000000709800000, 0x0000000709800000, 0x0000000709900000|  0%| F|  |TAMS 0x0000000709800000, 0x0000000709800000| Untracked 
| 127|0x0000000709900000, 0x0000000709900000, 0x0000000709a00000|  0%| F|  |TAMS 0x0000000709900000, 0x0000000709900000| Untracked 
| 128|0x0000000709a00000, 0x0000000709a00000, 0x0000000709b00000|  0%| F|  |TAMS 0x0000000709a00000, 0x0000000709a00000| Untracked 
| 129|0x0000000709b00000, 0x0000000709b00000, 0x0000000709c00000|  0%| F|  |TAMS 0x0000000709b00000, 0x0000000709b00000| Untracked 
| 130|0x0000000709c00000, 0x0000000709c00000, 0x0000000709d00000|  0%| F|  |TAMS 0x0000000709c00000, 0x0000000709c00000| Untracked 
| 131|0x0000000709d00000, 0x0000000709d00000, 0x0000000709e00000|  0%| F|  |TAMS 0x0000000709d00000, 0x0000000709d00000| Untracked 
| 132|0x0000000709e00000, 0x0000000709e00000, 0x0000000709f00000|  0%| F|  |TAMS 0x0000000709e00000, 0x0000000709e00000| Untracked 
| 133|0x0000000709f00000, 0x0000000709f00000, 0x000000070a000000|  0%| F|  |TAMS 0x0000000709f00000, 0x0000000709f00000| Untracked 
| 134|0x000000070a000000, 0x000000070a000000, 0x000000070a100000|  0%| F|  |TAMS 0x000000070a000000, 0x000000070a000000| Untracked 
| 135|0x000000070a100000, 0x000000070a100000, 0x000000070a200000|  0%| F|  |TAMS 0x000000070a100000, 0x000000070a100000| Untracked 
| 136|0x000000070a200000, 0x000000070a200000, 0x000000070a300000|  0%| F|  |TAMS 0x000000070a200000, 0x000000070a200000| Untracked 
| 137|0x000000070a300000, 0x000000070a300000, 0x000000070a400000|  0%| F|  |TAMS 0x000000070a300000, 0x000000070a300000| Untracked 
| 138|0x000000070a400000, 0x000000070a400000, 0x000000070a500000|  0%| F|  |TAMS 0x000000070a400000, 0x000000070a400000| Untracked 
| 139|0x000000070a500000, 0x000000070a500000, 0x000000070a600000|  0%| F|  |TAMS 0x000000070a500000, 0x000000070a500000| Untracked 
| 140|0x000000070a600000, 0x000000070a600000, 0x000000070a700000|  0%| F|  |TAMS 0x000000070a600000, 0x000000070a600000| Untracked 
| 141|0x000000070a700000, 0x000000070a700000, 0x000000070a800000|  0%| F|  |TAMS 0x000000070a700000, 0x000000070a700000| Untracked 
| 142|0x000000070a800000, 0x000000070a800000, 0x000000070a900000|  0%| F|  |TAMS 0x000000070a800000, 0x000000070a800000| Untracked 
| 143|0x000000070a900000, 0x000000070a900000, 0x000000070aa00000|  0%| F|  |TAMS 0x000000070a900000, 0x000000070a900000| Untracked 
| 144|0x000000070aa00000, 0x000000070aa00000, 0x000000070ab00000|  0%| F|  |TAMS 0x000000070aa00000, 0x000000070aa00000| Untracked 
| 145|0x000000070ab00000, 0x000000070ab00000, 0x000000070ac00000|  0%| F|  |TAMS 0x000000070ab00000, 0x000000070ab00000| Untracked 
| 146|0x000000070ac00000, 0x000000070ac00000, 0x000000070ad00000|  0%| F|  |TAMS 0x000000070ac00000, 0x000000070ac00000| Untracked 
| 147|0x000000070ad00000, 0x000000070ad00000, 0x000000070ae00000|  0%| F|  |TAMS 0x000000070ad00000, 0x000000070ad00000| Untracked 
| 148|0x000000070ae00000, 0x000000070ae00000, 0x000000070af00000|  0%| F|  |TAMS 0x000000070ae00000, 0x000000070ae00000| Untracked 
| 149|0x000000070af00000, 0x000000070af00000, 0x000000070b000000|  0%| F|  |TAMS 0x000000070af00000, 0x000000070af00000| Untracked 
| 150|0x000000070b000000, 0x000000070b000000, 0x000000070b100000|  0%| F|  |TAMS 0x000000070b000000, 0x000000070b000000| Untracked 
| 151|0x000000070b100000, 0x000000070b100000, 0x000000070b200000|  0%| F|  |TAMS 0x000000070b100000, 0x000000070b100000| Untracked 
| 152|0x000000070b200000, 0x000000070b200000, 0x000000070b300000|  0%| F|  |TAMS 0x000000070b200000, 0x000000070b200000| Untracked 
| 153|0x000000070b300000, 0x000000070b300000, 0x000000070b400000|  0%| F|  |TAMS 0x000000070b300000, 0x000000070b300000| Untracked 
| 154|0x000000070b400000, 0x000000070b400000, 0x000000070b500000|  0%| F|  |TAMS 0x000000070b400000, 0x000000070b400000| Untracked 
| 155|0x000000070b500000, 0x000000070b500000, 0x000000070b600000|  0%| F|  |TAMS 0x000000070b500000, 0x000000070b500000| Untracked 
| 156|0x000000070b600000, 0x000000070b600000, 0x000000070b700000|  0%| F|  |TAMS 0x000000070b600000, 0x000000070b600000| Untracked 
| 157|0x000000070b700000, 0x000000070b700000, 0x000000070b800000|  0%| F|  |TAMS 0x000000070b700000, 0x000000070b700000| Untracked 
| 158|0x000000070b800000, 0x000000070b800000, 0x000000070b900000|  0%| F|  |TAMS 0x000000070b800000, 0x000000070b800000| Untracked 
| 159|0x000000070b900000, 0x000000070b900000, 0x000000070ba00000|  0%| F|  |TAMS 0x000000070b900000, 0x000000070b900000| Untracked 
| 160|0x000000070ba00000, 0x000000070ba00000, 0x000000070bb00000|  0%| F|  |TAMS 0x000000070ba00000, 0x000000070ba00000| Untracked 
| 161|0x000000070bb00000, 0x000000070bb00000, 0x000000070bc00000|  0%| F|  |TAMS 0x000000070bb00000, 0x000000070bb00000| Untracked 
| 162|0x000000070bc00000, 0x000000070bc00000, 0x000000070bd00000|  0%| F|  |TAMS 0x000000070bc00000, 0x000000070bc00000| Untracked 
| 163|0x000000070bd00000, 0x000000070bd00000, 0x000000070be00000|  0%| F|  |TAMS 0x000000070bd00000, 0x000000070bd00000| Untracked 
| 164|0x000000070be00000, 0x000000070be00000, 0x000000070bf00000|  0%| F|  |TAMS 0x000000070be00000, 0x000000070be00000| Untracked 
| 165|0x000000070bf00000, 0x000000070bf00000, 0x000000070c000000|  0%| F|  |TAMS 0x000000070bf00000, 0x000000070bf00000| Untracked 
| 166|0x000000070c000000, 0x000000070c000000, 0x000000070c100000|  0%| F|  |TAMS 0x000000070c000000, 0x000000070c000000| Untracked 
| 167|0x000000070c100000, 0x000000070c100000, 0x000000070c200000|  0%| F|  |TAMS 0x000000070c100000, 0x000000070c100000| Untracked 
| 168|0x000000070c200000, 0x000000070c200000, 0x000000070c300000|  0%| F|  |TAMS 0x000000070c200000, 0x000000070c200000| Untracked 
| 169|0x000000070c300000, 0x000000070c300000, 0x000000070c400000|  0%| F|  |TAMS 0x000000070c300000, 0x000000070c300000| Untracked 
| 170|0x000000070c400000, 0x000000070c400000, 0x000000070c500000|  0%| F|  |TAMS 0x000000070c400000, 0x000000070c400000| Untracked 
| 171|0x000000070c500000, 0x000000070c500000, 0x000000070c600000|  0%| F|  |TAMS 0x000000070c500000, 0x000000070c500000| Untracked 
| 172|0x000000070c600000, 0x000000070c600000, 0x000000070c700000|  0%| F|  |TAMS 0x000000070c600000, 0x000000070c600000| Untracked 
| 173|0x000000070c700000, 0x000000070c700000, 0x000000070c800000|  0%| F|  |TAMS 0x000000070c700000, 0x000000070c700000| Untracked 
| 174|0x000000070c800000, 0x000000070c800000, 0x000000070c900000|  0%| F|  |TAMS 0x000000070c800000, 0x000000070c800000| Untracked 
| 175|0x000000070c900000, 0x000000070c900000, 0x000000070ca00000|  0%| F|  |TAMS 0x000000070c900000, 0x000000070c900000| Untracked 
| 176|0x000000070ca00000, 0x000000070ca00000, 0x000000070cb00000|  0%| F|  |TAMS 0x000000070ca00000, 0x000000070ca00000| Untracked 
| 177|0x000000070cb00000, 0x000000070cb00000, 0x000000070cc00000|  0%| F|  |TAMS 0x000000070cb00000, 0x000000070cb00000| Untracked 
| 178|0x000000070cc00000, 0x000000070cc00000, 0x000000070cd00000|  0%| F|  |TAMS 0x000000070cc00000, 0x000000070cc00000| Untracked 
| 179|0x000000070cd00000, 0x000000070cd00000, 0x000000070ce00000|  0%| F|  |TAMS 0x000000070cd00000, 0x000000070cd00000| Untracked 
| 180|0x000000070ce00000, 0x000000070ce00000, 0x000000070cf00000|  0%| F|  |TAMS 0x000000070ce00000, 0x000000070ce00000| Untracked 
| 181|0x000000070cf00000, 0x000000070cf00000, 0x000000070d000000|  0%| F|  |TAMS 0x000000070cf00000, 0x000000070cf00000| Untracked 
| 182|0x000000070d000000, 0x000000070d000000, 0x000000070d100000|  0%| F|  |TAMS 0x000000070d000000, 0x000000070d000000| Untracked 
| 183|0x000000070d100000, 0x000000070d100000, 0x000000070d200000|  0%| F|  |TAMS 0x000000070d100000, 0x000000070d100000| Untracked 
| 184|0x000000070d200000, 0x000000070d200000, 0x000000070d300000|  0%| F|  |TAMS 0x000000070d200000, 0x000000070d200000| Untracked 
| 185|0x000000070d300000, 0x000000070d300000, 0x000000070d400000|  0%| F|  |TAMS 0x000000070d300000, 0x000000070d300000| Untracked 
| 186|0x000000070d400000, 0x000000070d400000, 0x000000070d500000|  0%| F|  |TAMS 0x000000070d400000, 0x000000070d400000| Untracked 
| 187|0x000000070d500000, 0x000000070d500000, 0x000000070d600000|  0%| F|  |TAMS 0x000000070d500000, 0x000000070d500000| Untracked 
| 188|0x000000070d600000, 0x000000070d600000, 0x000000070d700000|  0%| F|  |TAMS 0x000000070d600000, 0x000000070d600000| Untracked 
| 189|0x000000070d700000, 0x000000070d700000, 0x000000070d800000|  0%| F|  |TAMS 0x000000070d700000, 0x000000070d700000| Untracked 
| 190|0x000000070d800000, 0x000000070d800000, 0x000000070d900000|  0%| F|  |TAMS 0x000000070d800000, 0x000000070d800000| Untracked 
| 191|0x000000070d900000, 0x000000070d900000, 0x000000070da00000|  0%| F|  |TAMS 0x000000070d900000, 0x000000070d900000| Untracked 
| 192|0x000000070da00000, 0x000000070da00000, 0x000000070db00000|  0%| F|  |TAMS 0x000000070da00000, 0x000000070da00000| Untracked 
| 193|0x000000070db00000, 0x000000070db00000, 0x000000070dc00000|  0%| F|  |TAMS 0x000000070db00000, 0x000000070db00000| Untracked 
| 194|0x000000070dc00000, 0x000000070dc00000, 0x000000070dd00000|  0%| F|  |TAMS 0x000000070dc00000, 0x000000070dc00000| Untracked 
| 195|0x000000070dd00000, 0x000000070dd00000, 0x000000070de00000|  0%| F|  |TAMS 0x000000070dd00000, 0x000000070dd00000| Untracked 
| 196|0x000000070de00000, 0x000000070de00000, 0x000000070df00000|  0%| F|  |TAMS 0x000000070de00000, 0x000000070de00000| Untracked 
| 197|0x000000070df00000, 0x000000070df00000, 0x000000070e000000|  0%| F|  |TAMS 0x000000070df00000, 0x000000070df00000| Untracked 
| 198|0x000000070e000000, 0x000000070e000000, 0x000000070e100000|  0%| F|  |TAMS 0x000000070e000000, 0x000000070e000000| Untracked 
| 199|0x000000070e100000, 0x000000070e100000, 0x000000070e200000|  0%| F|  |TAMS 0x000000070e100000, 0x000000070e100000| Untracked 
| 200|0x000000070e200000, 0x000000070e200000, 0x000000070e300000|  0%| F|  |TAMS 0x000000070e200000, 0x000000070e200000| Untracked 
| 201|0x000000070e300000, 0x000000070e300000, 0x000000070e400000|  0%| F|  |TAMS 0x000000070e300000, 0x000000070e300000| Untracked 
| 202|0x000000070e400000, 0x000000070e400000, 0x000000070e500000|  0%| F|  |TAMS 0x000000070e400000, 0x000000070e400000| Untracked 
| 203|0x000000070e500000, 0x000000070e500000, 0x000000070e600000|  0%| F|  |TAMS 0x000000070e500000, 0x000000070e500000| Untracked 
| 204|0x000000070e600000, 0x000000070e600000, 0x000000070e700000|  0%| F|  |TAMS 0x000000070e600000, 0x000000070e600000| Untracked 
| 205|0x000000070e700000, 0x000000070e700000, 0x000000070e800000|  0%| F|  |TAMS 0x000000070e700000, 0x000000070e700000| Untracked 
| 206|0x000000070e800000, 0x000000070e800000, 0x000000070e900000|  0%| F|  |TAMS 0x000000070e800000, 0x000000070e800000| Untracked 
| 207|0x000000070e900000, 0x000000070e900000, 0x000000070ea00000|  0%| F|  |TAMS 0x000000070e900000, 0x000000070e900000| Untracked 
| 208|0x000000070ea00000, 0x000000070ea00000, 0x000000070eb00000|  0%| F|  |TAMS 0x000000070ea00000, 0x000000070ea00000| Untracked 
| 209|0x000000070eb00000, 0x000000070eb00000, 0x000000070ec00000|  0%| F|  |TAMS 0x000000070eb00000, 0x000000070eb00000| Untracked 
| 210|0x000000070ec00000, 0x000000070ec00000, 0x000000070ed00000|  0%| F|  |TAMS 0x000000070ec00000, 0x000000070ec00000| Untracked 
| 211|0x000000070ed00000, 0x000000070ed00000, 0x000000070ee00000|  0%| F|  |TAMS 0x000000070ed00000, 0x000000070ed00000| Untracked 
| 212|0x000000070ee00000, 0x000000070ee00000, 0x000000070ef00000|  0%| F|  |TAMS 0x000000070ee00000, 0x000000070ee00000| Untracked 
| 213|0x000000070ef00000, 0x000000070ef00000, 0x000000070f000000|  0%| F|  |TAMS 0x000000070ef00000, 0x000000070ef00000| Untracked 
| 214|0x000000070f000000, 0x000000070f000000, 0x000000070f100000|  0%| F|  |TAMS 0x000000070f000000, 0x000000070f000000| Untracked 
| 215|0x000000070f100000, 0x000000070f100000, 0x000000070f200000|  0%| F|  |TAMS 0x000000070f100000, 0x000000070f100000| Untracked 
| 216|0x000000070f200000, 0x000000070f200000, 0x000000070f300000|  0%| F|  |TAMS 0x000000070f200000, 0x000000070f200000| Untracked 
| 217|0x000000070f300000, 0x000000070f300000, 0x000000070f400000|  0%| F|  |TAMS 0x000000070f300000, 0x000000070f300000| Untracked 
| 218|0x000000070f400000, 0x000000070f400000, 0x000000070f500000|  0%| F|  |TAMS 0x000000070f400000, 0x000000070f400000| Untracked 
| 219|0x000000070f500000, 0x000000070f500000, 0x000000070f600000|  0%| F|  |TAMS 0x000000070f500000, 0x000000070f500000| Untracked 
| 220|0x000000070f600000, 0x000000070f600000, 0x000000070f700000|  0%| F|  |TAMS 0x000000070f600000, 0x000000070f600000| Untracked 
| 221|0x000000070f700000, 0x000000070f700000, 0x000000070f800000|  0%| F|  |TAMS 0x000000070f700000, 0x000000070f700000| Untracked 
| 222|0x000000070f800000, 0x000000070f800000, 0x000000070f900000|  0%| F|  |TAMS 0x000000070f800000, 0x000000070f800000| Untracked 
| 223|0x000000070f900000, 0x000000070f900000, 0x000000070fa00000|  0%| F|  |TAMS 0x000000070f900000, 0x000000070f900000| Untracked 
| 224|0x000000070fa00000, 0x000000070fa00000, 0x000000070fb00000|  0%| F|  |TAMS 0x000000070fa00000, 0x000000070fa00000| Untracked 
| 225|0x000000070fb00000, 0x000000070fb00000, 0x000000070fc00000|  0%| F|  |TAMS 0x000000070fb00000, 0x000000070fb00000| Untracked 
| 226|0x000000070fc00000, 0x000000070fc00000, 0x000000070fd00000|  0%| F|  |TAMS 0x000000070fc00000, 0x000000070fc00000| Untracked 
| 227|0x000000070fd00000, 0x000000070fd00000, 0x000000070fe00000|  0%| F|  |TAMS 0x000000070fd00000, 0x000000070fd00000| Untracked 
| 228|0x000000070fe00000, 0x000000070fe00000, 0x000000070ff00000|  0%| F|  |TAMS 0x000000070fe00000, 0x000000070fe00000| Untracked 
| 229|0x000000070ff00000, 0x000000070ff00000, 0x0000000710000000|  0%| F|  |TAMS 0x000000070ff00000, 0x000000070ff00000| Untracked 
| 230|0x0000000710000000, 0x0000000710000000, 0x0000000710100000|  0%| F|  |TAMS 0x0000000710000000, 0x0000000710000000| Untracked 
| 231|0x0000000710100000, 0x0000000710100000, 0x0000000710200000|  0%| F|  |TAMS 0x0000000710100000, 0x0000000710100000| Untracked 
| 232|0x0000000710200000, 0x0000000710200000, 0x0000000710300000|  0%| F|  |TAMS 0x0000000710200000, 0x0000000710200000| Untracked 
| 233|0x0000000710300000, 0x0000000710300000, 0x0000000710400000|  0%| F|  |TAMS 0x0000000710300000, 0x0000000710300000| Untracked 
| 234|0x0000000710400000, 0x0000000710400000, 0x0000000710500000|  0%| F|  |TAMS 0x0000000710400000, 0x0000000710400000| Untracked 
| 235|0x0000000710500000, 0x0000000710500000, 0x0000000710600000|  0%| F|  |TAMS 0x0000000710500000, 0x0000000710500000| Untracked 
| 236|0x0000000710600000, 0x0000000710600000, 0x0000000710700000|  0%| F|  |TAMS 0x0000000710600000, 0x0000000710600000| Untracked 
| 237|0x0000000710700000, 0x0000000710700000, 0x0000000710800000|  0%| F|  |TAMS 0x0000000710700000, 0x0000000710700000| Untracked 
| 238|0x0000000710800000, 0x0000000710800000, 0x0000000710900000|  0%| F|  |TAMS 0x0000000710800000, 0x0000000710800000| Untracked 
| 239|0x0000000710900000, 0x00000007109f73b0, 0x0000000710a00000| 96%| E|  |TAMS 0x0000000710900000, 0x0000000710900000| Complete 
| 240|0x0000000710a00000, 0x0000000710b00000, 0x0000000710b00000|100%| E|CS|TAMS 0x0000000710a00000, 0x0000000710a00000| Complete 
| 241|0x0000000710b00000, 0x0000000710c00000, 0x0000000710c00000|100%| E|CS|TAMS 0x0000000710b00000, 0x0000000710b00000| Complete 
| 242|0x0000000710c00000, 0x0000000710d00000, 0x0000000710d00000|100%| E|CS|TAMS 0x0000000710c00000, 0x0000000710c00000| Complete 
| 243|0x0000000710d00000, 0x0000000710e00000, 0x0000000710e00000|100%| E|CS|TAMS 0x0000000710d00000, 0x0000000710d00000| Complete 
| 244|0x0000000710e00000, 0x0000000710f00000, 0x0000000710f00000|100%| E|CS|TAMS 0x0000000710e00000, 0x0000000710e00000| Complete 
| 245|0x0000000710f00000, 0x0000000711000000, 0x0000000711000000|100%| E|CS|TAMS 0x0000000710f00000, 0x0000000710f00000| Complete 
| 246|0x0000000711000000, 0x0000000711100000, 0x0000000711100000|100%| E|CS|TAMS 0x0000000711000000, 0x0000000711000000| Complete 
| 247|0x0000000711100000, 0x0000000711200000, 0x0000000711200000|100%| E|CS|TAMS 0x0000000711100000, 0x0000000711100000| Complete 
| 248|0x0000000711200000, 0x0000000711300000, 0x0000000711300000|100%| E|CS|TAMS 0x0000000711200000, 0x0000000711200000| Complete 
| 249|0x0000000711300000, 0x0000000711400000, 0x0000000711400000|100%| E|  |TAMS 0x0000000711300000, 0x0000000711300000| Complete 
| 250|0x0000000711400000, 0x0000000711500000, 0x0000000711500000|100%| E|CS|TAMS 0x0000000711400000, 0x0000000711400000| Complete 
| 251|0x0000000711500000, 0x0000000711600000, 0x0000000711600000|100%| E|CS|TAMS 0x0000000711500000, 0x0000000711500000| Complete 
| 252|0x0000000711600000, 0x0000000711700000, 0x0000000711700000|100%| E|CS|TAMS 0x0000000711600000, 0x0000000711600000| Complete 
| 253|0x0000000711700000, 0x0000000711800000, 0x0000000711800000|100%| E|CS|TAMS 0x0000000711700000, 0x0000000711700000| Complete 
| 254|0x0000000711800000, 0x0000000711900000, 0x0000000711900000|100%| E|CS|TAMS 0x0000000711800000, 0x0000000711800000| Complete 
| 255|0x0000000711900000, 0x0000000711a00000, 0x0000000711a00000|100%| E|CS|TAMS 0x0000000711900000, 0x0000000711900000| Complete 

Card table byte_map: [0x0000021c41f50000,0x0000021c42750000] _byte_map_base: 0x0000021c3e743000

Marking Bits (Prev, Next): (CMBitMap*) 0x0000021c29ce8c38, (CMBitMap*) 0x0000021c29ce8c78
 Prev Bits: [0x0000021c42f50000, 0x0000021c46ee8000)
 Next Bits: [0x0000021c46ef0000, 0x0000021c4ae88000)

Polling page: 0x0000021c27c10000

Metaspace:

Usage:
  Non-class:      6.13 MB capacity,     3.74 MB ( 61%) used,     2.38 MB ( 39%) free+waste,    17.81 KB ( <1%) overhead. 
      Class:    759.00 KB capacity,   471.19 KB ( 62%) used,   278.13 KB ( 37%) free+waste,     9.69 KB (  1%) overhead. 
       Both:      6.88 MB capacity,     4.20 MB ( 61%) used,     2.65 MB ( 39%) free+waste,    27.50 KB ( <1%) overhead. 

Virtual space:
  Non-class space:        8.00 MB reserved,       6.25 MB ( 78%) committed 
      Class space:        1.00 GB reserved,     768.00 KB ( <1%) committed 
             Both:        1.01 GB reserved,       7.00 MB ( <1%) committed 

Chunk freelists:
   Non-Class:  54.00 KB
       Class:  9.00 KB
        Both:  63.00 KB

MaxMetaspaceSize: 17179869184.00 GB
CompressedClassSpaceSize: 1.00 GB

CodeHeap 'non-profiled nmethods': size=120000Kb used=329Kb max_used=329Kb free=119670Kb
 bounds [0x0000021c39ef0000, 0x0000021c3a160000, 0x0000021c41420000]
CodeHeap 'profiled nmethods': size=120000Kb used=1150Kb max_used=1150Kb free=118849Kb
 bounds [0x0000021c329c0000, 0x0000021c32c30000, 0x0000021c39ef0000]
CodeHeap 'non-nmethods': size=5760Kb used=1210Kb max_used=1229Kb free=4549Kb
 bounds [0x0000021c32420000, 0x0000021c32690000, 0x0000021c329c0000]
 total_blobs=1719 nmethods=784 adapters=390
 compilation: enabled
              stopped_count=0, restarted_count=0
 full_count=0

Compilation events (20 events):
Event: 0.518 Thread 0x0000021c4e2db800 nmethod 773 0x0000021c32adaf10 code [0x0000021c32adb100, 0x0000021c32adb7d8]
Event: 0.518 Thread 0x0000021c4e2db800  776       3       java.lang.Integer::stringSize (47 bytes)
Event: 0.518 Thread 0x0000021c4e2db800 nmethod 776 0x0000021c32adba10 code [0x0000021c32adbbc0, 0x0000021c32adbdf8]
Event: 0.518 Thread 0x0000021c4e2db800  775       3       java.util.Vector::add (23 bytes)
Event: 0.518 Thread 0x0000021c4e2db800 nmethod 775 0x0000021c32adbe90 code [0x0000021c32adc060, 0x0000021c32adc448]
Event: 0.518 Thread 0x0000021c4e2db800  777       3       java.lang.invoke.MemberName::isMethod (8 bytes)
Event: 0.518 Thread 0x0000021c4e2db800 nmethod 777 0x0000021c32adc610 code [0x0000021c32adc7c0, 0x0000021c32adca18]
Event: 0.518 Thread 0x0000021c4e2db800  778       3       java.lang.invoke.TypeConvertingMethodAdapter::descriptorToName (36 bytes)
Event: 0.519 Thread 0x0000021c4e2db800 nmethod 778 0x0000021c32adcb10 code [0x0000021c32adcda0, 0x0000021c32add948]
Event: 0.519 Thread 0x0000021c4e2db800  779       3       java.lang.ref.SoftReference::get (29 bytes)
Event: 0.519 Thread 0x0000021c4e2db800 nmethod 779 0x0000021c32adde10 code [0x0000021c32addfa0, 0x0000021c32ade198]
Event: 0.519 Thread 0x0000021c4e2db800  780       3       java.lang.invoke.MethodHandles$Lookup::<init> (84 bytes)
Event: 0.519 Thread 0x0000021c4e2db800 nmethod 780 0x0000021c32ade210 code [0x0000021c32ade3c0, 0x0000021c32ade638]
Event: 0.519 Thread 0x0000021c4e2db800  781       3       jdk.internal.loader.BuiltinClassLoader::moduleReaderFor (45 bytes)
Event: 0.519 Thread 0x0000021c4e2db800 nmethod 781 0x0000021c32ade710 code [0x0000021c32ade900, 0x0000021c32adf058]
Event: 0.519 Thread 0x0000021c4e2db800  782       3       java.nio.Buffer::remaining (10 bytes)
Event: 0.519 Thread 0x0000021c4e2db800 nmethod 782 0x0000021c32adf210 code [0x0000021c32adf3a0, 0x0000021c32adf4b8]
Event: 0.519 Thread 0x0000021c4e2db800  783       3       java.lang.module.ModuleReader::release (6 bytes)
Event: 0.520 Thread 0x0000021c4e2db800 nmethod 783 0x0000021c32adf590 code [0x0000021c32adf740, 0x0000021c32adf9c8]
Event: 0.522 Thread 0x0000021c4e428800 nmethod 751 0x0000021c39f3fd10 code [0x0000021c39f40020, 0x0000021c39f41618]

GC Heap History (0 events):
No events

Deoptimization events (20 events):
Event: 0.292 Thread 0x0000021c29c7f800 DEOPT PACKING pc=0x0000021c39f068a8 sp=0x000000b0009fe010
Event: 0.292 Thread 0x0000021c29c7f800 DEOPT UNPACKING pc=0x0000021c3246912f sp=0x000000b0009fdf50 mode 2
Event: 0.407 Thread 0x0000021c29c7f800 Uncommon trap: trap_request=0xffffffde fr.pc=0x0000021c39f3b788 relative=0x0000000000000128
Event: 0.407 Thread 0x0000021c29c7f800 Uncommon trap: reason=class_check action=maybe_recompile pc=0x0000021c39f3b788 method=jdk.internal.misc.Unsafe.allocateUninitializedArray(Ljava/lang/Class;I)Ljava/lang/Object; @ 51 c2
Event: 0.407 Thread 0x0000021c29c7f800 DEOPT PACKING pc=0x0000021c39f3b788 sp=0x000000b0009fd5c0
Event: 0.407 Thread 0x0000021c29c7f800 DEOPT UNPACKING pc=0x0000021c3246912f sp=0x000000b0009fd548 mode 2
Event: 0.411 Thread 0x0000021c29c7f800 Uncommon trap: trap_request=0xffffffde fr.pc=0x0000021c39f3b788 relative=0x0000000000000128
Event: 0.411 Thread 0x0000021c29c7f800 Uncommon trap: reason=class_check action=maybe_recompile pc=0x0000021c39f3b788 method=jdk.internal.misc.Unsafe.allocateUninitializedArray(Ljava/lang/Class;I)Ljava/lang/Object; @ 51 c2
Event: 0.411 Thread 0x0000021c29c7f800 DEOPT PACKING pc=0x0000021c39f3b788 sp=0x000000b0009fd390
Event: 0.411 Thread 0x0000021c29c7f800 DEOPT UNPACKING pc=0x0000021c3246912f sp=0x000000b0009fd318 mode 2
Event: 0.411 Thread 0x0000021c29c7f800 Uncommon trap: trap_request=0xffffffde fr.pc=0x0000021c39f3b788 relative=0x0000000000000128
Event: 0.411 Thread 0x0000021c29c7f800 Uncommon trap: reason=class_check action=maybe_recompile pc=0x0000021c39f3b788 method=jdk.internal.misc.Unsafe.allocateUninitializedArray(Ljava/lang/Class;I)Ljava/lang/Object; @ 51 c2
Event: 0.411 Thread 0x0000021c29c7f800 DEOPT PACKING pc=0x0000021c39f3b788 sp=0x000000b0009fd380
Event: 0.411 Thread 0x0000021c29c7f800 DEOPT UNPACKING pc=0x0000021c3246912f sp=0x000000b0009fd308 mode 2
Event: 0.411 Thread 0x0000021c29c7f800 Uncommon trap: trap_request=0xffffffde fr.pc=0x0000021c39f3b788 relative=0x0000000000000128
Event: 0.411 Thread 0x0000021c29c7f800 Uncommon trap: reason=class_check action=maybe_recompile pc=0x0000021c39f3b788 method=jdk.internal.misc.Unsafe.allocateUninitializedArray(Ljava/lang/Class;I)Ljava/lang/Object; @ 51 c2
Event: 0.411 Thread 0x0000021c29c7f800 DEOPT PACKING pc=0x0000021c39f3b788 sp=0x000000b0009fd340
Event: 0.411 Thread 0x0000021c29c7f800 DEOPT UNPACKING pc=0x0000021c3246912f sp=0x000000b0009fd2c8 mode 2
Event: 0.514 Thread 0x0000021c4f69f800 DEOPT PACKING pc=0x0000021c32a63ef4 sp=0x000000b0021f8890
Event: 0.514 Thread 0x0000021c4f69f800 DEOPT UNPACKING pc=0x0000021c3246964e sp=0x000000b0021f7d00 mode 0

Classes unloaded (0 events):
No events

Classes redefined (0 events):
No events

Internal exceptions (10 events):
Event: 0.066 Thread 0x0000021c29c7f800 Exception <a 'java/lang/NoSuchMethodError'{0x00000007119ac070}: 'void java.lang.invoke.DirectMethodHandle$Holder.invokeSpecial(java.lang.Object, java.lang.Object, java.lang.Object, java.lang.Object)'> (0x00000007119ac070) 
thrown [t:/workspace/open/src/hotspot/share/interpreter/linkResolver.cpp, line 766]
Event: 0.078 Thread 0x0000021c29c7f800 Exception <a 'sun/nio/fs/WindowsException'{0x00000007119d08f8}> (0x00000007119d08f8) 
thrown [t:/workspace/open/src/hotspot/share/prims/jni.cpp, line 599]
Event: 0.078 Thread 0x0000021c29c7f800 Exception <a 'sun/nio/fs/WindowsException'{0x00000007119d0dc8}> (0x00000007119d0dc8) 
thrown [t:/workspace/open/src/hotspot/share/prims/jni.cpp, line 599]
Event: 0.085 Thread 0x0000021c29c7f800 Exception <a 'java/lang/NoSuchMethodError'{0x00000007119ea848}: 'int java.lang.invoke.DirectMethodHandle$Holder.invokeSpecialIFC(java.lang.Object, java.lang.Object, int)'> (0x00000007119ea848) 
thrown [t:/workspace/open/src/hotspot/share/interpreter/linkResolver.cpp, line 766]
Event: 0.394 Thread 0x0000021c29c7f800 Exception <a 'java/lang/NoSuchMethodError'{0x0000000710ef3a08}: 'int java.lang.invoke.DirectMethodHandle$Holder.invokeStaticInit(java.lang.Object, java.lang.Object, java.lang.Object)'> (0x0000000710ef3a08) 
thrown [t:/workspace/open/src/hotspot/share/interpreter/linkResolver.cpp, line 766]
Event: 0.396 Thread 0x0000021c29c7f800 Exception <a 'java/lang/NoSuchMethodError'{0x0000000710efe928}: 'void java.lang.invoke.DirectMethodHandle$Holder.invokeSpecial(java.lang.Object, java.lang.Object)'> (0x0000000710efe928) 
thrown [t:/workspace/open/src/hotspot/share/interpreter/linkResolver.cpp, line 766]
Event: 0.414 Thread 0x0000021c29c7f800 Exception <a 'java/lang/NoSuchMethodError'{0x0000000710da56f0}: 'java.lang.Object java.lang.invoke.DirectMethodHandle$Holder.invokeStatic(java.lang.Object, java.lang.Object, int, java.lang.Object)'> (0x0000000710da56f0) 
thrown [t:/workspace/open/src/hotspot/share/interpreter/linkResolver.cpp, line 766]
Event: 0.414 Thread 0x0000021c29c7f800 Exception <a 'java/lang/NoSuchMethodError'{0x0000000710dab988}: 'java.lang.Object java.lang.invoke.Invokers$Holder.linkToTargetMethod(java.lang.Object, int, java.lang.Object, java.lang.Object)'> (0x0000000710dab988) 
thrown [t:/workspace/open/src/hotspot/share/interpreter/linkResolver.cpp, line 766]
Event: 0.516 Thread 0x0000021c4f69f800 Exception <a 'java/lang/NoSuchMethodError'{0x0000000710a12b08}: 'void java.lang.invoke.DirectMethodHandle$Holder.invokeStaticInit(java.lang.Object)'> (0x0000000710a12b08) 
thrown [t:/workspace/open/src/hotspot/share/interpreter/linkResolver.cpp, line 766]
Event: 0.518 Thread 0x0000021c29c7f800 Exception <a 'java/lang/NoSuchMethodError'{0x0000000710dbaa88}: 'java.lang.Object java.lang.invoke.Invokers$Holder.linkToTargetMethod(java.lang.Object, java.lang.Object, java.lang.Object, java.lang.Object, java.lang.Object, java.lang.Object)'> (0x0000000710dbaa88) 
thrown [t:/workspace/open/src/hotspot/share/interpreter/linkResolver.cpp, line 766]

Events (20 events):
Event: 0.505 Executing VM operation: HandshakeOneThread done
Event: 0.506 loading class java/lang/IndexOutOfBoundsException
Event: 0.506 loading class java/lang/IndexOutOfBoundsException done
Event: 0.508 loading class java/util/NoSuchElementException
Event: 0.508 loading class java/util/NoSuchElementException done
Event: 0.512 Loaded shared library C:\Program Files\Java\jdk-14\bin\zip.dll
Event: 0.517 loading class java/util/AbstractList$Itr
Event: 0.517 loading class java/util/AbstractList$Itr done
Event: 0.518 loading class java/lang/NumberFormatException
Event: 0.518 loading class java/lang/NumberFormatException done
Event: 0.518 Executing VM operation: HandshakeOneThread
Event: 0.518 Executing VM operation: HandshakeOneThread done
Event: 0.519 loading class java/util/concurrent/LinkedBlockingDeque$Node
Event: 0.519 loading class java/util/concurrent/LinkedBlockingDeque$Node done
Event: 0.519 loading class java/util/concurrent/locks/ReentrantReadWriteLock$Sync$HoldCounter
Event: 0.519 loading class java/util/concurrent/locks/ReentrantReadWriteLock$Sync$HoldCounter done
Event: 0.525 Executing VM operation: HandshakeOneThread
Event: 0.525 Executing VM operation: HandshakeOneThread done
Event: 0.525 Executing VM operation: HandshakeOneThread
Event: 0.526 Executing VM operation: HandshakeOneThread done


Dynamic libraries:
0x00007ff74ae50000 - 0x00007ff74ae5f000 	C:\Program Files\Java\jdk-14\bin\java.exe
0x00007ffe102c0000 - 0x00007ffe104b0000 	C:\Windows\SYSTEM32\ntdll.dll
0x00007ffe0fd00000 - 0x00007ffe0fdb2000 	C:\Windows\System32\KERNEL32.DLL
0x00007ffe0dd70000 - 0x00007ffe0e014000 	C:\Windows\System32\KERNELBASE.dll
0x00007ffe0d2d0000 - 0x00007ffe0d3ca000 	C:\Windows\System32\ucrtbase.dll
0x00007ffdec2e0000 - 0x00007ffdec2f5000 	C:\Program Files\Java\jdk-14\bin\VCRUNTIME140.dll
0x00007ffde7930000 - 0x00007ffde7948000 	C:\Program Files\Java\jdk-14\bin\jli.dll
0x00007ffe0e470000 - 0x00007ffe0e513000 	C:\Windows\System32\ADVAPI32.dll
0x00007ffe101e0000 - 0x00007ffe1027e000 	C:\Windows\System32\msvcrt.dll
0x00007ffe0fb10000 - 0x00007ffe0fba7000 	C:\Windows\System32\sechost.dll
0x00007ffe0ec90000 - 0x00007ffe0edb0000 	C:\Windows\System32\RPCRT4.dll
0x00007ffe0eaf0000 - 0x00007ffe0ec84000 	C:\Windows\System32\USER32.dll
0x00007ffe0c650000 - 0x00007ffe0c8d4000 	C:\Windows\WinSxS\amd64_microsoft.windows.common-controls_6595b64144ccf1df_6.0.18362.959_none_e6c7bbbf130c62bb\COMCTL32.dll
0x00007ffe0e140000 - 0x00007ffe0e161000 	C:\Windows\System32\win32u.dll
0x00007ffe0fea0000 - 0x00007ffe101d5000 	C:\Windows\System32\combase.dll
0x00007ffe0ef10000 - 0x00007ffe0ef36000 	C:\Windows\System32\GDI32.dll
0x00007ffe0dbd0000 - 0x00007ffe0dd66000 	C:\Windows\System32\gdi32full.dll
0x00007ffe0e020000 - 0x00007ffe0e0a0000 	C:\Windows\System32\bcryptPrimitives.dll
0x00007ffe0e0a0000 - 0x00007ffe0e13e000 	C:\Windows\System32\msvcp_win.dll
0x00007ffe06a70000 - 0x00007ffe06a7a000 	C:\Windows\SYSTEM32\VERSION.dll
0x00007ffe0e370000 - 0x00007ffe0e39e000 	C:\Windows\System32\IMM32.DLL
0x00007ffddf830000 - 0x00007ffddf8cb000 	C:\Program Files\Java\jdk-14\bin\msvcp140.dll
0x00007ffdb4850000 - 0x00007ffdb536f000 	C:\Program Files\Java\jdk-14\bin\server\jvm.dll
0x00007ffe0fc70000 - 0x00007ffe0fc78000 	C:\Windows\System32\PSAPI.DLL
0x00007ffe0a5b0000 - 0x00007ffe0a5d4000 	C:\Windows\SYSTEM32\WINMM.dll
0x00007ffdf6ea0000 - 0x00007ffdf6ea9000 	C:\Windows\SYSTEM32\WSOCK32.dll
0x00007ffe0ef40000 - 0x00007ffe0efaf000 	C:\Windows\System32\WS2_32.dll
0x00007ffe0a530000 - 0x00007ffe0a55d000 	C:\Windows\SYSTEM32\WINMMBASE.dll
0x00007ffe0db80000 - 0x00007ffe0dbca000 	C:\Windows\System32\cfgmgr32.dll
0x00007ffe0d200000 - 0x00007ffe0d211000 	C:\Windows\System32\kernel.appcore.dll
0x00007ffe08e90000 - 0x00007ffe08e9a000 	C:\Program Files\Java\jdk-14\bin\jimage.dll
0x00007ffe0cc90000 - 0x00007ffe0ce84000 	C:\Windows\SYSTEM32\DBGHELP.DLL
0x00007ffe0ca00000 - 0x00007ffe0ca2a000 	C:\Windows\SYSTEM32\dbgcore.DLL
0x00007ffe08770000 - 0x00007ffe0877e000 	C:\Program Files\Java\jdk-14\bin\instrument.dll
0x00007ffddf800000 - 0x00007ffddf825000 	C:\Program Files\Java\jdk-14\bin\java.dll
0x00007ffddf7e0000 - 0x00007ffddf7f7000 	C:\Program Files\Java\jdk-14\bin\zip.dll
0x00007ffe0f420000 - 0x00007ffe0fb06000 	C:\Windows\System32\SHELL32.dll
0x00007ffe0fbc0000 - 0x00007ffe0fc69000 	C:\Windows\System32\shcore.dll
0x00007ffe0d3d0000 - 0x00007ffe0db52000 	C:\Windows\System32\windows.storage.dll
0x00007ffe0d1d0000 - 0x00007ffe0d1f3000 	C:\Windows\System32\profapi.dll
0x00007ffe0d180000 - 0x00007ffe0d1ca000 	C:\Windows\System32\powrprof.dll
0x00007ffe0d170000 - 0x00007ffe0d180000 	C:\Windows\System32\UMPDC.dll
0x00007ffe0e5f0000 - 0x00007ffe0e642000 	C:\Windows\System32\shlwapi.dll
0x00007ffe0db60000 - 0x00007ffe0db77000 	C:\Windows\System32\cryptsp.dll
0x00007ffddc120000 - 0x00007ffddc139000 	C:\Program Files\Java\jdk-14\bin\net.dll
0x00007ffe016d0000 - 0x00007ffe017c0000 	C:\Windows\SYSTEM32\WINHTTP.dll
0x00007ffe0c360000 - 0x00007ffe0c3c7000 	C:\Windows\system32\mswsock.dll
0x00007ffddc100000 - 0x00007ffddc112000 	C:\Program Files\Java\jdk-14\bin\nio.dll
0x00007ffe079c0000 - 0x00007ffe079d0000 	C:\Program Files\Java\jdk-14\bin\verify.dll
0x00007ffddbb00000 - 0x00007ffddbb1a000 	C:\Program Files\JetBrains\IntelliJ IDEA 2020.1.3\bin\breakgen64.dll
0x0000021c27c60000 - 0x0000021c27c63000 	C:\Users\Windows\Desktop\JavaStuff\javafx-sdk-15\bin\api-ms-win-core-console-l1-1-0.dll
0x0000021c27c70000 - 0x0000021c27c73000 	C:\Users\Windows\Desktop\JavaStuff\javafx-sdk-15\bin\api-ms-win-core-datetime-l1-1-0.dll
0x0000021c27c80000 - 0x0000021c27c83000 	C:\Users\Windows\Desktop\JavaStuff\javafx-sdk-15\bin\api-ms-win-core-debug-l1-1-0.dll
0x0000021c27c90000 - 0x0000021c27c93000 	C:\Users\Windows\Desktop\JavaStuff\javafx-sdk-15\bin\api-ms-win-core-errorhandling-l1-1-0.dll
0x0000021c29b90000 - 0x0000021c29b94000 	C:\Users\Windows\Desktop\JavaStuff\javafx-sdk-15\bin\api-ms-win-core-file-l1-1-0.dll
0x0000021c29ba0000 - 0x0000021c29ba3000 	C:\Users\Windows\Desktop\JavaStuff\javafx-sdk-15\bin\api-ms-win-core-file-l1-2-0.dll
0x0000021c29bb0000 - 0x0000021c29bb3000 	C:\Users\Windows\Desktop\JavaStuff\javafx-sdk-15\bin\api-ms-win-core-file-l2-1-0.dll
0x0000021c29bc0000 - 0x0000021c29bc3000 	C:\Users\Windows\Desktop\JavaStuff\javafx-sdk-15\bin\api-ms-win-core-handle-l1-1-0.dll
0x0000021c29bd0000 - 0x0000021c29bd3000 	C:\Users\Windows\Desktop\JavaStuff\javafx-sdk-15\bin\api-ms-win-core-heap-l1-1-0.dll
0x0000021c29be0000 - 0x0000021c29be3000 	C:\Users\Windows\Desktop\JavaStuff\javafx-sdk-15\bin\api-ms-win-core-interlocked-l1-1-0.dll
0x0000021c29bf0000 - 0x0000021c29bf3000 	C:\Users\Windows\Desktop\JavaStuff\javafx-sdk-15\bin\api-ms-win-core-libraryloader-l1-1-0.dll
0x0000021c29c00000 - 0x0000021c29c03000 	C:\Users\Windows\Desktop\JavaStuff\javafx-sdk-15\bin\api-ms-win-core-localization-l1-2-0.dll
0x0000021c29c10000 - 0x0000021c29c13000 	C:\Users\Windows\Desktop\JavaStuff\javafx-sdk-15\bin\api-ms-win-core-memory-l1-1-0.dll
0x0000021c29c20000 - 0x0000021c29c23000 	C:\Users\Windows\Desktop\JavaStuff\javafx-sdk-15\bin\api-ms-win-core-namedpipe-l1-1-0.dll
0x0000021c29c30000 - 0x0000021c29c33000 	C:\Users\Windows\Desktop\JavaStuff\javafx-sdk-15\bin\api-ms-win-core-processenvironment-l1-1-0.dll
0x0000021c29c40000 - 0x0000021c29c43000 	C:\Users\Windows\Desktop\JavaStuff\javafx-sdk-15\bin\api-ms-win-core-processthreads-l1-1-0.dll
0x0000021c4ff00000 - 0x0000021c4ff03000 	C:\Users\Windows\Desktop\JavaStuff\javafx-sdk-15\bin\api-ms-win-core-processthreads-l1-1-1.dll
0x0000021c4ff10000 - 0x0000021c4ff13000 	C:\Users\Windows\Desktop\JavaStuff\javafx-sdk-15\bin\api-ms-win-core-profile-l1-1-0.dll
0x0000021c4ff20000 - 0x0000021c4ff23000 	C:\Users\Windows\Desktop\JavaStuff\javafx-sdk-15\bin\api-ms-win-core-rtlsupport-l1-1-0.dll
0x0000021c4ff30000 - 0x0000021c4ff33000 	C:\Users\Windows\Desktop\JavaStuff\javafx-sdk-15\bin\api-ms-win-core-string-l1-1-0.dll
0x0000021c4ff40000 - 0x0000021c4ff43000 	C:\Users\Windows\Desktop\JavaStuff\javafx-sdk-15\bin\api-ms-win-core-synch-l1-1-0.dll
0x0000021c4ff50000 - 0x0000021c4ff53000 	C:\Users\Windows\Desktop\JavaStuff\javafx-sdk-15\bin\api-ms-win-core-synch-l1-2-0.dll
0x0000021c50100000 - 0x0000021c50103000 	C:\Users\Windows\Desktop\JavaStuff\javafx-sdk-15\bin\api-ms-win-core-sysinfo-l1-1-0.dll
0x0000021c502c0000 - 0x0000021c502c3000 	C:\Users\Windows\Desktop\JavaStuff\javafx-sdk-15\bin\api-ms-win-core-timezone-l1-1-0.dll
0x0000021c502d0000 - 0x0000021c502d3000 	C:\Users\Windows\Desktop\JavaStuff\javafx-sdk-15\bin\api-ms-win-core-util-l1-1-0.dll
0x0000021c502e0000 - 0x0000021c502e3000 	C:\Users\Windows\Desktop\JavaStuff\javafx-sdk-15\bin\api-ms-win-crt-conio-l1-1-0.dll
0x0000021c502f0000 - 0x0000021c502f4000 	C:\Users\Windows\Desktop\JavaStuff\javafx-sdk-15\bin\api-ms-win-crt-convert-l1-1-0.dll
0x0000021c50300000 - 0x0000021c50303000 	C:\Users\Windows\Desktop\JavaStuff\javafx-sdk-15\bin\api-ms-win-crt-environment-l1-1-0.dll
0x0000021c50310000 - 0x0000021c50313000 	C:\Users\Windows\Desktop\JavaStuff\javafx-sdk-15\bin\api-ms-win-crt-filesystem-l1-1-0.dll
0x0000021c4ff60000 - 0x0000021c4ff63000 	C:\Users\Windows\Desktop\JavaStuff\javafx-sdk-15\bin\api-ms-win-crt-heap-l1-1-0.dll
0x0000021c4ff70000 - 0x0000021c4ff73000 	C:\Users\Windows\Desktop\JavaStuff\javafx-sdk-15\bin\api-ms-win-crt-locale-l1-1-0.dll
0x0000021c4ff80000 - 0x0000021c4ff85000 	C:\Users\Windows\Desktop\JavaStuff\javafx-sdk-15\bin\api-ms-win-crt-math-l1-1-0.dll
0x0000021c4ff90000 - 0x0000021c4ff95000 	C:\Users\Windows\Desktop\JavaStuff\javafx-sdk-15\bin\api-ms-win-crt-multibyte-l1-1-0.dll
0x0000021c4ffa0000 - 0x0000021c4ffb0000 	C:\Users\Windows\Desktop\JavaStuff\javafx-sdk-15\bin\api-ms-win-crt-private-l1-1-0.dll
0x0000021c4ffb0000 - 0x0000021c4ffb3000 	C:\Users\Windows\Desktop\JavaStuff\javafx-sdk-15\bin\api-ms-win-crt-process-l1-1-0.dll
0x0000021c4ffc0000 - 0x0000021c4ffc4000 	C:\Users\Windows\Desktop\JavaStuff\javafx-sdk-15\bin\api-ms-win-crt-runtime-l1-1-0.dll
0x0000021c4ffd0000 - 0x0000021c4ffd4000 	C:\Users\Windows\Desktop\JavaStuff\javafx-sdk-15\bin\api-ms-win-crt-stdio-l1-1-0.dll
0x0000021c4ffe0000 - 0x0000021c4ffe4000 	C:\Users\Windows\Desktop\JavaStuff\javafx-sdk-15\bin\api-ms-win-crt-string-l1-1-0.dll
0x0000021c4fff0000 - 0x0000021c4fff3000 	C:\Users\Windows\Desktop\JavaStuff\javafx-sdk-15\bin\api-ms-win-crt-time-l1-1-0.dll
0x0000021c50000000 - 0x0000021c50003000 	C:\Users\Windows\Desktop\JavaStuff\javafx-sdk-15\bin\api-ms-win-crt-utility-l1-1-0.dll
0x00007ffdd4d10000 - 0x00007ffdd4e0c000 	C:\Users\Windows\Desktop\JavaStuff\javafx-sdk-15\bin\ucrtbase.dll
0x00007ffddbae0000 - 0x00007ffddbaf5000 	C:\Users\Windows\Desktop\JavaStuff\javafx-sdk-15\bin\vcruntime140.dll
0x00007ffdefb70000 - 0x00007ffdefb7c000 	C:\Windows\System32\vcruntime140_1.dll
0x00007ffdb6f50000 - 0x00007ffdb6feb000 	C:\Users\Windows\Desktop\JavaStuff\javafx-sdk-15\bin\msvcp140.dll
0x00007ffddbab0000 - 0x00007ffddbad3000 	C:\Users\Windows\Desktop\JavaStuff\javafx-sdk-15\bin\prism_d3d.dll
0x00007ffe028c0000 - 0x00007ffe02a87000 	C:\Windows\system32\d3d9.dll
0x00007ffe0ad10000 - 0x00007ffe0ad3d000 	C:\Windows\SYSTEM32\dwmapi.dll
0x00007ffe0b770000 - 0x00007ffe0b790000 	C:\Windows\SYSTEM32\dxcore.dll
0x00007ffe0a8e0000 - 0x00007ffe0a979000 	C:\Windows\system32\uxtheme.dll
0x00007ffe033b0000 - 0x00007ffe0349f000 	C:\Windows\System32\DriverStore\FileRepository\nvmd.inf_amd64_82063bd87f0dc443\nvldumdx.dll
0x00007ffe0e170000 - 0x00007ffe0e2b9000 	C:\Windows\System32\crypt32.dll
0x00007ffe0d220000 - 0x00007ffe0d232000 	C:\Windows\System32\MSASN1.dll
0x00007ffe0d270000 - 0x00007ffe0d2cc000 	C:\Windows\System32\WINTRUST.DLL
0x00007ffe0fdc0000 - 0x00007ffe0fddd000 	C:\Windows\System32\imagehlp.dll
0x00007ffe0bed0000 - 0x00007ffe0bf03000 	C:\Windows\system32\rsaenh.dll
0x00007ffe0d240000 - 0x00007ffe0d266000 	C:\Windows\System32\bcrypt.dll
0x00007ffe0c530000 - 0x00007ffe0c53c000 	C:\Windows\SYSTEM32\CRYPTBASE.dll
0x00007ffda71a0000 - 0x00007ffda86a4000 	C:\Windows\System32\DriverStore\FileRepository\nvmd.inf_amd64_82063bd87f0dc443\nvd3dumx.dll
0x00007ffdefe10000 - 0x00007ffdeffd0000 	C:\Windows\System32\DriverStore\FileRepository\iigd_dch.inf_amd64_38bfcb542ef4272e\igdumdim64.dll
0x00007ffdf9cf0000 - 0x00007ffdf9e42000 	C:\Windows\System32\DriverStore\FileRepository\iigd_dch.inf_amd64_38bfcb542ef4272e\igdgmm64.dll
0x00007ffddba60000 - 0x00007ffddbaa5000 	C:\Users\Windows\Desktop\JavaStuff\javafx-sdk-15\bin\glass.dll
0x00007ffe0e3a0000 - 0x00007ffe0e470000 	C:\Windows\System32\COMDLG32.dll
0x00007ffe0edb0000 - 0x00007ffe0ef07000 	C:\Windows\System32\ole32.dll
0x00007ffe0e520000 - 0x00007ffe0e5e5000 	C:\Windows\System32\OLEAUT32.dll
0x00007ffe0e6d0000 - 0x00007ffe0e805000 	C:\Windows\System32\MSCTF.dll
0x00007ffe069b0000 - 0x00007ffe069df000 	C:\Windows\SYSTEM32\cryptnet.dll
0x00007ffe0b720000 - 0x00007ffe0b742000 	C:\Windows\SYSTEM32\gpapi.dll

dbghelp: loaded successfully - version: 4.0.5 - missing functions: none
symbol engine: initialized successfully - sym options: 0x614 - pdb path: .;C:\Program Files\Java\jdk-14\bin;C:\Windows\SYSTEM32;C:\Windows\WinSxS\amd64_microsoft.windows.common-controls_6595b64144ccf1df_6.0.18362.959_none_e6c7bbbf130c62bb;C:\Program Files\Java\jdk-14\bin\server;C:\Program Files\JetBrains\IntelliJ IDEA 2020.1.3\bin;C:\Users\Windows\Desktop\JavaStuff\javafx-sdk-15\bin;C:\Windows\System32\DriverStore\FileRepository\nvmd.inf_amd64_82063bd87f0dc443;C:\Windows\System32\DriverStore\FileRepository\iigd_dch.inf_amd64_38bfcb542ef4272e

VM Arguments:
jvm_args: --module-path=C:\Users\Windows\Desktop\JavaStuff\javafx-sdk-15\lib --add-modules=javafx.controls,javafx.fxml,javafx.web,javafx.media --add-exports=javafx.graphics/com.sun.javafx.sg.prism=ALL-UNNAMED --add-modules=javafx.base,javafx.graphics --add-reads=javafx.base=ALL-UNNAMED --add-reads=javafx.graphics=ALL-UNNAMED -javaagent:C:\Program Files\JetBrains\IntelliJ IDEA 2020.1.3\lib\idea_rt.jar=55504:C:\Program Files\JetBrains\IntelliJ IDEA 2020.1.3\bin -Dfile.encoding=UTF-8 
java_command: sample.Main
java_class_path (initial): C:\Users\Windows\IdeaProjects\Chess\out\production\JfxTest;C:\Users\Windows\Desktop\JavaStuff\javafx-sdk-15\lib\src.zip;C:\Users\Windows\Desktop\JavaStuff\javafx-sdk-15\lib\javafx-swt.jar;C:\Users\Windows\Desktop\JavaStuff\javafx-sdk-15\lib\javafx.web.jar;C:\Users\Windows\Desktop\JavaStuff\javafx-sdk-15\lib\javafx.base.jar;C:\Users\Windows\Desktop\JavaStuff\javafx-sdk-15\lib\javafx.fxml.jar;C:\Users\Windows\Desktop\JavaStuff\javafx-sdk-15\lib\javafx.media.jar;C:\Users\Windows\Desktop\JavaStuff\javafx-sdk-15\lib\javafx.swing.jar;C:\Users\Windows\Desktop\JavaStuff\javafx-sdk-15\lib\javafx.controls.jar;C:\Users\Windows\Desktop\JavaStuff\javafx-sdk-15\lib\javafx.graphics.jar
Launcher Type: SUN_STANDARD

[Global flags]
     intx CICompilerCount                          = 4                                         {product} {ergonomic}
     uint ConcGCThreads                            = 2                                         {product} {ergonomic}
     uint G1ConcRefinementThreads                  = 8                                         {product} {ergonomic}
   size_t G1HeapRegionSize                         = 1048576                                   {product} {ergonomic}
    uintx GCDrainStackTargetSize                   = 64                                        {product} {ergonomic}
   size_t InitialHeapSize                          = 268435456                                 {product} {ergonomic}
   size_t MarkStackSize                            = 4194304                                   {product} {ergonomic}
   size_t MaxHeapSize                              = 4267704320                                {product} {ergonomic}
   size_t MaxNewSize                               = 2560622592                                {product} {ergonomic}
   size_t MinHeapDeltaBytes                        = 1048576                                   {product} {ergonomic}
   size_t MinHeapSize                              = 8388608                                   {product} {ergonomic}
    uintx NonNMethodCodeHeapSize                   = 5839372                                {pd product} {ergonomic}
    uintx NonProfiledCodeHeapSize                  = 122909434                              {pd product} {ergonomic}
    uintx ProfiledCodeHeapSize                     = 122909434                              {pd product} {ergonomic}
    uintx ReservedCodeCacheSize                    = 251658240                              {pd product} {ergonomic}
     bool SegmentedCodeCache                       = true                                      {product} {ergonomic}
   size_t SoftMaxHeapSize                          = 4267704320                             {manageable} {ergonomic}
     bool UseCompressedClassPointers               = true                                 {lp64_product} {ergonomic}
     bool UseCompressedOops                        = true                                 {lp64_product} {ergonomic}
     bool UseG1GC                                  = true                                      {product} {ergonomic}
     bool UseLargePagesIndividualAllocation        = false                                  {pd product} {ergonomic}

Logging:
Log output configuration:
 #0: stdout all=warning uptime,level,tags
 #1: stderr all=off uptime,level,tags

Environment Variables:
JAVA_HOME=C:\Program Files\Java\jdk-14.0.1
PATH=C:\Python38\Scripts\;C:\Python38\;C:\Program Files\Java\jdk-14.0.1\bin;C:\ProgramData\chocolatey\bin;C:\Program Files\nodejs\;C:\Program Files\dotnet\;C:\Users\Windows\AppData\Local\Microsoft\WindowsApps;C:\Users\Windows\AppData\Local\atom\bin;C:\Users\Windows\AppData\Local\GitHubDesktop\bin;C:\Program Files\Java\jdk-14.0.1\bin;C:\dev\apache-maven-3.6.3\bin;C:\Users\Windows\AppData\Roaming\npm;C:\Users\Windows\.dotnet\tools
USERNAME=Windows
OS=Windows_NT
PROCESSOR_IDENTIFIER=Intel64 Family 6 Model 94 Stepping 3, GenuineIntel



---------------  S Y S T E M  ---------------

OS: Windows 10 , 64 bit Build 18362 (10.0.18362.959)
OS uptime: 0 days 0:53 hours

CPU:total 8 (initial active 8) (4 cores per cpu, 2 threads per core) family 6 model 94 stepping 3, cmov, cx8, fxsr, mmx, sse, sse2, sse3, ssse3, sse4.1, sse4.2, popcnt, avx, avx2, aes, clmul, erms, rtm, 3dnowpref, lzcnt, ht, tsc, tscinvbit, bmi1, bmi2, adx, fma

Memory: 4k page, system-wide physical 16275M (8740M free)
TotalPageFile size 18707M (AvailPageFile size 7423M)
current process WorkingSet (physical memory assigned to process): 86M, peak: 87M
current process commit charge ("private bytes"): 390M, peak: 390M

vm_info: Java HotSpot(TM) 64-Bit Server VM (14+36-1461) for windows-amd64 JRE (14+36-1461), built on Feb  6 2020 19:08:04 by "mach5one" with MS VC++ 15.9 (VS2017)

END.
