#
# A fatal error has been detected by the Java Runtime Environment:
#
#  EXCEPTION_ACCESS_VIOLATION (0xc0000005) at pc=0x00000157c16de703, pid=9960, tid=4728
#
# JRE version: Java(TM) SE Runtime Environment (14.0+36) (build 14+36-1461)
# Java VM: Java HotSpot(TM) 64-Bit Server VM (14+36-1461, mixed mode, sharing, tiered, compressed oops, g1 gc, windows-amd64)
# Problematic frame:
# J 717 c1 java.util.concurrent.ConcurrentHashMap$Traverser.advance()Ljava/util/concurrent/ConcurrentHashMap$Node; java.base@14 (188 bytes) @ 0x00000157c16de703 [0x00000157c16de3e0+0x0000000000000323]
#
# No core dump will be written. Minidumps are not enabled by default on client versions of Windows
#
# If you would like to submit a bug report, please visit:
#   https://bugreport.java.com/bugreport/crash.jsp
#

---------------  S U M M A R Y ------------

Command Line: --module-path=C:\Users\Windows\Desktop\JavaStuff\javafx-sdk-15\lib --add-modules=javafx.controls,javafx.fxml,javafx.web,javafx.media --add-exports=javafx.graphics/com.sun.javafx.sg.prism=ALL-UNNAMED --add-modules=javafx.base,javafx.graphics --add-reads=javafx.base=ALL-UNNAMED --add-reads=javafx.graphics=ALL-UNNAMED -javaagent:C:\Program Files\JetBrains\IntelliJ IDEA 2020.1.3\lib\idea_rt.jar=53386:C:\Program Files\JetBrains\IntelliJ IDEA 2020.1.3\bin -Dfile.encoding=UTF-8 sample.Main

Host: Intel(R) Core(TM) i7-6700 CPU @ 3.40GHz, 8 cores, 15G,  Windows 10 , 64 bit Build 18362 (10.0.18362.959)
Time: Sat Jul 18 22:33:06 2020 Pacific Daylight Time elapsed time: 1 seconds (0d 0h 0m 1s)

---------------  T H R E A D  ---------------

Current thread (0x00000157de3a6800):  JavaThread "JavaFX Application Thread" [_thread_in_Java, id=4728, stack(0x000000099e400000,0x000000099e500000)]

Stack: [0x000000099e400000,0x000000099e500000],  sp=0x000000099e4fcf90,  free space=1011k
Native frames: (J=compiled Java code, j=interpreted, Vv=VM code, C=native code)
C  0x00000157c16de703


siginfo: EXCEPTION_ACCESS_VIOLATION (0xc0000005), reading address 0x0000000000000108


Register to memory mapping:

RIP=0x00000157c16de703 is at entry_point+803 in (nmethod*)0x00000157c16de190
RAX=0x0 is NULL
RBX=0x0000000000000043 is an unknown value
RCX=0x0000000000034fa0 is an unknown value
RDX=0x0000000711922528 is an oop: java.util.concurrent.ConcurrentHashMap$ValueIterator 
{0x0000000711922528} - klass: 'java/util/concurrent/ConcurrentHashMap$ValueIterator'
RSP=0x000000099e4fcf90 is pointing into the stack for thread: 0x00000157de3a6800
RBP=0x000000099e4fd0f0 is pointing into the stack for thread: 0x00000157de3a6800
RSI=0x0000000708f79f48 is an oop: [Ljava.util.concurrent.ConcurrentHashMap$Node; 
{0x0000000708f79f48} - klass: 'java/util/concurrent/ConcurrentHashMap$Node'[]
 - length: 128
RDI=0x0000000000000080 is an unknown value
R8 =0x0000000000000100 is an unknown value
R9 =0x000000080028a880 is a pointer to class: 
java.util.concurrent.ConcurrentHashMap$Node {0x000000080028a888}
R10=0x0000000000000010 is an unknown value
R11=0x00000157c16ee080 is at entry_point+64 in (nmethod*)0x00000157c16ede90
R12=0x0 is NULL
R13=0x000000099e4fd0a0 is pointing into the stack for thread: 0x00000157de3a6800
R14=0x0000000800249f58 is pointing into metadata
R15=0x00000157de3a6800 is a thread


Registers:
RAX=0x0000000000000000, RBX=0x0000000000000043, RCX=0x0000000000034fa0, RDX=0x0000000711922528
RSP=0x000000099e4fcf90, RBP=0x000000099e4fd0f0, RSI=0x0000000708f79f48, RDI=0x0000000000000080
R8 =0x0000000000000100, R9 =0x000000080028a880, R10=0x0000000000000010, R11=0x00000157c16ee080
R12=0x0000000000000000, R13=0x000000099e4fd0a0, R14=0x0000000800249f58, R15=0x00000157de3a6800
RIP=0x00000157c16de703, EFLAGS=0x0000000000010206

Top of Stack: (sp=0x000000099e4fcf90)
0x000000099e4fcf90:   000000099e4fd048 0000000000000000
0x000000099e4fcfa0:   0000000000000000 0000000000000000
0x000000099e4fcfb0:   00000157de3a6b10 00007ffe689814cb
0x000000099e4fcfc0:   0000000000000000 00000157e62d2990
0x000000099e4fcfd0:   00000000003c003b 00000157e62d2990
0x000000099e4fcfe0:   0000000000000000 00007ffe6338154b
0x000000099e4fcff0:   00000157def40000 0000000000000000
0x000000099e4fd000:   000000099e4fd048 00000157e62d2990
0x000000099e4fd010:   00000000000010d2 0000000711922528
0x000000099e4fd020:   0000000800010ce8 0000000000000f22
0x000000099e4fd030:   000000099e4fd0f0 00000157c16ee14c
0x000000099e4fd040:   0000000711922528 00000007119224c0
0x000000099e4fd050:   0000000000000000 0000000701a61710
0x000000099e4fd060:   0000000708f88328 0000000000000000
0x000000099e4fd070:   000000099e4fd0a0 000000099e4fd0f0
0x000000099e4fd080:   000000099e4fd0f0 00000157c1049fe6 

Instructions: (pc=0x00000157c16de703)
0x00000157c16de603:   00 00 41 83 c0 08 44 89 81 04 01 00 00 41 81 e0
0x00000157c16de613:   f8 ff 7f 00 41 83 f8 00 0f 84 0c 0a 00 00 48 b9
0x00000157c16de623:   a0 f9 66 dc 57 01 00 00 48 8d 89 80 01 00 00 4c
0x00000157c16de633:   8b c6 45 8b 40 08 49 c1 e0 03 49 bc 00 00 00 00
0x00000157c16de643:   08 00 00 00 4d 03 c4 4d 33 e4 4c 33 41 08 49 f7
0x00000157c16de653:   c0 fc ff ff ff 74 11 49 f7 c0 02 00 00 00 75 08
0x00000157c16de663:   48 81 49 08 02 00 00 00 48 b9 28 32 aa 01 07 00
0x00000157c16de673:   00 00 49 b8 a0 f9 66 dc 57 01 00 00 49 83 80 48
0x00000157c16de683:   01 00 00 01 4c 63 c3 b9 02 00 00 00 49 d3 e0 49
0x00000157c16de693:   ba 10 00 00 00 00 00 00 00 4d 03 c2 48 b8 b8 fb
0x00000157c16de6a3:   66 dc 57 01 00 00 8b 88 04 01 00 00 83 c1 08 89
0x00000157c16de6b3:   88 04 01 00 00 81 e1 f8 ff 7f 00 83 f9 00 0f 84
0x00000157c16de6c3:   87 09 00 00 46 8b 04 06 49 c1 e0 03 41 0f be 47
0x00000157c16de6d3:   30 83 f8 00 0f 85 92 09 00 00 49 83 f8 00 75 16
0x00000157c16de6e3:   48 b9 a0 f9 66 dc 57 01 00 00 80 89 91 01 00 00
0x00000157c16de6f3:   01 e9 e3 00 00 00 49 b9 80 a8 28 00 08 00 00 00
0x00000157c16de703:   41 8b 48 08 48 c1 e1 03 49 bc 00 00 00 00 08 00
0x00000157c16de713:   00 00 49 03 cc 4d 33 e4 4c 3b 49 38 0f 85 9b 00
0x00000157c16de723:   00 00 48 b9 a0 f9 66 dc 57 01 00 00 45 8b 48 08
0x00000157c16de733:   49 c1 e1 03 49 bc 00 00 00 00 08 00 00 00 4d 03
0x00000157c16de743:   cc 4d 33 e4 4c 3b 89 a8 01 00 00 75 0d 48 83 81
0x00000157c16de753:   b0 01 00 00 01 e9 7f 00 00 00 4c 3b 89 b8 01 00
0x00000157c16de763:   00 75 0d 48 83 81 c0 01 00 00 01 e9 69 00 00 00
0x00000157c16de773:   48 81 b9 a8 01 00 00 00 00 00 00 75 17 4c 89 89
0x00000157c16de783:   a8 01 00 00 48 c7 81 b0 01 00 00 01 00 00 00 e9
0x00000157c16de793:   45 00 00 00 48 81 b9 b8 01 00 00 00 00 00 00 75
0x00000157c16de7a3:   17 4c 89 89 b8 01 00 00 48 c7 81 c0 01 00 00 01
0x00000157c16de7b3:   00 00 00 e9 21 00 00 00 e9 1c 00 00 00 48 b9 a0
0x00000157c16de7c3:   f9 66 dc 57 01 00 00 48 83 a9 98 01 00 00 01 e9
0x00000157c16de7d3:   b0 08 00 00 e9 00 00 00 00 49 8b c0 48 83 f8 00
0x00000157c16de7e3:   49 b8 00 10 7f dc 57 01 00 00 48 b9 18 02 00 00
0x00000157c16de7f3:   00 00 00 00 0f 84 0a 00 00 00 48 b9 28 02 00 00 


Stack slot to memory mapping:
stack at sp + 0 slots: 0x000000099e4fd048 is pointing into the stack for thread: 0x00000157de3a6800
stack at sp + 1 slots: 0x0 is NULL
stack at sp + 2 slots: 0x0 is NULL
stack at sp + 3 slots: 0x0 is NULL
stack at sp + 4 slots: 0x00000157de3a6b10 points into unknown readable memory: a0 2a 26 1d fe 7f 00 00
stack at sp + 5 slots: 0x00007ffe689814cb ucrtbase.dll
stack at sp + 6 slots: 0x0 is NULL
stack at sp + 7 slots: 0x00000157e62d2990 points into unknown readable memory: 43 00 3a 00 5c 00 57 00

--------------------------------------------------------------------------------
[Constant Pool (empty)]

--------------------------------------------------------------------------------

[MachCode]
  0x00000157c16de3e0: 448b 5208 | 49c1 e203 | 49bc 0000 | 0000 0800 | 0000 4d03 | d44d 33e4 | 4c3b d00f | 85ff cb9a 
  0x00000157c16de400: ff66 6666 | 0f1f 8400 | 0000 0000 | 6666 6690 | 6666 660f | 1f84 0000 | 0000 0066 | 6666 9090 
  0x00000157c16de420: 8984 2400 | 90ff ff55 | 4881 eca0 | 0000 0048 | 8994 2488 | 0000 0048 | b900 107f | dc57 0100 
  0x00000157c16de440: 0044 8b81 | 0401 0000 | 4183 c008 | 4489 8104 | 0100 0041 | 81e0 f81f | 0000 4183 | f800 0f84 
  0x00000157c16de460: 9e0b 0000 | 8b4a 2048 | c1e1 0348 | 83f9 0049 | b800 107f | dc57 0100 | 0048 be48 | 0100 0000 
  0x00000157c16de480: 0000 000f | 840a 0000 | 0048 be58 | 0100 0000 | 0000 0049 | 8b3c 3048 | 8d7f 0149 | 893c 300f 
  0x00000157c16de4a0: 840b 0000 | 008b 4918 | 48c1 e103 | 0f1f 4000 | 4883 f900 | 49b8 0010 | 7fdc 5701 | 0000 48be 
  0x00000157c16de4c0: 7801 0000 | 0000 0000 | 0f85 0a00 | 0000 48be | 6801 0000 | 0000 0000 | 498b 3c30 | 488d 7f01 
  0x00000157c16de4e0: 4989 3c30 | 0f85 d50a | 0000 8b4a | 1044 8b42 | 1441 3bc8 | 48b9 0010 | 7fdc 5701 | 0000 49b8 
  0x00000157c16de500: 8801 0000 | 0000 0000 | 0f8d 0a00 | 0000 49b8 | 9801 0000 | 0000 0000 | 4a8b 3401 | 488d 7601 
  0x00000157c16de520: 4a89 3401 | 0f8d 630a | 0000 8b72 | 1c48 c1e6 | 0348 83fe | 0048 b900 | 107f dc57 | 0100 0049 
  0x00000157c16de540: b8a8 0100 | 0000 0000 | 000f 840a | 0000 0049 | b8b8 0100 | 0000 0000 | 004a 8b3c | 0148 8d7f 
  0x00000157c16de560: 014a 893c | 010f 8422 | 0a00 008b | 7e0c 8b5a | 0c3b fb48 | b900 107f | dc57 0100 | 0049 b8c8 
  0x00000157c16de580: 0100 0000 | 0000 000f | 8e0a 0000 | 0049 b8d8 | 0100 0000 | 0000 004a | 8b04 0148 | 8d40 014a 
  0x00000157c16de5a0: 8904 010f | 8ee4 0900 | 0083 fb00 | 48b9 0010 | 7fdc 5701 | 0000 49b8 | f801 0000 | 0000 0000 
  0x00000157c16de5c0: 0f8c 0a00 | 0000 49b8 | e801 0000 | 0000 0000 | 4a8b 0401 | 488d 4001 | 4a89 0401 | 0f8c ab09 
  0x00000157c16de5e0: 0000 48b9 | 0010 7fdc | 5701 0000 | 4883 8108 | 0200 0001 | 48b9 a0f9 | 66dc 5701 | 0000 448b 
  0x00000157c16de600: 8104 0100 | 0041 83c0 | 0844 8981 | 0401 0000 | 4181 e0f8 | ff7f 0041 | 83f8 000f | 840c 0a00 
  0x00000157c16de620: 0048 b9a0 | f966 dc57 | 0100 0048 | 8d89 8001 | 0000 4c8b | c645 8b40 | 0849 c1e0 | 0349 bc00 
  0x00000157c16de640: 0000 0008 | 0000 004d | 03c4 4d33 | e44c 3341 | 0849 f7c0 | fcff ffff | 7411 49f7 | c002 0000 
  0x00000157c16de660: 0075 0848 | 8149 0802 | 0000 0048 | b928 32aa | 0107 0000 | 0049 b8a0 | f966 dc57 | 0100 0049 
  0x00000157c16de680: 8380 4801 | 0000 014c | 63c3 b902 | 0000 0049 | d3e0 49ba | 1000 0000 | 0000 0000 | 4d03 c248 
  0x00000157c16de6a0: b8b8 fb66 | dc57 0100 | 008b 8804 | 0100 0083 | c108 8988 | 0401 0000 | 81e1 f8ff | 7f00 83f9 
  0x00000157c16de6c0: 000f 8487 | 0900 0046 | 8b04 0649 | c1e0 0341 | 0fbe 4730 | 83f8 000f | 8592 0900 | 0049 83f8 
  0x00000157c16de6e0: 0075 1648 | b9a0 f966 | dc57 0100 | 0080 8991 | 0100 0001 | e9e3 0000 | 0049 b980 | a828 0008 
  0x00000157c16de700: 0000 0041 | 8b48 0848 | c1e1 0349 | bc00 0000 | 0008 0000 | 0049 03cc | 4d33 e44c | 3b49 380f 
  0x00000157c16de720: 859b 0000 | 0048 b9a0 | f966 dc57 | 0100 0045 | 8b48 0849 | c1e1 0349 | bc00 0000 | 0008 0000 
  0x00000157c16de740: 004d 03cc | 4d33 e44c | 3b89 a801 | 0000 750d | 4883 81b0 | 0100 0001 | e97f 0000 | 004c 3b89 
  0x00000157c16de760: b801 0000 | 750d 4883 | 81c0 0100 | 0001 e969 | 0000 0048 | 81b9 a801 | 0000 0000 | 0000 7517 
  0x00000157c16de780: 4c89 89a8 | 0100 0048 | c781 b001 | 0000 0100 | 0000 e945 | 0000 0048 | 81b9 b801 | 0000 0000 
  0x00000157c16de7a0: 0000 7517 | 4c89 89b8 | 0100 0048 | c781 c001 | 0000 0100 | 0000 e921 | 0000 00e9 | 1c00 0000 
  0x00000157c16de7c0: 48b9 a0f9 | 66dc 5701 | 0000 4883 | a998 0100 | 0001 e9b0 | 0800 00e9 | 0000 0000 | 498b c048 
  0x00000157c16de7e0: 83f8 0049 | b800 107f | dc57 0100 | 0048 b918 | 0200 0000 | 0000 000f | 840a 0000 | 0048 b928 
  0x00000157c16de800: 0200 0000 | 0000 004d | 8b0c 084d | 8d49 014d | 890c 080f | 846d 0400 | 0044 8b40 | 0c41 83f8 
  0x00000157c16de820: 0049 b800 | 107f dc57 | 0100 0048 | b938 0200 | 0000 0000 | 000f 8d0a | 0000 0048 | b948 0200 
  0x00000157c16de840: 0000 0000 | 004d 8b0c | 084d 8d49 | 014d 890c | 080f 8d2f | 0400 0048 | 83f8 0075 | 1749 b900 
  0x00000157c16de860: 107f dc57 | 0100 0041 | 8089 5102 | 0000 01e9 | e100 0000 | 49bb 10a6 | 2800 0800 | 0000 8b48 
  0x00000157c16de880: 0848 c1e1 | 0349 bc00 | 0000 0008 | 0000 0049 | 03cc 4d33 | e44c 3bd9 | 0f85 9b00 | 0000 49b9 
  0x00000157c16de8a0: 0010 7fdc | 5701 0000 | 448b 5808 | 49c1 e303 | 49bc 0000 | 0000 0800 | 0000 4d03 | dc4d 33e4 
  0x00000157c16de8c0: 4d3b 9968 | 0200 0075 | 0d49 8381 | 7002 0000 | 01e9 8400 | 0000 4d3b | 9978 0200 | 0075 0d49 
  0x00000157c16de8e0: 8381 8002 | 0000 01e9 | 6e00 0000 | 4981 b968 | 0200 0000 | 0000 0075 | 174d 8999 | 6802 0000 
  0x00000157c16de900: 49c7 8170 | 0200 0001 | 0000 00e9 | 4a00 0000 | 4981 b978 | 0200 0000 | 0000 0075 | 174d 8999 
  0x00000157c16de920: 7802 0000 | 49c7 8180 | 0200 0001 | 0000 00e9 | 2600 0000 | e921 0000 | 0049 b900 | 107f dc57 
  0x00000157c16de940: 0100 0049 | 83a9 5802 | 0000 01e9 | 0500 0000 | e905 0000 | 004d 33c0 | eb0a 49b8 | 0100 0000 
  0x00000157c16de960: 0000 0000 | 4183 f800 | 49b8 0010 | 7fdc 5701 | 0000 48b9 | a002 0000 | 0000 0000 | 0f85 0a00 
  0x00000157c16de980: 0000 48b9 | 9002 0000 | 0000 0000 | 4d8b 0c08 | 4d8d 4901 | 4d89 0c08 | 0f85 3404 | 0000 4883 
  0x00000157c16de9a0: f800 7516 | 48b9 0010 | 7fdc 5701 | 0000 8089 | 3103 0000 | 01e9 1301 | 0000 660f | 1f44 0000 
  0x00000157c16de9c0: e9df 0600 | 0000 0000 | 0000 8b48 | 0848 c1e1 | 0349 bc00 | 0000 0008 | 0000 0049 | 03cc 4d33 
  0x00000157c16de9e0: e449 3bc9 | 0f84 2c00 | 0000 418b | 7110 4c3b | 0c31 0f84 | 1e00 0000 | 83fe 200f | 85b0 0000 
  0x00000157c16dea00: 0051 4151 | e8f7 cba5 | ff59 4159 | 4183 f900 | 0f84 9b00 | 0000 48b9 | 0010 7fdc | 5701 0000 
  0x00000157c16dea20: 448b 4808 | 49c1 e103 | 49bc 0000 | 0000 0800 | 0000 4d03 | cc4d 33e4 | 4c3b 8948 | 0300 0075 
  0x00000157c16dea40: 0d48 8381 | 5003 0000 | 01e9 8400 | 0000 4c3b | 8958 0300 | 0075 0d48 | 8381 6003 | 0000 01e9 
  0x00000157c16dea60: 6e00 0000 | 4881 b948 | 0300 0000 | 0000 0075 | 174c 8989 | 4803 0000 | 48c7 8150 | 0300 0001 
  0x00000157c16dea80: 0000 00e9 | 4a00 0000 | 4881 b958 | 0300 0000 | 0000 0075 | 174c 8989 | 5803 0000 | 48c7 8160 
  0x00000157c16deaa0: 0300 0001 | 0000 00e9 | 2600 0000 | e921 0000 | 0048 b900 | 107f dc57 | 0100 0048 | 83a9 3803 
  0x00000157c16deac0: 0000 01e9 | 0500 0000 | e905 0000 | 004d 33c0 | eb0a 49b8 | 0100 0000 | 0000 0000 | 4183 f800 
  0x00000157c16deae0: 49b8 0010 | 7fdc 5701 | 0000 48be | 7003 0000 | 0000 0000 | 0f84 0a00 | 0000 48be | 8003 0000 
  0x00000157c16deb00: 0000 0000 | 498b 0c30 | 488d 4901 | 4989 0c30 | 0f84 6601 | 0000 4883 | f800 7516 | 48b9 0010 
  0x00000157c16deb20: 7fdc 5701 | 0000 8089 | 8903 0000 | 01e9 1301 | 0000 660f | 1f44 0000 | e980 0500 | 0000 0000 
  0x00000157c16deb40: 0000 8b48 | 0848 c1e1 | 0349 bc00 | 0000 0008 | 0000 0049 | 03cc 4d33 | e449 3bc9 | 0f84 2c00 
  0x00000157c16deb60: 0000 418b | 7110 4c3b | 0c31 0f84 | 1e00 0000 | 83fe 200f | 85b0 0000 | 0051 4151 | e87f caa5 
  0x00000157c16deb80: ff59 4159 | 4183 f900 | 0f84 9b00 | 0000 48b9 | 0010 7fdc | 5701 0000 | 448b 4808 | 49c1 e103 
  0x00000157c16deba0: 49bc 0000 | 0000 0800 | 0000 4d03 | cc4d 33e4 | 4c3b 89a0 | 0300 0075 | 0d48 8381 | a803 0000 
  0x00000157c16debc0: 01e9 7f00 | 0000 4c3b | 89b0 0300 | 0075 0d48 | 8381 b803 | 0000 01e9 | 6900 0000 | 4881 b9a0 
  0x00000157c16debe0: 0300 0000 | 0000 0075 | 174c 8989 | a003 0000 | 48c7 81a8 | 0300 0001 | 0000 00e9 | 4500 0000 
  0x00000157c16dec00: 4881 b9b0 | 0300 0000 | 0000 0075 | 174c 8989 | b003 0000 | 48c7 81b8 | 0300 0001 | 0000 00e9 
  0x00000157c16dec20: 2100 0000 | e91c 0000 | 0048 b900 | 107f dc57 | 0100 0048 | 83a9 9003 | 0000 01e9 | 8704 0000 
  0x00000157c16dec40: e900 0000 | 004c 8bc0 | 4983 f800 | 0f84 7e04 | 0000 660f | 1f44 0000 | e991 0400 | 0090 9048 
  0x00000157c16dec60: c1e6 0349 | b800 107f | dc57 0100 | 0041 ff80 | c803 0000 | 488b c6e9 | 0a00 0000 | 48b8 0000 
  0x00000157c16dec80: 0000 0000 | 0000 448b | 4224 49c1 | e003 4983 | f800 49b8 | 0010 7fdc | 5701 0000 | 48be e003 
  0x00000157c16deca0: 0000 0000 | 0000 0f84 | 0a00 0000 | 48be f003 | 0000 0000 | 0000 498b | 0c30 488d | 4901 4989 
  0x00000157c16decc0: 0c30 4889 | 8424 9000 | 0000 0f84 | 4a00 0000 | 4c8b c248 | be00 107f | dc57 0100 | 0048 8386 
  0x00000157c16dece0: 0004 0000 | 014c 8bc7 | 488b f248 | 8bd6 90e8 | 0cc0 9aff | 49b8 0010 | 7fdc 5701 | 0000 41ff 
  0x00000157c16ded00: 8038 0400 | 0048 8b84 | 2490 0000 | 0048 8b94 | 2488 0000 | 00e9 6800 | 0000 448b | 4218 4403 
  0x00000157c16ded20: c344 8942 | 0c44 3bc7 | 49b8 0010 | 7fdc 5701 | 0000 49b9 | 6004 0000 | 0000 0000 | 0f8d 0a00 
  0x00000157c16ded40: 0000 49b9 | 5004 0000 | 0000 0000 | 4b8b 3c08 | 488d 7f01 | 4b89 3c08 | 0f8d 0d00 | 0000 488b 
  0x00000157c16ded60: 8424 9000 | 0000 e917 | 0000 0044 | 8b42 1041 | ffc0 4489 | 4210 4489 | 420c 488b | 8424 9000 
  0x00000157c16ded80: 0000 49b8 | 0010 7fdc | 5701 0000 | 458b 8808 | 0100 0041 | 83c1 0845 | 8988 0801 | 0000 4181 
  0x00000157c16deda0: e1f8 ff00 | 0041 83f9 | 000f 8449 | 0300 004d | 8b97 1001 | 0000 4185 | 0249 b800 | 107f dc57 
  0x00000157c16dedc0: 0100 0041 | ff80 7004 | 0000 488b | c8e9 def6 | ffff 4883 | f800 7517 | 49b8 0010 | 7fdc 5701 
  0x00000157c16dede0: 0000 4180 | 88a9 0200 | 0001 e9e1 | 0000 0048 | b910 a628 | 0008 0000 | 0044 8b48 | 0849 c1e1 
  0x00000157c16dee00: 0349 bc00 | 0000 0008 | 0000 004d | 03cc 4d33 | e449 3bc9 | 0f85 9a00 | 0000 49b8 | 0010 7fdc 
  0x00000157c16dee20: 5701 0000 | 8b48 0848 | c1e1 0349 | bc00 0000 | 0008 0000 | 0049 03cc | 4d33 e449 | 3b88 c002 
  0x00000157c16dee40: 0000 750d | 4983 80c8 | 0200 0001 | e97f 0000 | 0049 3b88 | d002 0000 | 750d 4983 | 80d8 0200 
  0x00000157c16dee60: 0001 e969 | 0000 0049 | 81b8 c002 | 0000 0000 | 0000 7517 | 4989 88c0 | 0200 0049 | c780 c802 
  0x00000157c16dee80: 0000 0100 | 0000 e945 | 0000 0049 | 81b8 d002 | 0000 0000 | 0000 7517 | 4989 88d0 | 0200 0049 
  0x00000157c16deea0: c780 d802 | 0000 0100 | 0000 e921 | 0000 00e9 | 1c00 0000 | 49b8 0010 | 7fdc 5701 | 0000 4983 
  0x00000157c16deec0: a8b0 0200 | 0001 e94e | 0200 00e9 | 0000 0000 | 4c8b c045 | 8b40 1c49 | c1e0 0345 | 0fbe 4f30 
  0x00000157c16deee0: 4183 f900 | 0f85 3d02 | 0000 4d8b | d049 c1ea | 0344 8952 | 1c4c 8bca | 4d33 c849 | c1e9 1449 
  0x00000157c16def00: 83f9 000f | 853e 0200 | 004c 8bc2 | 49b9 0010 | 7fdc 5701 | 0000 4983 | 81e8 0200 | 0001 4c8b 
  0x00000157c16def20: c64c 8bcb | 488b f248 | 8bd6 0f1f | 4400 00e8 | ccbd 9aff | 48b8 0010 | 7fdc 5701 | 0000 8bb0 
  0x00000157c16def40: 0801 0000 | 83c6 0889 | b008 0100 | 0081 e6f8 | ff00 0083 | fe00 0f84 | 0302 0000 | 4d8b 9710 
  0x00000157c16def60: 0100 0041 | 8502 48b8 | 0010 7fdc | 5701 0000 | ff80 2003 | 0000 48b9 | 0000 0000 | 0000 0000 
  0x00000157c16def80: 488b 9424 | 8800 0000 | e923 f5ff | ff41 0fbe | 4730 83f8 | 000f 85e5 | 0100 00c7 | 4220 0000 
  0x00000157c16defa0: 0000 48b8 | 0000 0000 | 0000 0000 | 4881 c4a0 | 0000 005d | 4d8b 9710 | 0100 0041 | 8502 c341 
  0x00000157c16defc0: 0fbe 4730 | 83f8 000f | 85d2 0100 | 004c 8bd1 | 49c1 ea03 | 4489 5220 | 488b c248 | 33c1 48c1 
  0x00000157c16defe0: e814 4883 | f800 0f85 | d201 0000 | 488b c148 | 81c4 a000 | 0000 5d4d | 8b97 1001 | 0000 4185 
  0x00000157c16df000: 02c3 49ba | 7864 1900 | 0800 0000 | 4c89 5424 | 0848 c704 | 24ff ffff | ffe8 e2e7 | a5ff e941 
  0x00000157c16df020: f4ff ffe8 | 7881 a5ff | e873 81a5 | ff49 ba30 | 1d33 0008 | 0000 004c | 8954 2408 | 48c7 0424 
  0x00000157c16df040: ffff ffff | e8b7 e7a5 | ffe9 d3f5 | ffff 49ba | 1036 3600 | 0800 0000 | 4c89 5424 | 0848 c704 
  0x00000157c16df060: 24ff ffff | ffe8 96e7 | a5ff e958 | f6ff ff49 | 83f8 000f | 8464 f6ff | ff4c 8904 | 24e8 7ee1 
  0x00000157c16df080: a5ff e956 | f6ff ff4c | 8904 24e8 | 10a5 a5ff | e80b 81a5 | ff49 b900 | 0000 0000 | 0000 00b8 
  0x00000157c16df0a0: 000f 050a | e857 b9a5 | ffe9 12f9 | ffff 49b9 | 0000 0000 | 0000 0000 | b800 0f05 | 0ae8 3eb9 
  0x00000157c16df0c0: a5ff e971 | faff ff48 | 8904 24e8 | d0a4 a5ff | 48c7 0424 | f7ff ffff | e823 c2a5 | ffe8 be80 
  0x00000157c16df0e0: a5ff 418b | b000 0000 | 00b8 000c | 0507 e88d | bda5 ffe9 | 60fb ffff | 49ba 7864 | 1900 0800 
  0x00000157c16df100: 0000 4c89 | 5424 0848 | c704 24b9 | 0000 00e8 | ece6 a5ff | e996 fcff | ff48 8904 | 24e8 7ea4 
  0x00000157c16df120: a5ff e879 | 80a5 ff44 | 8b4a 1c49 | c1e1 0349 | 83f9 000f | 84b1 fdff | ff4c 890c | 24e8 bee0 
  0x00000157c16df140: a5ff e9a3 | fdff ff49 | 83f8 000f | 84b8 fdff | ff48 8914 | 24e8 a6dd | a5ff e9aa | fdff ff49 
  0x00000157c16df160: ba78 6419 | 0008 0000 | 004c 8954 | 2408 48c7 | 0424 7300 | 0000 e885 | e6a5 ffe9 | dcfd ffff 
  0x00000157c16df180: 8b42 2048 | c1e0 0348 | 83f8 000f | 840a feff | ff48 8904 | 24e8 66e0 | a5ff e9fc | fdff ff8b 
  0x00000157c16df1a0: 4220 48c1 | e003 4883 | f800 0f84 | 1dfe ffff | 4889 0424 | e847 e0a5 | ffe9 0ffe | ffff 4883 
  0x00000157c16df1c0: f900 0f84 | 24fe ffff | 4889 1424 | e82f dda5 | ffe9 16fe | ffff 9090 | 498b 87e8 | 0300 0049 
  0x00000157c16df1e0: ba00 0000 | 0000 0000 | 004d 8997 | e803 0000 | 49ba 0000 | 0000 0000 | 0000 4d89 | 97f0 0300 
  0x00000157c16df200: 0048 81c4 | a000 0000 | 5de9 7270 | a5ff f4f4 | f4f4 f4f4 | f4f4 f4f4 | f4f4 f4f4 | f4f4 f4f4 
  0x00000157c16df220: 0f1f 4400 | 0048 bb00 | 0000 0000 | 0000 00e9 | fbff ffff | 9048 bb00 | 0000 0000 | 0000 00e9 
  0x00000157c16df240: fbff ffff | e837 9da5 | ff48 b988 | 5b0c 1dfe | 7f00 0048 | 83e4 f049 | ba80 5edd | 1cfe 7f00 
  0x00000157c16df260: 0041 ffd2 | f449 ba65 | f26d c157 | 0100 0041 | 52e9 2aa1 | 9aff f4f4 
[/MachCode]
--------------------------------------------------------------------------------


---------------  P R O C E S S  ---------------

Threads class SMR info:
_java_thread_list=0x00000157de98cab0, length=23, elements={
0x00000157b88a6000, 0x00000157dc1d5800, 0x00000157dc1d7000, 0x00000157dc1ee000,
0x00000157dc1f2000, 0x00000157dc1f3000, 0x00000157dc1f6000, 0x00000157dc1fa800,
0x00000157dc20d800, 0x00000157dd060800, 0x00000157dd0b2800, 0x00000157dd17e000,
0x00000157dd3d1800, 0x00000157dd551000, 0x00000157dd55b800, 0x00000157dddbe800,
0x00000157de3a6800, 0x00000157de2fa000, 0x00000157ddfbe000, 0x00000157e5fbd800,
0x00000157de861000, 0x00000157de866000, 0x00000157de863800
}

Java Threads: ( => current thread )
  0x00000157b88a6000 JavaThread "main" [_thread_blocked, id=2548, stack(0x000000099cc00000,0x000000099cd00000)]
  0x00000157dc1d5800 JavaThread "Reference Handler" daemon [_thread_blocked, id=5376, stack(0x000000099d300000,0x000000099d400000)]
  0x00000157dc1d7000 JavaThread "Finalizer" daemon [_thread_blocked, id=9692, stack(0x000000099d400000,0x000000099d500000)]
  0x00000157dc1ee000 JavaThread "Signal Dispatcher" daemon [_thread_blocked, id=2096, stack(0x000000099d500000,0x000000099d600000)]
  0x00000157dc1f2000 JavaThread "Attach Listener" daemon [_thread_blocked, id=8752, stack(0x000000099d600000,0x000000099d700000)]
  0x00000157dc1f3000 JavaThread "Service Thread" daemon [_thread_blocked, id=9808, stack(0x000000099d700000,0x000000099d800000)]
  0x00000157dc1f6000 JavaThread "C2 CompilerThread0" daemon [_thread_blocked, id=3540, stack(0x000000099d800000,0x000000099d900000)]
  0x00000157dc1fa800 JavaThread "C1 CompilerThread0" daemon [_thread_blocked, id=9112, stack(0x000000099d900000,0x000000099da00000)]
  0x00000157dc20d800 JavaThread "Sweeper thread" daemon [_thread_blocked, id=5760, stack(0x000000099da00000,0x000000099db00000)]
  0x00000157dd060800 JavaThread "Common-Cleaner" daemon [_thread_blocked, id=4372, stack(0x000000099db00000,0x000000099dc00000)]
  0x00000157dd0b2800 JavaThread "C2 CompilerThread1" daemon [_thread_blocked, id=7944, stack(0x000000099dc00000,0x000000099dd00000)]
  0x00000157dd17e000 JavaThread "C2 CompilerThread2" daemon [_thread_blocked, id=11256, stack(0x000000099dd00000,0x000000099de00000)]
  0x00000157dd3d1800 JavaThread "Monitor Ctrl-Break" daemon [_thread_in_native, id=1916, stack(0x000000099de00000,0x000000099df00000)]
  0x00000157dd551000 JavaThread "Notification Thread" daemon [_thread_blocked, id=4700, stack(0x000000099df00000,0x000000099e000000)]
  0x00000157dd55b800 JavaThread "QuantumRenderer-0" daemon [_thread_blocked, id=4084, stack(0x000000099e100000,0x000000099e200000)]
  0x00000157dddbe800 JavaThread "InvokeLaterDispatcher" daemon [_thread_blocked, id=6128, stack(0x000000099e300000,0x000000099e400000)]
=>0x00000157de3a6800 JavaThread "JavaFX Application Thread" [_thread_in_Java, id=4728, stack(0x000000099e400000,0x000000099e500000)]
  0x00000157de2fa000 JavaThread "JavaFX-Launcher" [_thread_blocked, id=1156, stack(0x000000099e700000,0x000000099e800000)]
  0x00000157ddfbe000 JavaThread "Thread-2" daemon [_thread_in_native, id=5644, stack(0x000000099e600000,0x000000099e700000)]
  0x00000157e5fbd800 JavaThread "pool-2-thread-1" [_thread_blocked, id=11224, stack(0x000000099ee00000,0x000000099ef00000)]
  0x00000157de861000 JavaThread "JFXMedia Player EventQueueThread" daemon [_thread_blocked, id=5072, stack(0x000000099f100000,0x000000099f200000)]
  0x00000157de866000 JavaThread "Media Resource Disposer" daemon [_thread_blocked, id=5564, stack(0x000000099f600000,0x000000099f700000)]
  0x00000157de863800 JavaThread "Prism Font Disposer" daemon [_thread_blocked, id=7260, stack(0x000000099fe00000,0x000000099ff00000)]

Other Threads:
  0x00000157dc1d3000 VMThread "VM Thread" [stack: 0x000000099d200000,0x000000099d300000] [id=7504]
  0x00000157dd78c000 WatcherThread [stack: 0x000000099e000000,0x000000099e100000] [id=9476]
  0x00000157b890c800 GCTaskThread "GC Thread#0" [stack: 0x000000099cd00000,0x000000099ce00000] [id=2108]
  0x00000157ddbd1000 GCTaskThread "GC Thread#1" [stack: 0x000000099e800000,0x000000099e900000] [id=11248]
  0x00000157ddbd5800 GCTaskThread "GC Thread#2" [stack: 0x000000099e900000,0x000000099ea00000] [id=5064]
  0x00000157ddbd3800 GCTaskThread "GC Thread#3" [stack: 0x000000099ea00000,0x000000099eb00000] [id=6004]
  0x00000157ddbd2000 GCTaskThread "GC Thread#4" [stack: 0x000000099eb00000,0x000000099ec00000] [id=3212]
  0x00000157ddbd2800 GCTaskThread "GC Thread#5" [stack: 0x000000099ec00000,0x000000099ed00000] [id=9372]
  0x00000157ddbd4800 GCTaskThread "GC Thread#6" [stack: 0x000000099fa00000,0x000000099fb00000] [id=4660]
  0x00000157ddbd6000 GCTaskThread "GC Thread#7" [stack: 0x000000099fb00000,0x000000099fc00000] [id=6876]
  0x00000157b892e800 ConcurrentGCThread "G1 Main Marker" [stack: 0x000000099ce00000,0x000000099cf00000] [id=6584]
  0x00000157b8930800 ConcurrentGCThread "G1 Conc#0" [stack: 0x000000099cf00000,0x000000099d000000] [id=1672]
  0x00000157ddbd4000 ConcurrentGCThread "G1 Conc#1" [stack: 0x000000099fc00000,0x000000099fd00000] [id=3344]
  0x00000157dc11b800 ConcurrentGCThread "G1 Refine#0" [stack: 0x000000099d000000,0x000000099d100000] [id=3932]
  0x00000157dc11c800 ConcurrentGCThread "G1 Young RemSet Sampling" [stack: 0x000000099d100000,0x000000099d200000] [id=6996]

Threads with active compile tasks:

VM state:not at safepoint (normal execution)

VM Mutex/Monitor currently owned by a thread: None

Heap address: 0x0000000701a00000, size: 4070 MB, Compressed Oops mode: Zero based, Oop shift amount: 3
Narrow klass base: 0x0000000800000000, Narrow klass shift: 3
Compressed class space size: 1073741824 Address: 0x0000000800b30000

Heap:
 garbage-first heap   total 262144K, used 133104K [0x0000000701a00000, 0x0000000800000000)
  region size 1024K, 4 young (4096K), 2 survivors (2048K)
 Metaspace       used 15505K, capacity 16193K, committed 16384K, reserved 1062912K
  class space    used 2220K, capacity 2509K, committed 2560K, reserved 1048576K
Heap Regions: E=young(eden), S=young(survivor), O=old, HS=humongous(starts), HC=humongous(continues), CS=collection set, F=free, OA=open archive, CA=closed archive, TAMS=top-at-mark-start (previous, next)
|   0|0x0000000701a00000, 0x0000000701b00000, 0x0000000701b00000|100%| O|  |TAMS 0x0000000701b00000, 0x0000000701a00000| Untracked 
|   1|0x0000000701b00000, 0x0000000701c00000, 0x0000000701c00000|100%|HS|  |TAMS 0x0000000701c00000, 0x0000000701b00000| Complete 
|   2|0x0000000701c00000, 0x0000000701d00000, 0x0000000701d00000|100%|HC|  |TAMS 0x0000000701d00000, 0x0000000701c00000| Complete 
|   3|0x0000000701d00000, 0x0000000701e00000, 0x0000000701e00000|100%|HS|  |TAMS 0x0000000701e00000, 0x0000000701d00000| Complete 
|   4|0x0000000701e00000, 0x0000000701f00000, 0x0000000701f00000|100%|HC|  |TAMS 0x0000000701f00000, 0x0000000701e00000| Complete 
|   5|0x0000000701f00000, 0x0000000702000000, 0x0000000702000000|100%|HS|  |TAMS 0x0000000702000000, 0x0000000701f00000| Complete 
|   6|0x0000000702000000, 0x0000000702100000, 0x0000000702100000|100%|HC|  |TAMS 0x0000000702100000, 0x0000000702000000| Complete 
|   7|0x0000000702100000, 0x0000000702200000, 0x0000000702200000|100%|HS|  |TAMS 0x0000000702200000, 0x0000000702100000| Complete 
|   8|0x0000000702200000, 0x0000000702300000, 0x0000000702300000|100%|HC|  |TAMS 0x0000000702300000, 0x0000000702200000| Complete 
|   9|0x0000000702300000, 0x0000000702400000, 0x0000000702400000|100%|HS|  |TAMS 0x0000000702400000, 0x0000000702300000| Complete 
|  10|0x0000000702400000, 0x0000000702500000, 0x0000000702500000|100%|HC|  |TAMS 0x0000000702500000, 0x0000000702400000| Complete 
|  11|0x0000000702500000, 0x0000000702600000, 0x0000000702600000|100%|HS|  |TAMS 0x0000000702600000, 0x0000000702500000| Complete 
|  12|0x0000000702600000, 0x0000000702700000, 0x0000000702700000|100%|HC|  |TAMS 0x0000000702700000, 0x0000000702600000| Complete 
|  13|0x0000000702700000, 0x0000000702800000, 0x0000000702800000|100%|HS|  |TAMS 0x0000000702800000, 0x0000000702700000| Complete 
|  14|0x0000000702800000, 0x0000000702900000, 0x0000000702900000|100%|HC|  |TAMS 0x0000000702900000, 0x0000000702800000| Complete 
|  15|0x0000000702900000, 0x0000000702a00000, 0x0000000702a00000|100%|HS|  |TAMS 0x0000000702a00000, 0x0000000702900000| Complete 
|  16|0x0000000702a00000, 0x0000000702b00000, 0x0000000702b00000|100%|HC|  |TAMS 0x0000000702b00000, 0x0000000702a00000| Complete 
|  17|0x0000000702b00000, 0x0000000702c00000, 0x0000000702c00000|100%|HS|  |TAMS 0x0000000702c00000, 0x0000000702b00000| Complete 
|  18|0x0000000702c00000, 0x0000000702d00000, 0x0000000702d00000|100%|HC|  |TAMS 0x0000000702d00000, 0x0000000702c00000| Complete 
|  19|0x0000000702d00000, 0x0000000702e00000, 0x0000000702e00000|100%|HS|  |TAMS 0x0000000702e00000, 0x0000000702d00000| Complete 
|  20|0x0000000702e00000, 0x0000000702f00000, 0x0000000702f00000|100%|HC|  |TAMS 0x0000000702f00000, 0x0000000702e00000| Complete 
|  21|0x0000000702f00000, 0x0000000703000000, 0x0000000703000000|100%|HS|  |TAMS 0x0000000703000000, 0x0000000702f00000| Complete 
|  22|0x0000000703000000, 0x0000000703100000, 0x0000000703100000|100%|HC|  |TAMS 0x0000000703100000, 0x0000000703000000| Complete 
|  23|0x0000000703100000, 0x0000000703200000, 0x0000000703200000|100%|HS|  |TAMS 0x0000000703200000, 0x0000000703100000| Complete 
|  24|0x0000000703200000, 0x0000000703300000, 0x0000000703300000|100%|HC|  |TAMS 0x0000000703300000, 0x0000000703200000| Complete 
|  25|0x0000000703300000, 0x0000000703400000, 0x0000000703400000|100%|HS|  |TAMS 0x0000000703400000, 0x0000000703300000| Complete 
|  26|0x0000000703400000, 0x0000000703500000, 0x0000000703500000|100%|HC|  |TAMS 0x0000000703500000, 0x0000000703400000| Complete 
|  27|0x0000000703500000, 0x0000000703600000, 0x0000000703600000|100%|HS|  |TAMS 0x0000000703600000, 0x0000000703500000| Complete 
|  28|0x0000000703600000, 0x0000000703700000, 0x0000000703700000|100%|HC|  |TAMS 0x0000000703700000, 0x0000000703600000| Complete 
|  29|0x0000000703700000, 0x0000000703800000, 0x0000000703800000|100%|HS|  |TAMS 0x0000000703800000, 0x0000000703700000| Complete 
|  30|0x0000000703800000, 0x0000000703900000, 0x0000000703900000|100%|HC|  |TAMS 0x0000000703900000, 0x0000000703800000| Complete 
|  31|0x0000000703900000, 0x0000000703a00000, 0x0000000703a00000|100%|HS|  |TAMS 0x0000000703a00000, 0x0000000703900000| Complete 
|  32|0x0000000703a00000, 0x0000000703b00000, 0x0000000703b00000|100%|HC|  |TAMS 0x0000000703b00000, 0x0000000703a00000| Complete 
|  33|0x0000000703b00000, 0x0000000703c00000, 0x0000000703c00000|100%|HS|  |TAMS 0x0000000703c00000, 0x0000000703b00000| Complete 
|  34|0x0000000703c00000, 0x0000000703d00000, 0x0000000703d00000|100%|HC|  |TAMS 0x0000000703d00000, 0x0000000703c00000| Complete 
|  35|0x0000000703d00000, 0x0000000703e00000, 0x0000000703e00000|100%|HS|  |TAMS 0x0000000703e00000, 0x0000000703d00000| Complete 
|  36|0x0000000703e00000, 0x0000000703f00000, 0x0000000703f00000|100%|HC|  |TAMS 0x0000000703f00000, 0x0000000703e00000| Complete 
|  37|0x0000000703f00000, 0x0000000704000000, 0x0000000704000000|100%|HS|  |TAMS 0x0000000704000000, 0x0000000703f00000| Complete 
|  38|0x0000000704000000, 0x0000000704100000, 0x0000000704100000|100%|HC|  |TAMS 0x0000000704100000, 0x0000000704000000| Complete 
|  39|0x0000000704100000, 0x0000000704200000, 0x0000000704200000|100%|HS|  |TAMS 0x0000000704200000, 0x0000000704100000| Complete 
|  40|0x0000000704200000, 0x0000000704300000, 0x0000000704300000|100%|HC|  |TAMS 0x0000000704300000, 0x0000000704200000| Complete 
|  41|0x0000000704300000, 0x0000000704400000, 0x0000000704400000|100%|HS|  |TAMS 0x0000000704400000, 0x0000000704300000| Complete 
|  42|0x0000000704400000, 0x0000000704500000, 0x0000000704500000|100%|HC|  |TAMS 0x0000000704500000, 0x0000000704400000| Complete 
|  43|0x0000000704500000, 0x0000000704600000, 0x0000000704600000|100%|HS|  |TAMS 0x0000000704600000, 0x0000000704500000| Complete 
|  44|0x0000000704600000, 0x0000000704700000, 0x0000000704700000|100%|HC|  |TAMS 0x0000000704700000, 0x0000000704600000| Complete 
|  45|0x0000000704700000, 0x0000000704800000, 0x0000000704800000|100%|HS|  |TAMS 0x0000000704800000, 0x0000000704700000| Complete 
|  46|0x0000000704800000, 0x0000000704900000, 0x0000000704900000|100%|HC|  |TAMS 0x0000000704900000, 0x0000000704800000| Complete 
|  47|0x0000000704900000, 0x0000000704a00000, 0x0000000704a00000|100%|HC|  |TAMS 0x0000000704a00000, 0x0000000704900000| Complete 
|  48|0x0000000704a00000, 0x0000000704b00000, 0x0000000704b00000|100%|HS|  |TAMS 0x0000000704b00000, 0x0000000704a00000| Complete 
|  49|0x0000000704b00000, 0x0000000704c00000, 0x0000000704c00000|100%|HC|  |TAMS 0x0000000704c00000, 0x0000000704b00000| Complete 
|  50|0x0000000704c00000, 0x0000000704d00000, 0x0000000704d00000|100%|HC|  |TAMS 0x0000000704d00000, 0x0000000704c00000| Complete 
|  51|0x0000000704d00000, 0x0000000704e00000, 0x0000000704e00000|100%|HS|  |TAMS 0x0000000704e00000, 0x0000000704d00000| Complete 
|  52|0x0000000704e00000, 0x0000000704f00000, 0x0000000704f00000|100%|HC|  |TAMS 0x0000000704f00000, 0x0000000704e00000| Complete 
|  53|0x0000000704f00000, 0x0000000705000000, 0x0000000705000000|100%|HS|  |TAMS 0x0000000705000000, 0x0000000704f00000| Complete 
|  54|0x0000000705000000, 0x0000000705100000, 0x0000000705100000|100%|HC|  |TAMS 0x0000000705100000, 0x0000000705000000| Complete 
|  55|0x0000000705100000, 0x0000000705200000, 0x0000000705200000|100%|HS|  |TAMS 0x0000000705200000, 0x0000000705100000| Complete 
|  56|0x0000000705200000, 0x0000000705300000, 0x0000000705300000|100%|HC|  |TAMS 0x0000000705300000, 0x0000000705200000| Complete 
|  57|0x0000000705300000, 0x0000000705400000, 0x0000000705400000|100%|HS|  |TAMS 0x0000000705400000, 0x0000000705300000| Complete 
|  58|0x0000000705400000, 0x0000000705500000, 0x0000000705500000|100%|HC|  |TAMS 0x0000000705500000, 0x0000000705400000| Complete 
|  59|0x0000000705500000, 0x0000000705600000, 0x0000000705600000|100%|HS|  |TAMS 0x0000000705600000, 0x0000000705500000| Complete 
|  60|0x0000000705600000, 0x0000000705700000, 0x0000000705700000|100%|HC|  |TAMS 0x0000000705700000, 0x0000000705600000| Complete 
|  61|0x0000000705700000, 0x0000000705800000, 0x0000000705800000|100%|HC|  |TAMS 0x0000000705800000, 0x0000000705700000| Complete 
|  62|0x0000000705800000, 0x0000000705900000, 0x0000000705900000|100%|HS|  |TAMS 0x0000000705900000, 0x0000000705800000| Complete 
|  63|0x0000000705900000, 0x0000000705a00000, 0x0000000705a00000|100%|HC|  |TAMS 0x0000000705a00000, 0x0000000705900000| Complete 
|  64|0x0000000705a00000, 0x0000000705b00000, 0x0000000705b00000|100%|HC|  |TAMS 0x0000000705b00000, 0x0000000705a00000| Complete 
|  65|0x0000000705b00000, 0x0000000705c00000, 0x0000000705c00000|100%|HS|  |TAMS 0x0000000705c00000, 0x0000000705b00000| Complete 
|  66|0x0000000705c00000, 0x0000000705d00000, 0x0000000705d00000|100%|HC|  |TAMS 0x0000000705d00000, 0x0000000705c00000| Complete 
|  67|0x0000000705d00000, 0x0000000705e00000, 0x0000000705e00000|100%|HC|  |TAMS 0x0000000705e00000, 0x0000000705d00000| Complete 
|  68|0x0000000705e00000, 0x0000000705f00000, 0x0000000705f00000|100%|HS|  |TAMS 0x0000000705f00000, 0x0000000705e00000| Complete 
|  69|0x0000000705f00000, 0x0000000706000000, 0x0000000706000000|100%|HC|  |TAMS 0x0000000706000000, 0x0000000705f00000| Complete 
|  70|0x0000000706000000, 0x0000000706100000, 0x0000000706100000|100%|HC|  |TAMS 0x0000000706100000, 0x0000000706000000| Complete 
|  71|0x0000000706100000, 0x0000000706100000, 0x0000000706200000|  0%| F|  |TAMS 0x0000000706100000, 0x0000000706100000| Untracked 
|  72|0x0000000706200000, 0x0000000706300000, 0x0000000706300000|100%| O|  |TAMS 0x0000000706300000, 0x0000000706200000| Untracked 
|  73|0x0000000706300000, 0x0000000706400000, 0x0000000706400000|100%| O|  |TAMS 0x0000000706400000, 0x0000000706300000| Untracked 
|  74|0x0000000706400000, 0x0000000706500000, 0x0000000706500000|100%|HS|  |TAMS 0x0000000706500000, 0x0000000706400000| Complete 
|  75|0x0000000706500000, 0x0000000706600000, 0x0000000706600000|100%|HC|  |TAMS 0x0000000706600000, 0x0000000706500000| Complete 
|  76|0x0000000706600000, 0x0000000706700000, 0x0000000706700000|100%|HS|  |TAMS 0x0000000706700000, 0x0000000706600000| Complete 
|  77|0x0000000706700000, 0x0000000706800000, 0x0000000706800000|100%|HC|  |TAMS 0x0000000706800000, 0x0000000706700000| Complete 
|  78|0x0000000706800000, 0x0000000706900000, 0x0000000706900000|100%|HC|  |TAMS 0x0000000706900000, 0x0000000706800000| Complete 
|  79|0x0000000706900000, 0x0000000706a00000, 0x0000000706a00000|100%|HC|  |TAMS 0x0000000706a00000, 0x0000000706900000| Complete 
|  80|0x0000000706a00000, 0x0000000706b00000, 0x0000000706b00000|100%|HC|  |TAMS 0x0000000706b00000, 0x0000000706a00000| Complete 
|  81|0x0000000706b00000, 0x0000000706c00000, 0x0000000706c00000|100%|HC|  |TAMS 0x0000000706c00000, 0x0000000706b00000| Complete 
|  82|0x0000000706c00000, 0x0000000706d00000, 0x0000000706d00000|100%|HC|  |TAMS 0x0000000706d00000, 0x0000000706c00000| Complete 
|  83|0x0000000706d00000, 0x0000000706e00000, 0x0000000706e00000|100%|HC|  |TAMS 0x0000000706e00000, 0x0000000706d00000| Complete 
|  84|0x0000000706e00000, 0x0000000706f00000, 0x0000000706f00000|100%|HS|  |TAMS 0x0000000706f00000, 0x0000000706e00000| Complete 
|  85|0x0000000706f00000, 0x0000000707000000, 0x0000000707000000|100%|HC|  |TAMS 0x0000000707000000, 0x0000000706f00000| Complete 
|  86|0x0000000707000000, 0x0000000707100000, 0x0000000707100000|100%|HS|  |TAMS 0x0000000707100000, 0x0000000707000000| Complete 
|  87|0x0000000707100000, 0x0000000707200000, 0x0000000707200000|100%|HC|  |TAMS 0x0000000707200000, 0x0000000707100000| Complete 
|  88|0x0000000707200000, 0x0000000707300000, 0x0000000707300000|100%|HS|  |TAMS 0x0000000707300000, 0x0000000707200000| Complete 
|  89|0x0000000707300000, 0x0000000707400000, 0x0000000707400000|100%|HC|  |TAMS 0x0000000707400000, 0x0000000707300000| Complete 
|  90|0x0000000707400000, 0x0000000707500000, 0x0000000707500000|100%|HS|  |TAMS 0x0000000707500000, 0x0000000707400000| Complete 
|  91|0x0000000707500000, 0x0000000707600000, 0x0000000707600000|100%|HC|  |TAMS 0x0000000707600000, 0x0000000707500000| Complete 
|  92|0x0000000707600000, 0x0000000707700000, 0x0000000707700000|100%|HC|  |TAMS 0x0000000707700000, 0x0000000707600000| Complete 
|  93|0x0000000707700000, 0x0000000707800000, 0x0000000707800000|100%|HS|  |TAMS 0x0000000707800000, 0x0000000707700000| Complete 
|  94|0x0000000707800000, 0x0000000707900000, 0x0000000707900000|100%|HC|  |TAMS 0x0000000707900000, 0x0000000707800000| Complete 
|  95|0x0000000707900000, 0x0000000707a00000, 0x0000000707a00000|100%|HC|  |TAMS 0x0000000707a00000, 0x0000000707900000| Complete 
|  96|0x0000000707a00000, 0x0000000707b00000, 0x0000000707b00000|100%| O|  |TAMS 0x0000000707b00000, 0x0000000707a00000| Untracked 
|  97|0x0000000707b00000, 0x0000000707c00000, 0x0000000707c00000|100%|HS|  |TAMS 0x0000000707c00000, 0x0000000707b00000| Complete 
|  98|0x0000000707c00000, 0x0000000707d00000, 0x0000000707d00000|100%|HC|  |TAMS 0x0000000707d00000, 0x0000000707c00000| Complete 
|  99|0x0000000707d00000, 0x0000000707e00000, 0x0000000707e00000|100%|HC|  |TAMS 0x0000000707e00000, 0x0000000707d00000| Complete 
| 100|0x0000000707e00000, 0x0000000707f00000, 0x0000000707f00000|100%|HS|  |TAMS 0x0000000707f00000, 0x0000000707e00000| Complete 
| 101|0x0000000707f00000, 0x0000000708000000, 0x0000000708000000|100%|HC|  |TAMS 0x0000000708000000, 0x0000000707f00000| Complete 
| 102|0x0000000708000000, 0x0000000708100000, 0x0000000708100000|100%|HC|  |TAMS 0x0000000708100000, 0x0000000708000000| Complete 
| 103|0x0000000708100000, 0x0000000708200000, 0x0000000708200000|100%|HS|  |TAMS 0x0000000708200000, 0x0000000708100000| Complete 
| 104|0x0000000708200000, 0x0000000708300000, 0x0000000708300000|100%|HC|  |TAMS 0x0000000708300000, 0x0000000708200000| Complete 
| 105|0x0000000708300000, 0x0000000708400000, 0x0000000708400000|100%|HC|  |TAMS 0x0000000708400000, 0x0000000708300000| Complete 
| 106|0x0000000708400000, 0x0000000708500000, 0x0000000708500000|100%| O|  |TAMS 0x0000000708500000, 0x0000000708400000| Untracked 
| 107|0x0000000708500000, 0x0000000708600000, 0x0000000708600000|100%|HS|  |TAMS 0x0000000708600000, 0x0000000708500000| Complete 
| 108|0x0000000708600000, 0x0000000708700000, 0x0000000708700000|100%|HC|  |TAMS 0x0000000708700000, 0x0000000708600000| Complete 
| 109|0x0000000708700000, 0x0000000708800000, 0x0000000708800000|100%|HC|  |TAMS 0x0000000708800000, 0x0000000708700000| Complete 
| 110|0x0000000708800000, 0x0000000708900000, 0x0000000708900000|100%|HS|  |TAMS 0x0000000708900000, 0x0000000708800000| Complete 
| 111|0x0000000708900000, 0x0000000708a00000, 0x0000000708a00000|100%|HC|  |TAMS 0x0000000708a00000, 0x0000000708900000| Complete 
| 112|0x0000000708a00000, 0x0000000708b00000, 0x0000000708b00000|100%|HS|  |TAMS 0x0000000708b00000, 0x0000000708a00000| Complete 
| 113|0x0000000708b00000, 0x0000000708c00000, 0x0000000708c00000|100%|HC|  |TAMS 0x0000000708c00000, 0x0000000708b00000| Complete 
| 114|0x0000000708c00000, 0x0000000708d00000, 0x0000000708d00000|100%|HC|  |TAMS 0x0000000708d00000, 0x0000000708c00000| Complete 
| 115|0x0000000708d00000, 0x0000000708e00000, 0x0000000708e00000|100%| O|  |TAMS 0x0000000708e00000, 0x0000000708d00000| Untracked 
| 116|0x0000000708e00000, 0x0000000708f00000, 0x0000000708f00000|100%| O|  |TAMS 0x0000000708f00000, 0x0000000708e00000| Untracked 
| 117|0x0000000708f00000, 0x0000000709000000, 0x0000000709000000|100%| O|  |TAMS 0x0000000709000000, 0x0000000708f00000| Untracked 
| 118|0x0000000709000000, 0x0000000709100000, 0x0000000709100000|100%| O|  |TAMS 0x0000000709100000, 0x0000000709000000| Untracked 
| 119|0x0000000709100000, 0x0000000709200000, 0x0000000709200000|100%|HS|  |TAMS 0x0000000709200000, 0x0000000709100000| Complete 
| 120|0x0000000709200000, 0x0000000709300000, 0x0000000709300000|100%|HC|  |TAMS 0x0000000709300000, 0x0000000709200000| Complete 
| 121|0x0000000709300000, 0x0000000709400000, 0x0000000709400000|100%|HC|  |TAMS 0x0000000709400000, 0x0000000709300000| Complete 
| 122|0x0000000709400000, 0x000000070941b400, 0x0000000709500000| 10%| O|  |TAMS 0x000000070941b400, 0x0000000709400000| Untracked 
| 123|0x0000000709500000, 0x0000000709600000, 0x0000000709600000|100%|HS|  |TAMS 0x0000000709600000, 0x0000000709500000| Complete 
| 124|0x0000000709600000, 0x0000000709700000, 0x0000000709700000|100%|HC|  |TAMS 0x0000000709700000, 0x0000000709600000| Complete 
| 125|0x0000000709700000, 0x0000000709800000, 0x0000000709800000|100%|HC|  |TAMS 0x0000000709800000, 0x0000000709700000| Complete 
| 126|0x0000000709800000, 0x0000000709900000, 0x0000000709900000|100%|HS|  |TAMS 0x0000000709800000, 0x0000000709800000| Complete 
| 127|0x0000000709900000, 0x0000000709a00000, 0x0000000709a00000|100%|HC|  |TAMS 0x0000000709900000, 0x0000000709900000| Complete 
| 128|0x0000000709a00000, 0x0000000709b00000, 0x0000000709b00000|100%|HC|  |TAMS 0x0000000709a00000, 0x0000000709a00000| Complete 
| 129|0x0000000709b00000, 0x0000000709b00000, 0x0000000709c00000|  0%| F|  |TAMS 0x0000000709b00000, 0x0000000709b00000| Untracked 
| 130|0x0000000709c00000, 0x0000000709c00000, 0x0000000709d00000|  0%| F|  |TAMS 0x0000000709c00000, 0x0000000709c00000| Untracked 
| 131|0x0000000709d00000, 0x0000000709d00000, 0x0000000709e00000|  0%| F|  |TAMS 0x0000000709d00000, 0x0000000709d00000| Untracked 
| 132|0x0000000709e00000, 0x0000000709e00000, 0x0000000709f00000|  0%| F|  |TAMS 0x0000000709e00000, 0x0000000709e00000| Untracked 
| 133|0x0000000709f00000, 0x0000000709f00000, 0x000000070a000000|  0%| F|  |TAMS 0x0000000709f00000, 0x0000000709f00000| Untracked 
| 134|0x000000070a000000, 0x000000070a000000, 0x000000070a100000|  0%| F|  |TAMS 0x000000070a000000, 0x000000070a000000| Untracked 
| 135|0x000000070a100000, 0x000000070a100000, 0x000000070a200000|  0%| F|  |TAMS 0x000000070a100000, 0x000000070a100000| Untracked 
| 136|0x000000070a200000, 0x000000070a200000, 0x000000070a300000|  0%| F|  |TAMS 0x000000070a200000, 0x000000070a200000| Untracked 
| 137|0x000000070a300000, 0x000000070a300000, 0x000000070a400000|  0%| F|  |TAMS 0x000000070a300000, 0x000000070a300000| Untracked 
| 138|0x000000070a400000, 0x000000070a400000, 0x000000070a500000|  0%| F|  |TAMS 0x000000070a400000, 0x000000070a400000| Untracked 
| 139|0x000000070a500000, 0x000000070a500000, 0x000000070a600000|  0%| F|  |TAMS 0x000000070a500000, 0x000000070a500000| Untracked 
| 140|0x000000070a600000, 0x000000070a600000, 0x000000070a700000|  0%| F|  |TAMS 0x000000070a600000, 0x000000070a600000| Untracked 
| 141|0x000000070a700000, 0x000000070a700000, 0x000000070a800000|  0%| F|  |TAMS 0x000000070a700000, 0x000000070a700000| Untracked 
| 142|0x000000070a800000, 0x000000070a800000, 0x000000070a900000|  0%| F|  |TAMS 0x000000070a800000, 0x000000070a800000| Untracked 
| 143|0x000000070a900000, 0x000000070a900000, 0x000000070aa00000|  0%| F|  |TAMS 0x000000070a900000, 0x000000070a900000| Untracked 
| 144|0x000000070aa00000, 0x000000070aa00000, 0x000000070ab00000|  0%| F|  |TAMS 0x000000070aa00000, 0x000000070aa00000| Untracked 
| 145|0x000000070ab00000, 0x000000070ab00000, 0x000000070ac00000|  0%| F|  |TAMS 0x000000070ab00000, 0x000000070ab00000| Untracked 
| 146|0x000000070ac00000, 0x000000070ac00000, 0x000000070ad00000|  0%| F|  |TAMS 0x000000070ac00000, 0x000000070ac00000| Untracked 
| 147|0x000000070ad00000, 0x000000070ad00000, 0x000000070ae00000|  0%| F|  |TAMS 0x000000070ad00000, 0x000000070ad00000| Untracked 
| 148|0x000000070ae00000, 0x000000070ae00000, 0x000000070af00000|  0%| F|  |TAMS 0x000000070ae00000, 0x000000070ae00000| Untracked 
| 149|0x000000070af00000, 0x000000070af00000, 0x000000070b000000|  0%| F|  |TAMS 0x000000070af00000, 0x000000070af00000| Untracked 
| 150|0x000000070b000000, 0x000000070b000000, 0x000000070b100000|  0%| F|  |TAMS 0x000000070b000000, 0x000000070b000000| Untracked 
| 151|0x000000070b100000, 0x000000070b100000, 0x000000070b200000|  0%| F|  |TAMS 0x000000070b100000, 0x000000070b100000| Untracked 
| 152|0x000000070b200000, 0x000000070b200000, 0x000000070b300000|  0%| F|  |TAMS 0x000000070b200000, 0x000000070b200000| Untracked 
| 153|0x000000070b300000, 0x000000070b300000, 0x000000070b400000|  0%| F|  |TAMS 0x000000070b300000, 0x000000070b300000| Untracked 
| 154|0x000000070b400000, 0x000000070b400000, 0x000000070b500000|  0%| F|  |TAMS 0x000000070b400000, 0x000000070b400000| Untracked 
| 155|0x000000070b500000, 0x000000070b500000, 0x000000070b600000|  0%| F|  |TAMS 0x000000070b500000, 0x000000070b500000| Untracked 
| 156|0x000000070b600000, 0x000000070b600000, 0x000000070b700000|  0%| F|  |TAMS 0x000000070b600000, 0x000000070b600000| Untracked 
| 157|0x000000070b700000, 0x000000070b700000, 0x000000070b800000|  0%| F|  |TAMS 0x000000070b700000, 0x000000070b700000| Untracked 
| 158|0x000000070b800000, 0x000000070b800000, 0x000000070b900000|  0%| F|  |TAMS 0x000000070b800000, 0x000000070b800000| Untracked 
| 159|0x000000070b900000, 0x000000070b900000, 0x000000070ba00000|  0%| F|  |TAMS 0x000000070b900000, 0x000000070b900000| Untracked 
| 160|0x000000070ba00000, 0x000000070ba00000, 0x000000070bb00000|  0%| F|  |TAMS 0x000000070ba00000, 0x000000070ba00000| Untracked 
| 161|0x000000070bb00000, 0x000000070bb00000, 0x000000070bc00000|  0%| F|  |TAMS 0x000000070bb00000, 0x000000070bb00000| Untracked 
| 162|0x000000070bc00000, 0x000000070bc00000, 0x000000070bd00000|  0%| F|  |TAMS 0x000000070bc00000, 0x000000070bc00000| Untracked 
| 163|0x000000070bd00000, 0x000000070bd00000, 0x000000070be00000|  0%| F|  |TAMS 0x000000070bd00000, 0x000000070bd00000| Untracked 
| 164|0x000000070be00000, 0x000000070be00000, 0x000000070bf00000|  0%| F|  |TAMS 0x000000070be00000, 0x000000070be00000| Untracked 
| 165|0x000000070bf00000, 0x000000070bf00000, 0x000000070c000000|  0%| F|  |TAMS 0x000000070bf00000, 0x000000070bf00000| Untracked 
| 166|0x000000070c000000, 0x000000070c000000, 0x000000070c100000|  0%| F|  |TAMS 0x000000070c000000, 0x000000070c000000| Untracked 
| 167|0x000000070c100000, 0x000000070c100000, 0x000000070c200000|  0%| F|  |TAMS 0x000000070c100000, 0x000000070c100000| Untracked 
| 168|0x000000070c200000, 0x000000070c200000, 0x000000070c300000|  0%| F|  |TAMS 0x000000070c200000, 0x000000070c200000| Untracked 
| 169|0x000000070c300000, 0x000000070c300000, 0x000000070c400000|  0%| F|  |TAMS 0x000000070c300000, 0x000000070c300000| Untracked 
| 170|0x000000070c400000, 0x000000070c400000, 0x000000070c500000|  0%| F|  |TAMS 0x000000070c400000, 0x000000070c400000| Untracked 
| 171|0x000000070c500000, 0x000000070c500000, 0x000000070c600000|  0%| F|  |TAMS 0x000000070c500000, 0x000000070c500000| Untracked 
| 172|0x000000070c600000, 0x000000070c600000, 0x000000070c700000|  0%| F|  |TAMS 0x000000070c600000, 0x000000070c600000| Untracked 
| 173|0x000000070c700000, 0x000000070c700000, 0x000000070c800000|  0%| F|  |TAMS 0x000000070c700000, 0x000000070c700000| Untracked 
| 174|0x000000070c800000, 0x000000070c800000, 0x000000070c900000|  0%| F|  |TAMS 0x000000070c800000, 0x000000070c800000| Untracked 
| 175|0x000000070c900000, 0x000000070c900000, 0x000000070ca00000|  0%| F|  |TAMS 0x000000070c900000, 0x000000070c900000| Untracked 
| 176|0x000000070ca00000, 0x000000070ca00000, 0x000000070cb00000|  0%| F|  |TAMS 0x000000070ca00000, 0x000000070ca00000| Untracked 
| 177|0x000000070cb00000, 0x000000070cb00000, 0x000000070cc00000|  0%| F|  |TAMS 0x000000070cb00000, 0x000000070cb00000| Untracked 
| 178|0x000000070cc00000, 0x000000070cc00000, 0x000000070cd00000|  0%| F|  |TAMS 0x000000070cc00000, 0x000000070cc00000| Untracked 
| 179|0x000000070cd00000, 0x000000070cd00000, 0x000000070ce00000|  0%| F|  |TAMS 0x000000070cd00000, 0x000000070cd00000| Untracked 
| 180|0x000000070ce00000, 0x000000070ce00000, 0x000000070cf00000|  0%| F|  |TAMS 0x000000070ce00000, 0x000000070ce00000| Untracked 
| 181|0x000000070cf00000, 0x000000070cf00000, 0x000000070d000000|  0%| F|  |TAMS 0x000000070cf00000, 0x000000070cf00000| Untracked 
| 182|0x000000070d000000, 0x000000070d000000, 0x000000070d100000|  0%| F|  |TAMS 0x000000070d000000, 0x000000070d000000| Untracked 
| 183|0x000000070d100000, 0x000000070d100000, 0x000000070d200000|  0%| F|  |TAMS 0x000000070d100000, 0x000000070d100000| Untracked 
| 184|0x000000070d200000, 0x000000070d200000, 0x000000070d300000|  0%| F|  |TAMS 0x000000070d200000, 0x000000070d200000| Untracked 
| 185|0x000000070d300000, 0x000000070d300000, 0x000000070d400000|  0%| F|  |TAMS 0x000000070d300000, 0x000000070d300000| Untracked 
| 186|0x000000070d400000, 0x000000070d400000, 0x000000070d500000|  0%| F|  |TAMS 0x000000070d400000, 0x000000070d400000| Untracked 
| 187|0x000000070d500000, 0x000000070d500000, 0x000000070d600000|  0%| F|  |TAMS 0x000000070d500000, 0x000000070d500000| Untracked 
| 188|0x000000070d600000, 0x000000070d600000, 0x000000070d700000|  0%| F|  |TAMS 0x000000070d600000, 0x000000070d600000| Untracked 
| 189|0x000000070d700000, 0x000000070d700000, 0x000000070d800000|  0%| F|  |TAMS 0x000000070d700000, 0x000000070d700000| Untracked 
| 190|0x000000070d800000, 0x000000070d800000, 0x000000070d900000|  0%| F|  |TAMS 0x000000070d800000, 0x000000070d800000| Untracked 
| 191|0x000000070d900000, 0x000000070d900000, 0x000000070da00000|  0%| F|  |TAMS 0x000000070d900000, 0x000000070d900000| Untracked 
| 192|0x000000070da00000, 0x000000070da00000, 0x000000070db00000|  0%| F|  |TAMS 0x000000070da00000, 0x000000070da00000| Untracked 
| 193|0x000000070db00000, 0x000000070db00000, 0x000000070dc00000|  0%| F|  |TAMS 0x000000070db00000, 0x000000070db00000| Untracked 
| 194|0x000000070dc00000, 0x000000070dc00000, 0x000000070dd00000|  0%| F|  |TAMS 0x000000070dc00000, 0x000000070dc00000| Untracked 
| 195|0x000000070dd00000, 0x000000070dd00000, 0x000000070de00000|  0%| F|  |TAMS 0x000000070dd00000, 0x000000070dd00000| Untracked 
| 196|0x000000070de00000, 0x000000070de00000, 0x000000070df00000|  0%| F|  |TAMS 0x000000070de00000, 0x000000070de00000| Untracked 
| 197|0x000000070df00000, 0x000000070df00000, 0x000000070e000000|  0%| F|  |TAMS 0x000000070df00000, 0x000000070df00000| Untracked 
| 198|0x000000070e000000, 0x000000070e000000, 0x000000070e100000|  0%| F|  |TAMS 0x000000070e000000, 0x000000070e000000| Untracked 
| 199|0x000000070e100000, 0x000000070e100000, 0x000000070e200000|  0%| F|  |TAMS 0x000000070e100000, 0x000000070e100000| Untracked 
| 200|0x000000070e200000, 0x000000070e200000, 0x000000070e300000|  0%| F|  |TAMS 0x000000070e200000, 0x000000070e200000| Untracked 
| 201|0x000000070e300000, 0x000000070e300000, 0x000000070e400000|  0%| F|  |TAMS 0x000000070e300000, 0x000000070e300000| Untracked 
| 202|0x000000070e400000, 0x000000070e400000, 0x000000070e500000|  0%| F|  |TAMS 0x000000070e400000, 0x000000070e400000| Untracked 
| 203|0x000000070e500000, 0x000000070e500000, 0x000000070e600000|  0%| F|  |TAMS 0x000000070e500000, 0x000000070e500000| Untracked 
| 204|0x000000070e600000, 0x000000070e600000, 0x000000070e700000|  0%| F|  |TAMS 0x000000070e600000, 0x000000070e600000| Untracked 
| 205|0x000000070e700000, 0x000000070e700000, 0x000000070e800000|  0%| F|  |TAMS 0x000000070e700000, 0x000000070e700000| Untracked 
| 206|0x000000070e800000, 0x000000070e800000, 0x000000070e900000|  0%| F|  |TAMS 0x000000070e800000, 0x000000070e800000| Untracked 
| 207|0x000000070e900000, 0x000000070e900000, 0x000000070ea00000|  0%| F|  |TAMS 0x000000070e900000, 0x000000070e900000| Untracked 
| 208|0x000000070ea00000, 0x000000070ea00000, 0x000000070eb00000|  0%| F|  |TAMS 0x000000070ea00000, 0x000000070ea00000| Untracked 
| 209|0x000000070eb00000, 0x000000070eb00000, 0x000000070ec00000|  0%| F|  |TAMS 0x000000070eb00000, 0x000000070eb00000| Untracked 
| 210|0x000000070ec00000, 0x000000070ec00000, 0x000000070ed00000|  0%| F|  |TAMS 0x000000070ec00000, 0x000000070ec00000| Untracked 
| 211|0x000000070ed00000, 0x000000070ed00000, 0x000000070ee00000|  0%| F|  |TAMS 0x000000070ed00000, 0x000000070ed00000| Untracked 
| 212|0x000000070ee00000, 0x000000070ee00000, 0x000000070ef00000|  0%| F|  |TAMS 0x000000070ee00000, 0x000000070ee00000| Untracked 
| 213|0x000000070ef00000, 0x000000070ef00000, 0x000000070f000000|  0%| F|  |TAMS 0x000000070ef00000, 0x000000070ef00000| Untracked 
| 214|0x000000070f000000, 0x000000070f000000, 0x000000070f100000|  0%| F|  |TAMS 0x000000070f000000, 0x000000070f000000| Untracked 
| 215|0x000000070f100000, 0x000000070f100000, 0x000000070f200000|  0%| F|  |TAMS 0x000000070f100000, 0x000000070f100000| Untracked 
| 216|0x000000070f200000, 0x000000070f200000, 0x000000070f300000|  0%| F|  |TAMS 0x000000070f200000, 0x000000070f200000| Untracked 
| 217|0x000000070f300000, 0x000000070f300000, 0x000000070f400000|  0%| F|  |TAMS 0x000000070f300000, 0x000000070f300000| Untracked 
| 218|0x000000070f400000, 0x000000070f400000, 0x000000070f500000|  0%| F|  |TAMS 0x000000070f400000, 0x000000070f400000| Untracked 
| 219|0x000000070f500000, 0x000000070f500000, 0x000000070f600000|  0%| F|  |TAMS 0x000000070f500000, 0x000000070f500000| Untracked 
| 220|0x000000070f600000, 0x000000070f600000, 0x000000070f700000|  0%| F|  |TAMS 0x000000070f600000, 0x000000070f600000| Untracked 
| 221|0x000000070f700000, 0x000000070f700000, 0x000000070f800000|  0%| F|  |TAMS 0x000000070f700000, 0x000000070f700000| Untracked 
| 222|0x000000070f800000, 0x000000070f800000, 0x000000070f900000|  0%| F|  |TAMS 0x000000070f800000, 0x000000070f800000| Untracked 
| 223|0x000000070f900000, 0x000000070f900000, 0x000000070fa00000|  0%| F|  |TAMS 0x000000070f900000, 0x000000070f900000| Untracked 
| 224|0x000000070fa00000, 0x000000070fa00000, 0x000000070fb00000|  0%| F|  |TAMS 0x000000070fa00000, 0x000000070fa00000| Untracked 
| 225|0x000000070fb00000, 0x000000070fb00000, 0x000000070fc00000|  0%| F|  |TAMS 0x000000070fb00000, 0x000000070fb00000| Untracked 
| 226|0x000000070fc00000, 0x000000070fc00000, 0x000000070fd00000|  0%| F|  |TAMS 0x000000070fc00000, 0x000000070fc00000| Untracked 
| 227|0x000000070fd00000, 0x000000070fd00000, 0x000000070fe00000|  0%| F|  |TAMS 0x000000070fd00000, 0x000000070fd00000| Untracked 
| 228|0x000000070fe00000, 0x000000070fe00000, 0x000000070ff00000|  0%| F|  |TAMS 0x000000070fe00000, 0x000000070fe00000| Untracked 
| 229|0x000000070ff00000, 0x000000070ff00000, 0x0000000710000000|  0%| F|  |TAMS 0x000000070ff00000, 0x000000070ff00000| Untracked 
| 230|0x0000000710000000, 0x0000000710000000, 0x0000000710100000|  0%| F|  |TAMS 0x0000000710000000, 0x0000000710000000| Untracked 
| 231|0x0000000710100000, 0x0000000710100000, 0x0000000710200000|  0%| F|  |TAMS 0x0000000710100000, 0x0000000710100000| Untracked 
| 232|0x0000000710200000, 0x0000000710200000, 0x0000000710300000|  0%| F|  |TAMS 0x0000000710200000, 0x0000000710200000| Untracked 
| 233|0x0000000710300000, 0x0000000710300000, 0x0000000710400000|  0%| F|  |TAMS 0x0000000710300000, 0x0000000710300000| Untracked 
| 234|0x0000000710400000, 0x0000000710400000, 0x0000000710500000|  0%| F|  |TAMS 0x0000000710400000, 0x0000000710400000| Untracked 
| 235|0x0000000710500000, 0x0000000710500000, 0x0000000710600000|  0%| F|  |TAMS 0x0000000710500000, 0x0000000710500000| Untracked 
| 236|0x0000000710600000, 0x0000000710600000, 0x0000000710700000|  0%| F|  |TAMS 0x0000000710600000, 0x0000000710600000| Untracked 
| 237|0x0000000710700000, 0x0000000710700000, 0x0000000710800000|  0%| F|  |TAMS 0x0000000710700000, 0x0000000710700000| Untracked 
| 238|0x0000000710800000, 0x0000000710800000, 0x0000000710900000|  0%| F|  |TAMS 0x0000000710800000, 0x0000000710800000| Untracked 
| 239|0x0000000710900000, 0x0000000710900000, 0x0000000710a00000|  0%| F|  |TAMS 0x0000000710900000, 0x0000000710900000| Untracked 
| 240|0x0000000710a00000, 0x0000000710a00000, 0x0000000710b00000|  0%| F|  |TAMS 0x0000000710a00000, 0x0000000710a00000| Untracked 
| 241|0x0000000710b00000, 0x0000000710b00000, 0x0000000710c00000|  0%| F|  |TAMS 0x0000000710b00000, 0x0000000710b00000| Untracked 
| 242|0x0000000710c00000, 0x0000000710c00000, 0x0000000710d00000|  0%| F|  |TAMS 0x0000000710c00000, 0x0000000710c00000| Untracked 
| 243|0x0000000710d00000, 0x0000000710d00000, 0x0000000710e00000|  0%| F|  |TAMS 0x0000000710d00000, 0x0000000710d00000| Untracked 
| 244|0x0000000710e00000, 0x0000000710e00000, 0x0000000710f00000|  0%| F|  |TAMS 0x0000000710e00000, 0x0000000710e00000| Untracked 
| 245|0x0000000710f00000, 0x0000000710f00000, 0x0000000711000000|  0%| F|  |TAMS 0x0000000710f00000, 0x0000000710f00000| Untracked 
| 246|0x0000000711000000, 0x0000000711000000, 0x0000000711100000|  0%| F|  |TAMS 0x0000000711000000, 0x0000000711000000| Untracked 
| 247|0x0000000711100000, 0x00000007111e0eb0, 0x0000000711200000| 87%| S|CS|TAMS 0x0000000711100000, 0x0000000711100000| Complete 
| 248|0x0000000711200000, 0x0000000711300000, 0x0000000711300000|100%| S|CS|TAMS 0x0000000711200000, 0x0000000711200000| Complete 
| 249|0x0000000711300000, 0x0000000711300000, 0x0000000711400000|  0%| F|  |TAMS 0x0000000711300000, 0x0000000711300000| Untracked 
| 250|0x0000000711400000, 0x0000000711400000, 0x0000000711500000|  0%| F|  |TAMS 0x0000000711400000, 0x0000000711400000| Untracked 
| 251|0x0000000711500000, 0x0000000711500000, 0x0000000711600000|  0%| F|  |TAMS 0x0000000711500000, 0x0000000711500000| Untracked 
| 252|0x0000000711600000, 0x0000000711600000, 0x0000000711700000|  0%| F|  |TAMS 0x0000000711600000, 0x0000000711600000| Untracked 
| 253|0x0000000711700000, 0x0000000711700000, 0x0000000711800000|  0%| F|  |TAMS 0x0000000711700000, 0x0000000711700000| Untracked 
| 254|0x0000000711800000, 0x0000000711800800, 0x0000000711900000|  0%| E|  |TAMS 0x0000000711800000, 0x0000000711800000| Complete 
| 255|0x0000000711900000, 0x0000000711a00000, 0x0000000711a00000|100%| E|CS|TAMS 0x0000000711900000, 0x0000000711900000| Complete 

Card table byte_map: [0x00000157d0b80000,0x00000157d1380000] _byte_map_base: 0x00000157cd373000

Marking Bits (Prev, Next): (CMBitMap*) 0x00000157b890d2b8, (CMBitMap*) 0x00000157b890d278
 Prev Bits: [0x00000157d5b20000, 0x00000157d9ab8000)
 Next Bits: [0x00000157d1b80000, 0x00000157d5b18000)

Polling page: 0x00000157b6830000

Metaspace:

Usage:
  Non-class:     13.36 MB capacity,    12.97 MB ( 97%) used,   325.27 KB (  2%) free+waste,    73.19 KB ( <1%) overhead. 
      Class:      2.45 MB capacity,     2.17 MB ( 88%) used,   249.63 KB ( 10%) free+waste,    39.25 KB (  2%) overhead. 
       Both:     15.81 MB capacity,    15.14 MB ( 96%) used,   574.89 KB (  4%) free+waste,   112.44 KB ( <1%) overhead. 

Virtual space:
  Non-class space:       14.00 MB reserved,      13.50 MB ( 96%) committed 
      Class space:        1.00 GB reserved,       2.50 MB ( <1%) committed 
             Both:        1.01 GB reserved,      16.00 MB (  2%) committed 

Chunk freelists:
   Non-Class:  12.00 KB
       Class:  19.00 KB
        Both:  31.00 KB

MaxMetaspaceSize: 17179869184.00 GB
CompressedClassSpaceSize: 1.00 GB

CodeHeap 'non-profiled nmethods': size=120000Kb used=1080Kb max_used=1080Kb free=118919Kb
 bounds [0x00000157c8b10000, 0x00000157c8d80000, 0x00000157d0040000]
CodeHeap 'profiled nmethods': size=120000Kb used=4654Kb max_used=4654Kb free=115345Kb
 bounds [0x00000157c15e0000, 0x00000157c1a70000, 0x00000157c8b10000]
CodeHeap 'non-nmethods': size=5760Kb used=1437Kb max_used=1471Kb free=4322Kb
 bounds [0x00000157c1040000, 0x00000157c12b0000, 0x00000157c15e0000]
 total_blobs=3955 nmethods=2358 adapters=667
 compilation: enabled
              stopped_count=0, restarted_count=0
 full_count=0

Compilation events (20 events):
Event: 1.915 Thread 0x00000157dc1fa800 nmethod 2344% 0x00000157c1a59790 code [0x00000157c1a59aa0, 0x00000157c1a5b168]
Event: 1.915 Thread 0x00000157dc1fa800 2345       3       com.sun.javafx.iio.common.SmoothMinifier::putSourceScanline (781 bytes)
Event: 1.917 Thread 0x00000157dc1fa800 nmethod 2345 0x00000157c1a5bd90 code [0x00000157c1a5c0a0, 0x00000157c1a5d5e8]
Event: 1.936 Thread 0x00000157dc1f6000 nmethod 2327 0x00000157c8c06d90 code [0x00000157c8c071c0, 0x00000157c8c088f8]
Event: 1.936 Thread 0x00000157dc1f6000 2346 %     4       com.sun.javafx.iio.common.SmoothMinifier::putSourceScanline @ 286 (781 bytes)
Event: 1.953 Thread 0x00000157dc1fa800 2347       3       javafx.scene.Node::getGeomBounds (141 bytes)
Event: 1.954 Thread 0x00000157dc1fa800 nmethod 2347 0x00000157c1a5e110 code [0x00000157c1a5e440, 0x00000157c1a5fc78]
Event: 1.954 Thread 0x00000157dc1fa800 2350       3       javafx.scene.Node::updateLocalToParentTransform (442 bytes)
Event: 1.960 Thread 0x00000157dc1fa800 nmethod 2350 0x00000157c1a60210 code [0x00000157c1a60cc0, 0x00000157c1a68178]
Event: 1.960 Thread 0x00000157dc1fa800 2351       3       javafx.scene.Node::getAutomaticOrientation (5 bytes)
Event: 1.961 Thread 0x00000157dc1fa800 nmethod 2351 0x00000157c1a6a090 code [0x00000157c1a6a220, 0x00000157c1a6a318]
Event: 1.961 Thread 0x00000157dc1fa800 2348       3       javafx.scene.Node::updateGeomBounds (28 bytes)
Event: 1.961 Thread 0x00000157dc1fa800 nmethod 2348 0x00000157c1a6a390 code [0x00000157c1a6a560, 0x00000157c1a6a8b8]
Event: 1.961 Thread 0x00000157dc1fa800 2355       1       javafx.event.EventType::getSuperType (5 bytes)
Event: 1.961 Thread 0x00000157dc1fa800 nmethod 2355 0x00000157c8c09a90 code [0x00000157c8c09c20, 0x00000157c8c09cf8]
Event: 1.961 Thread 0x00000157dc1fa800 2357       1       com.sun.javafx.geom.PickRay::getDirectionNoClone (5 bytes)
Event: 1.961 Thread 0x00000157dc1fa800 nmethod 2357 0x00000157c8c09d90 code [0x00000157c8c09f20, 0x00000157c8c09ff8]
Event: 1.961 Thread 0x00000157dc1fa800 2358       1       com.sun.javafx.geom.PickRay::getOriginNoClone (5 bytes)
Event: 1.961 Thread 0x00000157dc1fa800 nmethod 2358 0x00000157c8c0a090 code [0x00000157c8c0a220, 0x00000157c8c0a2f8]
Event: 1.961 Thread 0x00000157dc1fa800 2353       3       javafx.scene.layout.Region::getWidth (22 bytes)

GC Heap History (12 events):
Event: 0.611 GC heap before
{Heap before GC invocations=0 (full 0):
 garbage-first heap   total 262144K, used 22528K [0x0000000701a00000, 0x0000000800000000)
  region size 1024K, 23 young (23552K), 0 survivors (0K)
 Metaspace       used 6530K, capacity 9039K, committed 9088K, reserved 1056768K
  class space    used 815K, capacity 1107K, committed 1152K, reserved 1048576K
}
Event: 0.614 GC heap after
{Heap after GC invocations=1 (full 0):
 garbage-first heap   total 262144K, used 3724K [0x0000000701a00000, 0x0000000800000000)
  region size 1024K, 3 young (3072K), 3 survivors (3072K)
 Metaspace       used 6530K, capacity 9039K, committed 9088K, reserved 1056768K
  class space    used 815K, capacity 1107K, committed 1152K, reserved 1048576K
}
Event: 1.524 GC heap before
{Heap before GC invocations=1 (full 0):
 garbage-first heap   total 262144K, used 149132K [0x0000000701a00000, 0x0000000800000000)
  region size 1024K, 32 young (32768K), 3 survivors (3072K)
 Metaspace       used 12211K, capacity 12963K, committed 13184K, reserved 1060864K
  class space    used 1700K, capacity 1897K, committed 1920K, reserved 1048576K
}
Event: 1.528 GC heap after
{Heap after GC invocations=2 (full 0):
 garbage-first heap   total 262144K, used 120906K [0x0000000701a00000, 0x0000000800000000)
  region size 1024K, 5 young (5120K), 5 survivors (5120K)
 Metaspace       used 12211K, capacity 12963K, committed 13184K, reserved 1060864K
  class space    used 1700K, capacity 1897K, committed 1920K, reserved 1048576K
}
Event: 1.551 GC heap before
{Heap before GC invocations=3 (full 0):
 garbage-first heap   total 262144K, used 125002K [0x0000000701a00000, 0x0000000800000000)
  region size 1024K, 6 young (6144K), 5 survivors (5120K)
 Metaspace       used 12415K, capacity 13015K, committed 13312K, reserved 1060864K
  class space    used 1723K, capacity 1937K, committed 2048K, reserved 1048576K
}
Event: 1.554 GC heap after
{Heap after GC invocations=4 (full 0):
 garbage-first heap   total 262144K, used 124492K [0x0000000701a00000, 0x0000000800000000)
  region size 1024K, 1 young (1024K), 1 survivors (1024K)
 Metaspace       used 12415K, capacity 13015K, committed 13312K, reserved 1060864K
  class space    used 1723K, capacity 1937K, committed 2048K, reserved 1048576K
}
Event: 1.734 GC heap before
{Heap before GC invocations=5 (full 0):
 garbage-first heap   total 262144K, used 134732K [0x0000000701a00000, 0x0000000800000000)
  region size 1024K, 9 young (9216K), 1 survivors (1024K)
 Metaspace       used 14631K, capacity 15230K, committed 15488K, reserved 1062912K
  class space    used 2085K, capacity 2339K, committed 2432K, reserved 1048576K
}
Event: 1.736 GC heap after
{Heap after GC invocations=6 (full 0):
 garbage-first heap   total 262144K, used 127867K [0x0000000701a00000, 0x0000000800000000)
  region size 1024K, 1 young (1024K), 1 survivors (1024K)
 Metaspace       used 14631K, capacity 15230K, committed 15488K, reserved 1062912K
  class space    used 2085K, capacity 2339K, committed 2432K, reserved 1048576K
}
Event: 1.805 GC heap before
{Heap before GC invocations=7 (full 0):
 garbage-first heap   total 262144K, used 131963K [0x0000000701a00000, 0x0000000800000000)
  region size 1024K, 3 young (3072K), 1 survivors (1024K)
 Metaspace       used 14817K, capacity 15459K, committed 15744K, reserved 1062912K
  class space    used 2098K, capacity 2372K, committed 2432K, reserved 1048576K
}
Event: 1.807 GC heap after
{Heap after GC invocations=8 (full 0):
 garbage-first heap   total 262144K, used 128378K [0x0000000701a00000, 0x0000000800000000)
  region size 1024K, 2 young (2048K), 2 survivors (2048K)
 Metaspace       used 14817K, capacity 15459K, committed 15744K, reserved 1062912K
  class space    used 2098K, capacity 2372K, committed 2432K, reserved 1048576K
}
Event: 1.910 GC heap before
{Heap before GC invocations=9 (full 0):
 garbage-first heap   total 262144K, used 134522K [0x0000000701a00000, 0x0000000800000000)
  region size 1024K, 7 young (7168K), 2 survivors (2048K)
 Metaspace       used 15413K, capacity 16120K, committed 16384K, reserved 1062912K
  class space    used 2213K, capacity 2506K, committed 2560K, reserved 1048576K
}
Event: 1.913 GC heap after
{Heap after GC invocations=10 (full 0):
 garbage-first heap   total 262144K, used 129008K [0x0000000701a00000, 0x0000000800000000)
  region size 1024K, 2 young (2048K), 2 survivors (2048K)
 Metaspace       used 15413K, capacity 16120K, committed 16384K, reserved 1062912K
  class space    used 2213K, capacity 2506K, committed 2560K, reserved 1048576K
}

Deoptimization events (20 events):
Event: 1.947 Thread 0x00000157de3a6800 DEOPT PACKING pc=0x00000157c1a5d2cd sp=0x000000099e4fda30
Event: 1.947 Thread 0x00000157de3a6800 DEOPT UNPACKING pc=0x00000157c108964e sp=0x000000099e4fcef0 mode 0
Event: 1.947 Thread 0x00000157de3a6800 DEOPT PACKING pc=0x00000157c1a5d2cd sp=0x000000099e4fda30
Event: 1.947 Thread 0x00000157de3a6800 DEOPT UNPACKING pc=0x00000157c108964e sp=0x000000099e4fcef0 mode 0
Event: 1.947 Thread 0x00000157de3a6800 DEOPT PACKING pc=0x00000157c1a5d2cd sp=0x000000099e4fda30
Event: 1.947 Thread 0x00000157de3a6800 DEOPT UNPACKING pc=0x00000157c108964e sp=0x000000099e4fcef0 mode 0
Event: 1.947 Thread 0x00000157de3a6800 DEOPT PACKING pc=0x00000157c1a5d2cd sp=0x000000099e4fda30
Event: 1.947 Thread 0x00000157de3a6800 DEOPT UNPACKING pc=0x00000157c108964e sp=0x000000099e4fcef0 mode 0
Event: 1.948 Thread 0x00000157de3a6800 DEOPT PACKING pc=0x00000157c1a5d2cd sp=0x000000099e4fda30
Event: 1.948 Thread 0x00000157de3a6800 DEOPT UNPACKING pc=0x00000157c108964e sp=0x000000099e4fcef0 mode 0
Event: 1.948 Thread 0x00000157de3a6800 DEOPT PACKING pc=0x00000157c1a5d2cd sp=0x000000099e4fda30
Event: 1.948 Thread 0x00000157de3a6800 DEOPT UNPACKING pc=0x00000157c108964e sp=0x000000099e4fcef0 mode 0
Event: 1.948 Thread 0x00000157de3a6800 DEOPT PACKING pc=0x00000157c1a5d2cd sp=0x000000099e4fda30
Event: 1.948 Thread 0x00000157de3a6800 DEOPT UNPACKING pc=0x00000157c108964e sp=0x000000099e4fcef0 mode 0
Event: 1.948 Thread 0x00000157de3a6800 DEOPT PACKING pc=0x00000157c1a5d2cd sp=0x000000099e4fda30
Event: 1.948 Thread 0x00000157de3a6800 DEOPT UNPACKING pc=0x00000157c108964e sp=0x000000099e4fcef0 mode 0
Event: 1.948 Thread 0x00000157de3a6800 DEOPT PACKING pc=0x00000157c1a5d2cd sp=0x000000099e4fda30
Event: 1.948 Thread 0x00000157de3a6800 DEOPT UNPACKING pc=0x00000157c108964e sp=0x000000099e4fcef0 mode 0
Event: 1.948 Thread 0x00000157de3a6800 DEOPT PACKING pc=0x00000157c1a5d2cd sp=0x000000099e4fda30
Event: 1.948 Thread 0x00000157de3a6800 DEOPT UNPACKING pc=0x00000157c108964e sp=0x000000099e4fcef0 mode 0

Classes unloaded (0 events):
No events

Classes redefined (0 events):
No events

Internal exceptions (20 events):
Event: 0.540 Thread 0x00000157de3a6800 Exception <a 'java/lang/NullPointerException'{0x0000000710794678}> (0x0000000710794678) 
thrown [t:/workspace/open/src/hotspot/share/interpreter/linkResolver.cpp, line 1348]
Event: 0.545 Thread 0x00000157de3a6800 Exception <a 'java/lang/NoSuchMethodError'{0x00000007107d4b60}: 'void java.lang.invoke.DirectMethodHandle$Holder.invokeSpecial(java.lang.Object, java.lang.Object, java.lang.Object, java.lang.Object, java.lang.Object)'> (0x00000007107d4b60) 
thrown [t:/workspace/open/src/hotspot/share/interpreter/linkResolver.cpp, line 766]
Event: 0.652 Thread 0x00000157de3a6800 Exception <a 'java/lang/NoSuchMethodError'{0x0000000711650178}: 'void java.lang.invoke.DirectMethodHandle$Holder.invokeStaticInit(java.lang.Object, java.lang.Object)'> (0x0000000711650178) 
thrown [t:/workspace/open/src/hotspot/share/interpreter/linkResolver.cpp, line 766]
Event: 1.004 Thread 0x00000157de3a6800 Exception <a 'java/lang/NoSuchMethodError'{0x00000007113d9000}: 'java.lang.Object java.lang.invoke.Invokers$Holder.linkToTargetMethod(java.lang.Object, long, java.lang.Object)'> (0x00000007113d9000) 
thrown [t:/workspace/open/src/hotspot/share/interpreter/linkResolver.cpp, line 766]
Event: 1.098 Thread 0x00000157de3a6800 Exception <a 'java/lang/NoSuchMethodError'{0x0000000710eace68}: 'java.lang.Object java.lang.invoke.Invokers$Holder.linkToTargetMethod(java.lang.Object, int, java.lang.Object)'> (0x0000000710eace68) 
thrown [t:/workspace/open/src/hotspot/share/interpreter/linkResolver.cpp, line 766]
Event: 1.254 Thread 0x00000157de3a6800 Exception <a 'java/lang/NoSuchMethodError'{0x0000000710980238}: 'void java.lang.invoke.DirectMethodHandle$Holder.invokeSpecial(java.lang.Object, java.lang.Object, java.lang.Object, java.lang.Object, java.lang.Object, java.lang.Object)'> (0x0000000710980238) 
thrown [t:/workspace/open/src/hotspot/share/interpreter/linkResolver.cpp, line 766]
Event: 1.257 Thread 0x00000157de3a6800 Exception <a 'java/lang/NoSuchMethodError'{0x0000000710992800}: 'java.lang.Object java.lang.invoke.Invokers$Holder.linkToTargetMethod(java.lang.Object, java.lang.Object, java.lang.Object, java.lang.Object, java.lang.Object, java.lang.Object, java.lang.Object)'> (0x0000000710992800) 
thrown [t:/workspace/open/src/hotspot/share/interpreter/linkResolver.cpp, line 766]
Event: 1.271 Thread 0x00000157de3a6800 Implicit null exception at 0x00000157c8b80064 to 0x00000157c8b80664
Event: 1.271 Thread 0x00000157de3a6800 Implicit null exception at 0x00000157c8b57ce4 to 0x00000157c8b582bc
Event: 1.375 Thread 0x00000157de3a6800 Exception <a 'java/lang/NoSuchMethodError'{0x00000007105e7020}: 'void java.lang.invoke.DirectMethodHandle$Holder.invokeSpecial(java.lang.Object, java.lang.Object, double)'> (0x00000007105e7020) 
thrown [t:/workspace/open/src/hotspot/share/interpreter/linkResolver.cpp, line 766]
Event: 1.376 Thread 0x00000157de3a6800 Exception <a 'java/lang/NoSuchMethodError'{0x00000007105ec540}: 'java.lang.Object java.lang.invoke.DirectMethodHandle$Holder.invokeStatic(java.lang.Object, java.lang.Object, double)'> (0x00000007105ec540) 
thrown [t:/workspace/open/src/hotspot/share/interpreter/linkResolver.cpp, line 766]
Event: 1.433 Thread 0x00000157de3a6800 Implicit null exception at 0x00000157c8b9eec5 to 0x00000157c8b9f320
Event: 1.433 Thread 0x00000157de3a6800 Implicit null exception at 0x00000157c8bc3d68 to 0x00000157c8bc3dfa
Event: 1.456 Thread 0x00000157de3a6800 Implicit null exception at 0x00000157c8b2bc2f to 0x00000157c8b2bcad
Event: 1.541 Thread 0x00000157de3a6800 Exception <a 'java/io/FileNotFoundException'{0x0000000711917108}> (0x0000000711917108) 
thrown [t:/workspace/open/src/hotspot/share/prims/jni.cpp, line 599]
Event: 1.549 Thread 0x00000157de3a6800 Exception <a 'java/io/FileNotFoundException'{0x0000000711948590}> (0x0000000711948590) 
thrown [t:/workspace/open/src/hotspot/share/prims/jni.cpp, line 599]
Event: 1.663 Thread 0x00000157de3a6800 Exception <a 'java/lang/NoSuchMethodError'{0x00000007115b7058}: 'java.lang.Object java.lang.invoke.DirectMethodHandle$Holder.invokeInterface(java.lang.Object, java.lang.Object, java.lang.Object)'> (0x00000007115b7058) 
thrown [t:/workspace/open/src/hotspot/share/interpreter/linkResolver.cpp, line 766]
Event: 1.663 Thread 0x00000157de3a6800 Exception <a 'java/lang/IncompatibleClassChangeError'{0x00000007115b9ee8}: Found class java.lang.Object, but interface was expected> (0x00000007115b9ee8) 
thrown [t:/workspace/open/src/hotspot/share/interpreter/linkResolver.cpp, line 832]
Event: 1.703 Thread 0x00000157de3a6800 Implicit null exception at 0x00000157c8bdfabd to 0x00000157c8bdfbc0
Event: 1.961 Thread 0x00000157de3a6800 Implicit null exception at 0x00000157c16de703 to 0x0000000000000000

Events (20 events):
Event: 1.854 Executing VM operation: HandshakeAllThreads
Event: 1.854 Executing VM operation: HandshakeAllThreads done
Event: 1.859 Executing VM operation: HandshakeAllThreads
Event: 1.859 Executing VM operation: HandshakeAllThreads done
Event: 1.891 loading class java/lang/ArrayIndexOutOfBoundsException
Event: 1.891 loading class java/lang/ArrayIndexOutOfBoundsException done
Event: 1.910 Executing VM operation: G1TryInitiateConcMark
Event: 1.913 Executing VM operation: G1TryInitiateConcMark done
Event: 1.924 Executing VM operation: G1Concurrent
Event: 1.925 Executing VM operation: G1Concurrent done
Event: 1.930 Executing VM operation: G1Concurrent
Event: 1.930 Executing VM operation: G1Concurrent done
Event: 1.955 loading class java/util/EnumMap$Values
Event: 1.955 loading class java/util/EnumMap$Values done
Event: 1.955 loading class java/util/EnumMap$ValueIterator
Event: 1.955 loading class java/util/EnumMap$EnumMapIterator
Event: 1.955 loading class java/util/EnumMap$EnumMapIterator done
Event: 1.955 loading class java/util/EnumMap$ValueIterator done
Event: 1.957 Executing VM operation: HandshakeOneThread
Event: 1.957 Executing VM operation: HandshakeOneThread done


Dynamic libraries:
0x00007ff67f790000 - 0x00007ff67f79f000 	C:\Program Files\Java\jdk-14\bin\java.exe
0x00007ffe6b100000 - 0x00007ffe6b2f0000 	C:\Windows\SYSTEM32\ntdll.dll
0x00007ffe697d0000 - 0x00007ffe69882000 	C:\Windows\System32\KERNEL32.DLL
0x00007ffe68a70000 - 0x00007ffe68d14000 	C:\Windows\System32\KERNELBASE.dll
0x00007ffe68970000 - 0x00007ffe68a6a000 	C:\Windows\System32\ucrtbase.dll
0x00007ffe65fc0000 - 0x00007ffe65fd5000 	C:\Program Files\Java\jdk-14\bin\VCRUNTIME140.dll
0x00007ffe65f20000 - 0x00007ffe65f38000 	C:\Program Files\Java\jdk-14\bin\jli.dll
0x00007ffe6a940000 - 0x00007ffe6a9e3000 	C:\Windows\System32\ADVAPI32.dll
0x00007ffe6acd0000 - 0x00007ffe6ad6e000 	C:\Windows\System32\msvcrt.dll
0x00007ffe6ad70000 - 0x00007ffe6ae07000 	C:\Windows\System32\sechost.dll
0x00007ffe6a330000 - 0x00007ffe6a450000 	C:\Windows\System32\RPCRT4.dll
0x00007ffe6ab30000 - 0x00007ffe6acc4000 	C:\Windows\System32\USER32.dll
0x00007ffe674c0000 - 0x00007ffe67744000 	C:\Windows\WinSxS\amd64_microsoft.windows.common-controls_6595b64144ccf1df_6.0.18362.959_none_e6c7bbbf130c62bb\COMCTL32.dll
0x00007ffe681b0000 - 0x00007ffe681d1000 	C:\Windows\System32\win32u.dll
0x00007ffe69890000 - 0x00007ffe698b6000 	C:\Windows\System32\GDI32.dll
0x00007ffe6a600000 - 0x00007ffe6a935000 	C:\Windows\System32\combase.dll
0x00007ffe68dd0000 - 0x00007ffe68f66000 	C:\Windows\System32\gdi32full.dll
0x00007ffe68f90000 - 0x00007ffe69010000 	C:\Windows\System32\bcryptPrimitives.dll
0x00007ffe68110000 - 0x00007ffe681ae000 	C:\Windows\System32\msvcp_win.dll
0x00007ffe618d0000 - 0x00007ffe618da000 	C:\Windows\SYSTEM32\VERSION.dll
0x00007ffe698c0000 - 0x00007ffe698ee000 	C:\Windows\System32\IMM32.DLL
0x00007ffe48820000 - 0x00007ffe488bb000 	C:\Program Files\Java\jdk-14\bin\msvcp140.dll
0x00007ffe1c8a0000 - 0x00007ffe1d3bf000 	C:\Program Files\Java\jdk-14\bin\server\jvm.dll
0x00007ffe698f0000 - 0x00007ffe698f8000 	C:\Windows\System32\PSAPI.DLL
0x00007ffe652a0000 - 0x00007ffe652c4000 	C:\Windows\SYSTEM32\WINMM.dll
0x00007ffe51ac0000 - 0x00007ffe51ac9000 	C:\Windows\SYSTEM32\WSOCK32.dll
0x00007ffe65220000 - 0x00007ffe6524d000 	C:\Windows\SYSTEM32\winmmbase.dll
0x00007ffe69160000 - 0x00007ffe691aa000 	C:\Windows\System32\cfgmgr32.dll
0x00007ffe6a520000 - 0x00007ffe6a58f000 	C:\Windows\System32\WS2_32.dll
0x00007ffe67fc0000 - 0x00007ffe67fd1000 	C:\Windows\System32\kernel.appcore.dll
0x00007ffe65fb0000 - 0x00007ffe65fba000 	C:\Program Files\Java\jdk-14\bin\jimage.dll
0x00007ffe67ad0000 - 0x00007ffe67cc4000 	C:\Windows\SYSTEM32\DBGHELP.DLL
0x00007ffe67840000 - 0x00007ffe6786a000 	C:\Windows\SYSTEM32\dbgcore.DLL
0x00007ffe65f10000 - 0x00007ffe65f1e000 	C:\Program Files\Java\jdk-14\bin\instrument.dll
0x00007ffe63380000 - 0x00007ffe633a5000 	C:\Program Files\Java\jdk-14\bin\java.dll
0x00007ffe60c50000 - 0x00007ffe60c67000 	C:\Program Files\Java\jdk-14\bin\zip.dll
0x00007ffe69bc0000 - 0x00007ffe6a2a6000 	C:\Windows\System32\SHELL32.dll
0x00007ffe6a470000 - 0x00007ffe6a519000 	C:\Windows\System32\shcore.dll
0x00007ffe681e0000 - 0x00007ffe68962000 	C:\Windows\System32\windows.storage.dll
0x00007ffe68030000 - 0x00007ffe68053000 	C:\Windows\System32\profapi.dll
0x00007ffe67fe0000 - 0x00007ffe6802a000 	C:\Windows\System32\powrprof.dll
0x00007ffe67fb0000 - 0x00007ffe67fc0000 	C:\Windows\System32\UMPDC.dll
0x00007ffe69b60000 - 0x00007ffe69bb2000 	C:\Windows\System32\shlwapi.dll
0x00007ffe68f70000 - 0x00007ffe68f87000 	C:\Windows\System32\cryptsp.dll
0x00007ffe60c30000 - 0x00007ffe60c49000 	C:\Program Files\Java\jdk-14\bin\net.dll
0x00007ffe5d100000 - 0x00007ffe5d1f0000 	C:\Windows\SYSTEM32\WINHTTP.dll
0x00007ffe671a0000 - 0x00007ffe67207000 	C:\Windows\system32\mswsock.dll
0x00007ffe60c10000 - 0x00007ffe60c22000 	C:\Program Files\Java\jdk-14\bin\nio.dll
0x00007ffe63370000 - 0x00007ffe63380000 	C:\Program Files\Java\jdk-14\bin\verify.dll
0x00007ffe5fe40000 - 0x00007ffe5fe5a000 	C:\Program Files\JetBrains\IntelliJ IDEA 2020.1.3\bin\breakgen64.dll
0x00000157b6880000 - 0x00000157b6883000 	C:\Users\Windows\Desktop\JavaStuff\javafx-sdk-15\bin\api-ms-win-core-console-l1-1-0.dll
0x00000157b6890000 - 0x00000157b6893000 	C:\Users\Windows\Desktop\JavaStuff\javafx-sdk-15\bin\api-ms-win-core-datetime-l1-1-0.dll
0x00000157b68a0000 - 0x00000157b68a3000 	C:\Users\Windows\Desktop\JavaStuff\javafx-sdk-15\bin\api-ms-win-core-debug-l1-1-0.dll
0x00000157b68b0000 - 0x00000157b68b3000 	C:\Users\Windows\Desktop\JavaStuff\javafx-sdk-15\bin\api-ms-win-core-errorhandling-l1-1-0.dll
0x00000157b87a0000 - 0x00000157b87a4000 	C:\Users\Windows\Desktop\JavaStuff\javafx-sdk-15\bin\api-ms-win-core-file-l1-1-0.dll
0x00000157b87b0000 - 0x00000157b87b3000 	C:\Users\Windows\Desktop\JavaStuff\javafx-sdk-15\bin\api-ms-win-core-file-l1-2-0.dll
0x00000157b87c0000 - 0x00000157b87c3000 	C:\Users\Windows\Desktop\JavaStuff\javafx-sdk-15\bin\api-ms-win-core-file-l2-1-0.dll
0x00000157b87d0000 - 0x00000157b87d3000 	C:\Users\Windows\Desktop\JavaStuff\javafx-sdk-15\bin\api-ms-win-core-handle-l1-1-0.dll
0x00000157b87e0000 - 0x00000157b87e3000 	C:\Users\Windows\Desktop\JavaStuff\javafx-sdk-15\bin\api-ms-win-core-heap-l1-1-0.dll
0x00000157b87f0000 - 0x00000157b87f3000 	C:\Users\Windows\Desktop\JavaStuff\javafx-sdk-15\bin\api-ms-win-core-interlocked-l1-1-0.dll
0x00000157b8800000 - 0x00000157b8803000 	C:\Users\Windows\Desktop\JavaStuff\javafx-sdk-15\bin\api-ms-win-core-libraryloader-l1-1-0.dll
0x00000157b8810000 - 0x00000157b8813000 	C:\Users\Windows\Desktop\JavaStuff\javafx-sdk-15\bin\api-ms-win-core-localization-l1-2-0.dll
0x00000157b8820000 - 0x00000157b8823000 	C:\Users\Windows\Desktop\JavaStuff\javafx-sdk-15\bin\api-ms-win-core-memory-l1-1-0.dll
0x00000157b8830000 - 0x00000157b8833000 	C:\Users\Windows\Desktop\JavaStuff\javafx-sdk-15\bin\api-ms-win-core-namedpipe-l1-1-0.dll
0x00000157b8840000 - 0x00000157b8843000 	C:\Users\Windows\Desktop\JavaStuff\javafx-sdk-15\bin\api-ms-win-core-processenvironment-l1-1-0.dll
0x00000157b8850000 - 0x00000157b8853000 	C:\Users\Windows\Desktop\JavaStuff\javafx-sdk-15\bin\api-ms-win-core-processthreads-l1-1-0.dll
0x00000157b8860000 - 0x00000157b8863000 	C:\Users\Windows\Desktop\JavaStuff\javafx-sdk-15\bin\api-ms-win-core-processthreads-l1-1-1.dll
0x00000157deb20000 - 0x00000157deb23000 	C:\Users\Windows\Desktop\JavaStuff\javafx-sdk-15\bin\api-ms-win-core-profile-l1-1-0.dll
0x00000157deb30000 - 0x00000157deb33000 	C:\Users\Windows\Desktop\JavaStuff\javafx-sdk-15\bin\api-ms-win-core-rtlsupport-l1-1-0.dll
0x00000157deb40000 - 0x00000157deb43000 	C:\Users\Windows\Desktop\JavaStuff\javafx-sdk-15\bin\api-ms-win-core-string-l1-1-0.dll
0x00000157deb50000 - 0x00000157deb53000 	C:\Users\Windows\Desktop\JavaStuff\javafx-sdk-15\bin\api-ms-win-core-synch-l1-1-0.dll
0x00000157deb60000 - 0x00000157deb63000 	C:\Users\Windows\Desktop\JavaStuff\javafx-sdk-15\bin\api-ms-win-core-synch-l1-2-0.dll
0x00000157deb70000 - 0x00000157deb73000 	C:\Users\Windows\Desktop\JavaStuff\javafx-sdk-15\bin\api-ms-win-core-sysinfo-l1-1-0.dll
0x00000157deb80000 - 0x00000157deb83000 	C:\Users\Windows\Desktop\JavaStuff\javafx-sdk-15\bin\api-ms-win-core-timezone-l1-1-0.dll
0x00000157deb90000 - 0x00000157deb93000 	C:\Users\Windows\Desktop\JavaStuff\javafx-sdk-15\bin\api-ms-win-core-util-l1-1-0.dll
0x00000157deba0000 - 0x00000157deba3000 	C:\Users\Windows\Desktop\JavaStuff\javafx-sdk-15\bin\api-ms-win-crt-conio-l1-1-0.dll
0x00000157def00000 - 0x00000157def04000 	C:\Users\Windows\Desktop\JavaStuff\javafx-sdk-15\bin\api-ms-win-crt-convert-l1-1-0.dll
0x00000157def10000 - 0x00000157def13000 	C:\Users\Windows\Desktop\JavaStuff\javafx-sdk-15\bin\api-ms-win-crt-environment-l1-1-0.dll
0x00000157def20000 - 0x00000157def23000 	C:\Users\Windows\Desktop\JavaStuff\javafx-sdk-15\bin\api-ms-win-crt-filesystem-l1-1-0.dll
0x00000157def30000 - 0x00000157def33000 	C:\Users\Windows\Desktop\JavaStuff\javafx-sdk-15\bin\api-ms-win-crt-heap-l1-1-0.dll
0x00000157def40000 - 0x00000157def43000 	C:\Users\Windows\Desktop\JavaStuff\javafx-sdk-15\bin\api-ms-win-crt-locale-l1-1-0.dll
0x00000157def50000 - 0x00000157def55000 	C:\Users\Windows\Desktop\JavaStuff\javafx-sdk-15\bin\api-ms-win-crt-math-l1-1-0.dll
0x00000157debb0000 - 0x00000157debb5000 	C:\Users\Windows\Desktop\JavaStuff\javafx-sdk-15\bin\api-ms-win-crt-multibyte-l1-1-0.dll
0x00000157debc0000 - 0x00000157debd0000 	C:\Users\Windows\Desktop\JavaStuff\javafx-sdk-15\bin\api-ms-win-crt-private-l1-1-0.dll
0x00000157debd0000 - 0x00000157debd3000 	C:\Users\Windows\Desktop\JavaStuff\javafx-sdk-15\bin\api-ms-win-crt-process-l1-1-0.dll
0x00000157debe0000 - 0x00000157debe4000 	C:\Users\Windows\Desktop\JavaStuff\javafx-sdk-15\bin\api-ms-win-crt-runtime-l1-1-0.dll
0x00000157debf0000 - 0x00000157debf4000 	C:\Users\Windows\Desktop\JavaStuff\javafx-sdk-15\bin\api-ms-win-crt-stdio-l1-1-0.dll
0x00000157dec00000 - 0x00000157dec04000 	C:\Users\Windows\Desktop\JavaStuff\javafx-sdk-15\bin\api-ms-win-crt-string-l1-1-0.dll
0x00000157dec10000 - 0x00000157dec13000 	C:\Users\Windows\Desktop\JavaStuff\javafx-sdk-15\bin\api-ms-win-crt-time-l1-1-0.dll
0x00000157dec20000 - 0x00000157dec23000 	C:\Users\Windows\Desktop\JavaStuff\javafx-sdk-15\bin\api-ms-win-crt-utility-l1-1-0.dll
0x00007ffe47520000 - 0x00007ffe4761c000 	C:\Users\Windows\Desktop\JavaStuff\javafx-sdk-15\bin\ucrtbase.dll
0x00007ffe5cfe0000 - 0x00007ffe5cff5000 	C:\Users\Windows\Desktop\JavaStuff\javafx-sdk-15\bin\vcruntime140.dll
0x00007ffe4b420000 - 0x00007ffe4b42c000 	C:\Windows\System32\vcruntime140_1.dll
0x00007ffe37a00000 - 0x00007ffe37a9b000 	C:\Users\Windows\Desktop\JavaStuff\javafx-sdk-15\bin\msvcp140.dll
0x00007ffe4ce40000 - 0x00007ffe4ce63000 	C:\Users\Windows\Desktop\JavaStuff\javafx-sdk-15\bin\prism_d3d.dll
0x00007ffe5da80000 - 0x00007ffe5dc47000 	C:\Windows\system32\d3d9.dll
0x00007ffe65b50000 - 0x00007ffe65b7d000 	C:\Windows\SYSTEM32\dwmapi.dll
0x00007ffe665b0000 - 0x00007ffe665d0000 	C:\Windows\SYSTEM32\dxcore.dll
0x00007ffe65620000 - 0x00007ffe656b9000 	C:\Windows\system32\uxtheme.dll
0x00007ffe5df80000 - 0x00007ffe5e06f000 	C:\Windows\System32\DriverStore\FileRepository\nvmd.inf_amd64_82063bd87f0dc443\nvldumdx.dll
0x00007ffe69010000 - 0x00007ffe69159000 	C:\Windows\System32\crypt32.dll
0x00007ffe68060000 - 0x00007ffe68072000 	C:\Windows\System32\MSASN1.dll
0x00007ffe68080000 - 0x00007ffe680dc000 	C:\Windows\System32\WINTRUST.DLL
0x00007ffe6a310000 - 0x00007ffe6a32d000 	C:\Windows\System32\imagehlp.dll
0x00007ffe66d10000 - 0x00007ffe66d43000 	C:\Windows\system32\rsaenh.dll
0x00007ffe680e0000 - 0x00007ffe68106000 	C:\Windows\System32\bcrypt.dll
0x00007ffe67370000 - 0x00007ffe6737c000 	C:\Windows\SYSTEM32\CRYPTBASE.dll
0x00007ffe0d260000 - 0x00007ffe0e764000 	C:\Windows\System32\DriverStore\FileRepository\nvmd.inf_amd64_82063bd87f0dc443\nvd3dumx.dll
0x00007ffe0d0a0000 - 0x00007ffe0d260000 	C:\Windows\System32\DriverStore\FileRepository\iigd_dch.inf_amd64_38bfcb542ef4272e\igdumdim64.dll
0x00007ffe54c40000 - 0x00007ffe54d92000 	C:\Windows\System32\DriverStore\FileRepository\iigd_dch.inf_amd64_38bfcb542ef4272e\igdgmm64.dll
0x00007ffe48ff0000 - 0x00007ffe49035000 	C:\Users\Windows\Desktop\JavaStuff\javafx-sdk-15\bin\glass.dll
0x00007ffe691b0000 - 0x00007ffe69280000 	C:\Windows\System32\COMDLG32.dll
0x00007ffe6af60000 - 0x00007ffe6b0b7000 	C:\Windows\System32\ole32.dll
0x00007ffe6ae10000 - 0x00007ffe6aed5000 	C:\Windows\System32\OLEAUT32.dll
0x00007ffe6a9f0000 - 0x00007ffe6ab25000 	C:\Windows\System32\MSCTF.dll
0x00007ffe61840000 - 0x00007ffe6186f000 	C:\Windows\SYSTEM32\cryptnet.dll
0x00007ffe66560000 - 0x00007ffe66582000 	C:\Windows\SYSTEM32\gpapi.dll
0x00007ffe48800000 - 0x00007ffe48814000 	C:\Users\Windows\Desktop\JavaStuff\javafx-sdk-15\bin\javafx_font.dll
0x00007ffe58250000 - 0x00007ffe5854e000 	C:\Windows\SYSTEM32\dwrite.dll
0x00007ffe1bd40000 - 0x00007ffe1bdea000 	C:\Users\Windows\Desktop\JavaStuff\javafx-sdk-15\bin\glib-lite.dll
0x00007ffe1bc50000 - 0x00007ffe1bd32000 	C:\Users\Windows\Desktop\JavaStuff\javafx-sdk-15\bin\gstreamer-lite.dll
0x00007ffe30950000 - 0x00007ffe309e9000 	C:\Windows\SYSTEM32\DSOUND.dll
0x00007ffe47120000 - 0x00007ffe47146000 	C:\Users\Windows\Desktop\JavaStuff\javafx-sdk-15\bin\jfxmedia.dll
0x00007ffe69900000 - 0x00007ffe699a2000 	C:\Windows\System32\clbcatq.dll
0x00007ffe63c60000 - 0x00007ffe63d50000 	C:\Windows\system32\propsys.dll
0x00007ffe379d0000 - 0x00007ffe379f2000 	C:\Users\Windows\Desktop\JavaStuff\javafx-sdk-15\bin\fxplugins.dll
0x00007ffe5f1c0000 - 0x00007ffe5f232000 	C:\Windows\System32\MMDevApi.dll
0x00007ffe67db0000 - 0x00007ffe67dda000 	C:\Windows\System32\DEVOBJ.dll

dbghelp: loaded successfully - version: 4.0.5 - missing functions: none
symbol engine: initialized successfully - sym options: 0x614 - pdb path: .;C:\Program Files\Java\jdk-14\bin;C:\Windows\SYSTEM32;C:\Windows\WinSxS\amd64_microsoft.windows.common-controls_6595b64144ccf1df_6.0.18362.959_none_e6c7bbbf130c62bb;C:\Program Files\Java\jdk-14\bin\server;C:\Program Files\JetBrains\IntelliJ IDEA 2020.1.3\bin;C:\Users\Windows\Desktop\JavaStuff\javafx-sdk-15\bin;C:\Windows\System32\DriverStore\FileRepository\nvmd.inf_amd64_82063bd87f0dc443;C:\Windows\System32\DriverStore\FileRepository\iigd_dch.inf_amd64_38bfcb542ef4272e;C:\Program Files\Common Files\Microsoft Shared\Ink

VM Arguments:
jvm_args: --module-path=C:\Users\Windows\Desktop\JavaStuff\javafx-sdk-15\lib --add-modules=javafx.controls,javafx.fxml,javafx.web,javafx.media --add-exports=javafx.graphics/com.sun.javafx.sg.prism=ALL-UNNAMED --add-modules=javafx.base,javafx.graphics --add-reads=javafx.base=ALL-UNNAMED --add-reads=javafx.graphics=ALL-UNNAMED -javaagent:C:\Program Files\JetBrains\IntelliJ IDEA 2020.1.3\lib\idea_rt.jar=53386:C:\Program Files\JetBrains\IntelliJ IDEA 2020.1.3\bin -Dfile.encoding=UTF-8 
java_command: sample.Main
java_class_path (initial): C:\Users\Windows\IdeaProjects\Chess\out\production\JfxTest;C:\Users\Windows\Desktop\JavaStuff\javafx-sdk-15\lib\src.zip;C:\Users\Windows\Desktop\JavaStuff\javafx-sdk-15\lib\javafx-swt.jar;C:\Users\Windows\Desktop\JavaStuff\javafx-sdk-15\lib\javafx.web.jar;C:\Users\Windows\Desktop\JavaStuff\javafx-sdk-15\lib\javafx.base.jar;C:\Users\Windows\Desktop\JavaStuff\javafx-sdk-15\lib\javafx.fxml.jar;C:\Users\Windows\Desktop\JavaStuff\javafx-sdk-15\lib\javafx.media.jar;C:\Users\Windows\Desktop\JavaStuff\javafx-sdk-15\lib\javafx.swing.jar;C:\Users\Windows\Desktop\JavaStuff\javafx-sdk-15\lib\javafx.controls.jar;C:\Users\Windows\Desktop\JavaStuff\javafx-sdk-15\lib\javafx.graphics.jar
Launcher Type: SUN_STANDARD

[Global flags]
     intx CICompilerCount                          = 4                                         {product} {ergonomic}
     uint ConcGCThreads                            = 2                                         {product} {ergonomic}
     uint G1ConcRefinementThreads                  = 8                                         {product} {ergonomic}
   size_t G1HeapRegionSize                         = 1048576                                   {product} {ergonomic}
    uintx GCDrainStackTargetSize                   = 64                                        {product} {ergonomic}
   size_t InitialHeapSize                          = 268435456                                 {product} {ergonomic}
   size_t MarkStackSize                            = 4194304                                   {product} {ergonomic}
   size_t MaxHeapSize                              = 4267704320                                {product} {ergonomic}
   size_t MaxNewSize                               = 2560622592                                {product} {ergonomic}
   size_t MinHeapDeltaBytes                        = 1048576                                   {product} {ergonomic}
   size_t MinHeapSize                              = 8388608                                   {product} {ergonomic}
    uintx NonNMethodCodeHeapSize                   = 5839372                                {pd product} {ergonomic}
    uintx NonProfiledCodeHeapSize                  = 122909434                              {pd product} {ergonomic}
    uintx ProfiledCodeHeapSize                     = 122909434                              {pd product} {ergonomic}
    uintx ReservedCodeCacheSize                    = 251658240                              {pd product} {ergonomic}
     bool SegmentedCodeCache                       = true                                      {product} {ergonomic}
   size_t SoftMaxHeapSize                          = 4267704320                             {manageable} {ergonomic}
     bool UseCompressedClassPointers               = true                                 {lp64_product} {ergonomic}
     bool UseCompressedOops                        = true                                 {lp64_product} {ergonomic}
     bool UseG1GC                                  = true                                      {product} {ergonomic}
     bool UseLargePagesIndividualAllocation        = false                                  {pd product} {ergonomic}

Logging:
Log output configuration:
 #0: stdout all=warning uptime,level,tags
 #1: stderr all=off uptime,level,tags

Environment Variables:
JAVA_HOME=C:\Program Files\Java\jdk-14.0.1
PATH=C:\Python38\Scripts\;C:\Python38\;C:\Program Files\Java\jdk-14.0.1\bin;C:\ProgramData\chocolatey\bin;C:\Program Files\nodejs\;C:\Program Files\dotnet\;C:\Users\Windows\AppData\Local\Microsoft\WindowsApps;C:\Users\Windows\AppData\Local\atom\bin;C:\Users\Windows\AppData\Local\GitHubDesktop\bin;C:\Program Files\Java\jdk-14.0.1\bin;C:\dev\apache-maven-3.6.3\bin;C:\Users\Windows\AppData\Roaming\npm;C:\Users\Windows\.dotnet\tools
USERNAME=Windows
OS=Windows_NT
PROCESSOR_IDENTIFIER=Intel64 Family 6 Model 94 Stepping 3, GenuineIntel



---------------  S Y S T E M  ---------------

OS: Windows 10 , 64 bit Build 18362 (10.0.18362.959)
OS uptime: 0 days 0:12 hours

CPU:total 8 (initial active 8) (4 cores per cpu, 2 threads per core) family 6 model 94 stepping 3, cmov, cx8, fxsr, mmx, sse, sse2, sse3, ssse3, sse4.1, sse4.2, popcnt, avx, avx2, aes, clmul, erms, rtm, 3dnowpref, lzcnt, ht, tsc, tscinvbit, bmi1, bmi2, adx, fma

Memory: 4k page, system-wide physical 16275M (10387M free)
TotalPageFile size 18707M (AvailPageFile size 10178M)
current process WorkingSet (physical memory assigned to process): 254M, peak: 262M
current process commit charge ("private bytes"): 422M, peak: 429M

vm_info: Java HotSpot(TM) 64-Bit Server VM (14+36-1461) for windows-amd64 JRE (14+36-1461), built on Feb  6 2020 19:08:04 by "mach5one" with MS VC++ 15.9 (VS2017)

END.
